2026-01-25T00:03:38.794Z  INFO 17892 --- [api.giybat.uz] [main] api.giybat.uz.Application                : Starting Application using Java 17.0.11 with PID 17892 (D:\Programs\GIYBAT.UZ\api.giybat.uz\target\classes started by adilo in D:\Programs\GIYBAT.UZ)
2026-01-25T00:03:38.801Z DEBUG 17892 --- [api.giybat.uz] [main] api.giybat.uz.Application                : Running with Spring Boot v3.4.2, Spring v6.2.2
2026-01-25T00:03:38.802Z  INFO 17892 --- [api.giybat.uz] [main] api.giybat.uz.Application                : The following 1 profile is active: "local"
2026-01-25T00:03:39.416Z  INFO 17892 --- [api.giybat.uz] [main] .s.d.r.c.RepositoryConfigurationDelegate : Bootstrapping Spring Data JPA repositories in DEFAULT mode.
2026-01-25T00:03:39.471Z  INFO 17892 --- [api.giybat.uz] [main] .s.d.r.c.RepositoryConfigurationDelegate : Finished Spring Data repository scanning in 40 ms. Found 7 JPA repository interfaces.
2026-01-25T00:03:40.175Z  INFO 17892 --- [api.giybat.uz] [main] o.s.b.w.embedded.tomcat.TomcatWebServer  : Tomcat initialized with port 8080 (http)
2026-01-25T00:03:40.185Z  INFO 17892 --- [api.giybat.uz] [main] o.apache.catalina.core.StandardService   : Starting service [Tomcat]
2026-01-25T00:03:40.185Z  INFO 17892 --- [api.giybat.uz] [main] o.apache.catalina.core.StandardEngine    : Starting Servlet engine: [Apache Tomcat/10.1.34]
2026-01-25T00:03:40.248Z  INFO 17892 --- [api.giybat.uz] [main] o.a.c.c.C.[Tomcat].[localhost].[/]       : Initializing Spring embedded WebApplicationContext
2026-01-25T00:03:40.249Z  INFO 17892 --- [api.giybat.uz] [main] w.s.c.ServletWebServerApplicationContext : Root WebApplicationContext: initialization completed in 1380 ms
2026-01-25T00:03:40.435Z  INFO 17892 --- [api.giybat.uz] [main] com.zaxxer.hikari.HikariDataSource       : HikariPool-1 - Starting...
2026-01-25T00:03:40.588Z  INFO 17892 --- [api.giybat.uz] [main] com.zaxxer.hikari.pool.HikariPool        : HikariPool-1 - Added connection org.postgresql.jdbc.PgConnection@43e3a390
2026-01-25T00:03:40.589Z  INFO 17892 --- [api.giybat.uz] [main] com.zaxxer.hikari.HikariDataSource       : HikariPool-1 - Start completed.
2026-01-25T00:03:40.614Z  INFO 17892 --- [api.giybat.uz] [main] org.flywaydb.core.FlywayExecutor         : Database: jdbc:postgresql://localhost:5432/giybat_db (PostgreSQL 14.20)
2026-01-25T00:03:40.663Z  INFO 17892 --- [api.giybat.uz] [main] o.f.core.internal.command.DbValidate     : Successfully validated 2 migrations (execution time 00:00.027s)
2026-01-25T00:03:40.717Z  INFO 17892 --- [api.giybat.uz] [main] o.f.core.internal.command.DbMigrate      : Current version of schema "public": 2
2026-01-25T00:03:40.721Z  INFO 17892 --- [api.giybat.uz] [main] o.f.core.internal.command.DbMigrate      : Schema "public" is up to date. No migration necessary.
2026-01-25T00:03:40.801Z  INFO 17892 --- [api.giybat.uz] [main] o.hibernate.jpa.internal.util.LogHelper  : HHH000204: Processing PersistenceUnitInfo [name: default]
2026-01-25T00:03:40.875Z  INFO 17892 --- [api.giybat.uz] [main] org.hibernate.Version                    : HHH000412: Hibernate ORM core version 6.6.5.Final
2026-01-25T00:03:40.916Z  INFO 17892 --- [api.giybat.uz] [main] o.h.c.internal.RegionFactoryInitiator    : HHH000026: Second-level cache disabled
2026-01-25T00:03:41.195Z  INFO 17892 --- [api.giybat.uz] [main] o.s.o.j.p.SpringPersistenceUnitInfo      : No LoadTimeWeaver setup: ignoring JPA class transformer
2026-01-25T00:03:41.259Z  WARN 17892 --- [api.giybat.uz] [main] org.hibernate.orm.deprecation            : HHH90000025: PostgreSQLDialect does not need to be specified explicitly using 'hibernate.dialect' (remove the property setting and it will be selected by default)
2026-01-25T00:03:41.274Z  INFO 17892 --- [api.giybat.uz] [main] org.hibernate.orm.connections.pooling    : HHH10001005: Database info:
	Database JDBC URL [Connecting through datasource 'HikariDataSource (HikariPool-1)']
	Database driver: undefined/unknown
	Database version: 14.20
	Autocommit mode: undefined/unknown
	Isolation level: undefined/unknown
	Minimum pool size: undefined/unknown
	Maximum pool size: undefined/unknown
2026-01-25T00:03:42.308Z  INFO 17892 --- [api.giybat.uz] [main] o.h.e.t.j.p.i.JtaPlatformInitiator       : HHH000489: No JTA platform available (set 'hibernate.transaction.jta.platform' to enable JTA platform integration)
2026-01-25T00:03:42.582Z  INFO 17892 --- [api.giybat.uz] [main] j.LocalContainerEntityManagerFactoryBean : Initialized JPA EntityManagerFactory for persistence unit 'default'
2026-01-25T00:03:42.817Z  INFO 17892 --- [api.giybat.uz] [main] o.s.d.j.r.query.QueryEnhancerFactory     : Hibernate is in classpath; If applicable, HQL parser will be used.
2026-01-25T00:03:43.852Z DEBUG 17892 --- [api.giybat.uz] [main] a.g.uz.config.JwtAuthenticationFilter    : Filter 'jwtAuthenticationFilter' configured for use
2026-01-25T00:03:44.187Z  WARN 17892 --- [api.giybat.uz] [main] JpaBaseConfiguration$JpaWebConfiguration : spring.jpa.open-in-view is enabled by default. Therefore, database queries may be performed during view rendering. Explicitly configure spring.jpa.open-in-view to disable this warning
2026-01-25T00:03:44.215Z  INFO 17892 --- [api.giybat.uz] [main] eAuthenticationProviderManagerConfigurer : Global AuthenticationManager configured with AuthenticationProvider bean with name authenticationProvider
2026-01-25T00:03:44.215Z  WARN 17892 --- [api.giybat.uz] [main] r$InitializeUserDetailsManagerConfigurer : Global AuthenticationManager configured with an AuthenticationProvider bean. UserDetailsService beans will not be used by Spring Security for automatically configuring username/password login. Consider removing the AuthenticationProvider bean. Alternatively, consider using the UserDetailsService in a manually instantiated DaoAuthenticationProvider. If the current configuration is intentional, to turn off this warning, increase the logging level of 'org.springframework.security.config.annotation.authentication.configuration.InitializeUserDetailsBeanManagerConfigurer' to ERROR
2026-01-25T00:03:44.937Z  INFO 17892 --- [api.giybat.uz] [main] o.s.b.w.embedded.tomcat.TomcatWebServer  : Tomcat started on port 8080 (http) with context path '/'
2026-01-25T00:03:44.946Z  INFO 17892 --- [api.giybat.uz] [main] api.giybat.uz.Application                : Started Application in 6.617 seconds (process running for 7.226)
2026-01-25T00:03:44.959Z  INFO 17892 --- [api.giybat.uz] [main] org.flywaydb.core.FlywayExecutor         : Database: jdbc:postgresql://localhost:5432/giybat_db (PostgreSQL 14.20)
2026-01-25T00:03:44.965Z  INFO 17892 --- [api.giybat.uz] [main] o.f.core.internal.command.DbValidate     : Successfully validated 2 migrations (execution time 00:00.003s)
2026-01-25T00:03:44.971Z  INFO 17892 --- [api.giybat.uz] [main] o.f.core.internal.command.DbMigrate      : Current version of schema "public": 2
2026-01-25T00:03:44.972Z  INFO 17892 --- [api.giybat.uz] [main] o.f.core.internal.command.DbMigrate      : Schema "public" is up to date. No migration necessary.
2026-01-25T00:03:58.159Z  INFO 17892 --- [api.giybat.uz] [http-nio-8080-exec-1] o.a.c.c.C.[Tomcat].[localhost].[/]       : Initializing Spring DispatcherServlet 'dispatcherServlet'
2026-01-25T00:03:58.159Z  INFO 17892 --- [api.giybat.uz] [http-nio-8080-exec-1] o.s.web.servlet.DispatcherServlet        : Initializing Servlet 'dispatcherServlet'
2026-01-25T00:03:58.159Z  INFO 17892 --- [api.giybat.uz] [http-nio-8080-exec-1] o.s.web.servlet.DispatcherServlet        : Completed initialization in 0 ms
2026-01-25T00:03:58.386Z  INFO 17892 --- [api.giybat.uz] [http-nio-8080-exec-1] a.giybat.uz.controller.PostController    : Delete post by id: b470ad8a-3b13-4a49-a8ca-745fa7edb972
2026-01-25T00:05:19.810Z  INFO 17892 --- [api.giybat.uz] [http-nio-8080-exec-2] a.giybat.uz.controller.PostController    : Delete post by id: c56e2e25-9d27-4109-b83a-c8d6d56aa422
2026-01-25T00:05:36.487Z  INFO 17892 --- [api.giybat.uz] [http-nio-8080-exec-3] a.giybat.uz.controller.PostController    : Delete post by id: c56e2e25-9d27-4109-b83a-c8d6d56aa422
2026-01-25T00:15:08.236Z  INFO 17892 --- [api.giybat.uz] [SpringApplicationShutdownHook] o.s.b.w.e.tomcat.GracefulShutdown        : Commencing graceful shutdown. Waiting for active requests to complete
2026-01-25T00:15:08.299Z  INFO 17892 --- [api.giybat.uz] [tomcat-shutdown] o.s.b.w.e.tomcat.GracefulShutdown        : Graceful shutdown complete
2026-01-25T00:15:08.305Z  INFO 17892 --- [api.giybat.uz] [SpringApplicationShutdownHook] j.LocalContainerEntityManagerFactoryBean : Closing JPA EntityManagerFactory for persistence unit 'default'
2026-01-25T00:15:08.315Z  INFO 17892 --- [api.giybat.uz] [SpringApplicationShutdownHook] com.zaxxer.hikari.HikariDataSource       : HikariPool-1 - Shutdown initiated...
2026-01-25T00:15:08.315Z  INFO 17892 --- [api.giybat.uz] [SpringApplicationShutdownHook] com.zaxxer.hikari.HikariDataSource       : HikariPool-1 - Shutdown completed.
2026-01-25T10:58:39.425Z  INFO 14496 --- [api.giybat.uz] [main] api.giybat.uz.Application                : Starting Application using Java 17.0.11 with PID 14496 (D:\Programs\GIYBAT.UZ\api.giybat.uz\target\classes started by adilo in D:\Programs\GIYBAT.UZ)
2026-01-25T10:58:39.428Z DEBUG 14496 --- [api.giybat.uz] [main] api.giybat.uz.Application                : Running with Spring Boot v3.4.2, Spring v6.2.2
2026-01-25T10:58:39.430Z  INFO 14496 --- [api.giybat.uz] [main] api.giybat.uz.Application                : The following 1 profile is active: "local"
2026-01-25T10:58:40.352Z  INFO 14496 --- [api.giybat.uz] [main] .s.d.r.c.RepositoryConfigurationDelegate : Bootstrapping Spring Data JPA repositories in DEFAULT mode.
2026-01-25T10:58:40.436Z  INFO 14496 --- [api.giybat.uz] [main] .s.d.r.c.RepositoryConfigurationDelegate : Finished Spring Data repository scanning in 71 ms. Found 7 JPA repository interfaces.
2026-01-25T10:58:41.478Z  INFO 14496 --- [api.giybat.uz] [main] o.s.b.w.embedded.tomcat.TomcatWebServer  : Tomcat initialized with port 8080 (http)
2026-01-25T10:58:41.492Z  INFO 14496 --- [api.giybat.uz] [main] o.apache.catalina.core.StandardService   : Starting service [Tomcat]
2026-01-25T10:58:41.493Z  INFO 14496 --- [api.giybat.uz] [main] o.apache.catalina.core.StandardEngine    : Starting Servlet engine: [Apache Tomcat/10.1.34]
2026-01-25T10:58:41.571Z  INFO 14496 --- [api.giybat.uz] [main] o.a.c.c.C.[Tomcat].[localhost].[/]       : Initializing Spring embedded WebApplicationContext
2026-01-25T10:58:41.571Z  INFO 14496 --- [api.giybat.uz] [main] w.s.c.ServletWebServerApplicationContext : Root WebApplicationContext: initialization completed in 2019 ms
2026-01-25T10:58:41.788Z  INFO 14496 --- [api.giybat.uz] [main] com.zaxxer.hikari.HikariDataSource       : HikariPool-1 - Starting...
2026-01-25T10:58:41.993Z  INFO 14496 --- [api.giybat.uz] [main] com.zaxxer.hikari.pool.HikariPool        : HikariPool-1 - Added connection org.postgresql.jdbc.PgConnection@72fb989b
2026-01-25T10:58:41.996Z  INFO 14496 --- [api.giybat.uz] [main] com.zaxxer.hikari.HikariDataSource       : HikariPool-1 - Start completed.
2026-01-25T10:58:42.038Z  INFO 14496 --- [api.giybat.uz] [main] org.flywaydb.core.FlywayExecutor         : Database: jdbc:postgresql://localhost:5432/giybat_db (PostgreSQL 14.20)
2026-01-25T10:58:42.126Z  INFO 14496 --- [api.giybat.uz] [main] o.f.core.internal.command.DbValidate     : Successfully validated 2 migrations (execution time 00:00.047s)
2026-01-25T10:58:42.178Z  INFO 14496 --- [api.giybat.uz] [main] o.f.core.internal.command.DbMigrate      : Current version of schema "public": 2
2026-01-25T10:58:42.185Z  INFO 14496 --- [api.giybat.uz] [main] o.f.core.internal.command.DbMigrate      : Schema "public" is up to date. No migration necessary.
2026-01-25T10:58:42.272Z  INFO 14496 --- [api.giybat.uz] [main] o.hibernate.jpa.internal.util.LogHelper  : HHH000204: Processing PersistenceUnitInfo [name: default]
2026-01-25T10:58:42.339Z  INFO 14496 --- [api.giybat.uz] [main] org.hibernate.Version                    : HHH000412: Hibernate ORM core version 6.6.5.Final
2026-01-25T10:58:42.377Z  INFO 14496 --- [api.giybat.uz] [main] o.h.c.internal.RegionFactoryInitiator    : HHH000026: Second-level cache disabled
2026-01-25T10:58:42.671Z  INFO 14496 --- [api.giybat.uz] [main] o.s.o.j.p.SpringPersistenceUnitInfo      : No LoadTimeWeaver setup: ignoring JPA class transformer
2026-01-25T10:58:42.739Z  WARN 14496 --- [api.giybat.uz] [main] org.hibernate.orm.deprecation            : HHH90000025: PostgreSQLDialect does not need to be specified explicitly using 'hibernate.dialect' (remove the property setting and it will be selected by default)
2026-01-25T10:58:42.754Z  INFO 14496 --- [api.giybat.uz] [main] org.hibernate.orm.connections.pooling    : HHH10001005: Database info:
	Database JDBC URL [Connecting through datasource 'HikariDataSource (HikariPool-1)']
	Database driver: undefined/unknown
	Database version: 14.20
	Autocommit mode: undefined/unknown
	Isolation level: undefined/unknown
	Minimum pool size: undefined/unknown
	Maximum pool size: undefined/unknown
2026-01-25T10:58:43.769Z  INFO 14496 --- [api.giybat.uz] [main] o.h.e.t.j.p.i.JtaPlatformInitiator       : HHH000489: No JTA platform available (set 'hibernate.transaction.jta.platform' to enable JTA platform integration)
2026-01-25T10:58:44.035Z  INFO 14496 --- [api.giybat.uz] [main] j.LocalContainerEntityManagerFactoryBean : Initialized JPA EntityManagerFactory for persistence unit 'default'
2026-01-25T10:58:44.252Z  INFO 14496 --- [api.giybat.uz] [main] o.s.d.j.r.query.QueryEnhancerFactory     : Hibernate is in classpath; If applicable, HQL parser will be used.
2026-01-25T10:58:45.410Z DEBUG 14496 --- [api.giybat.uz] [main] a.g.uz.config.JwtAuthenticationFilter    : Filter 'jwtAuthenticationFilter' configured for use
2026-01-25T10:58:45.738Z  WARN 14496 --- [api.giybat.uz] [main] JpaBaseConfiguration$JpaWebConfiguration : spring.jpa.open-in-view is enabled by default. Therefore, database queries may be performed during view rendering. Explicitly configure spring.jpa.open-in-view to disable this warning
2026-01-25T10:58:45.779Z  INFO 14496 --- [api.giybat.uz] [main] eAuthenticationProviderManagerConfigurer : Global AuthenticationManager configured with AuthenticationProvider bean with name authenticationProvider
2026-01-25T10:58:45.779Z  WARN 14496 --- [api.giybat.uz] [main] r$InitializeUserDetailsManagerConfigurer : Global AuthenticationManager configured with an AuthenticationProvider bean. UserDetailsService beans will not be used by Spring Security for automatically configuring username/password login. Consider removing the AuthenticationProvider bean. Alternatively, consider using the UserDetailsService in a manually instantiated DaoAuthenticationProvider. If the current configuration is intentional, to turn off this warning, increase the logging level of 'org.springframework.security.config.annotation.authentication.configuration.InitializeUserDetailsBeanManagerConfigurer' to ERROR
2026-01-25T10:58:46.513Z  INFO 14496 --- [api.giybat.uz] [main] o.s.b.w.embedded.tomcat.TomcatWebServer  : Tomcat started on port 8080 (http) with context path '/'
2026-01-25T10:58:46.523Z  INFO 14496 --- [api.giybat.uz] [main] api.giybat.uz.Application                : Started Application in 8.763 seconds (process running for 9.865)
2026-01-25T10:58:46.540Z  INFO 14496 --- [api.giybat.uz] [main] org.flywaydb.core.FlywayExecutor         : Database: jdbc:postgresql://localhost:5432/giybat_db (PostgreSQL 14.20)
2026-01-25T10:58:46.547Z  INFO 14496 --- [api.giybat.uz] [main] o.f.core.internal.command.DbValidate     : Successfully validated 2 migrations (execution time 00:00.003s)
2026-01-25T10:58:46.554Z  INFO 14496 --- [api.giybat.uz] [main] o.f.core.internal.command.DbMigrate      : Current version of schema "public": 2
2026-01-25T10:58:46.554Z  INFO 14496 --- [api.giybat.uz] [main] o.f.core.internal.command.DbMigrate      : Schema "public" is up to date. No migration necessary.
2026-01-25T11:06:11.918Z  INFO 14496 --- [api.giybat.uz] [SpringApplicationShutdownHook] o.s.b.w.e.tomcat.GracefulShutdown        : Commencing graceful shutdown. Waiting for active requests to complete
2026-01-25T11:06:11.985Z  INFO 14496 --- [api.giybat.uz] [tomcat-shutdown] o.s.b.w.e.tomcat.GracefulShutdown        : Graceful shutdown complete
2026-01-25T11:06:11.999Z  INFO 14496 --- [api.giybat.uz] [SpringApplicationShutdownHook] j.LocalContainerEntityManagerFactoryBean : Closing JPA EntityManagerFactory for persistence unit 'default'
2026-01-25T11:06:12.008Z  INFO 14496 --- [api.giybat.uz] [SpringApplicationShutdownHook] com.zaxxer.hikari.HikariDataSource       : HikariPool-1 - Shutdown initiated...
2026-01-25T11:06:12.016Z  INFO 14496 --- [api.giybat.uz] [SpringApplicationShutdownHook] com.zaxxer.hikari.HikariDataSource       : HikariPool-1 - Shutdown completed.
2026-01-25T11:06:17.282Z  INFO 13564 --- [api.giybat.uz] [main] api.giybat.uz.Application                : Starting Application using Java 17.0.11 with PID 13564 (D:\Programs\GIYBAT.UZ\api.giybat.uz\target\classes started by adilo in D:\Programs\GIYBAT.UZ)
2026-01-25T11:06:17.284Z DEBUG 13564 --- [api.giybat.uz] [main] api.giybat.uz.Application                : Running with Spring Boot v3.4.2, Spring v6.2.2
2026-01-25T11:06:17.286Z  INFO 13564 --- [api.giybat.uz] [main] api.giybat.uz.Application                : The following 1 profile is active: "local"
2026-01-25T11:06:18.014Z  INFO 13564 --- [api.giybat.uz] [main] .s.d.r.c.RepositoryConfigurationDelegate : Bootstrapping Spring Data JPA repositories in DEFAULT mode.
2026-01-25T11:06:18.146Z  INFO 13564 --- [api.giybat.uz] [main] .s.d.r.c.RepositoryConfigurationDelegate : Finished Spring Data repository scanning in 91 ms. Found 7 JPA repository interfaces.
2026-01-25T11:06:19.175Z  INFO 13564 --- [api.giybat.uz] [main] o.s.b.w.embedded.tomcat.TomcatWebServer  : Tomcat initialized with port 8080 (http)
2026-01-25T11:06:19.189Z  INFO 13564 --- [api.giybat.uz] [main] o.apache.catalina.core.StandardService   : Starting service [Tomcat]
2026-01-25T11:06:19.189Z  INFO 13564 --- [api.giybat.uz] [main] o.apache.catalina.core.StandardEngine    : Starting Servlet engine: [Apache Tomcat/10.1.34]
2026-01-25T11:06:19.267Z  INFO 13564 --- [api.giybat.uz] [main] o.a.c.c.C.[Tomcat].[localhost].[/]       : Initializing Spring embedded WebApplicationContext
2026-01-25T11:06:19.267Z  INFO 13564 --- [api.giybat.uz] [main] w.s.c.ServletWebServerApplicationContext : Root WebApplicationContext: initialization completed in 1930 ms
2026-01-25T11:06:19.475Z  INFO 13564 --- [api.giybat.uz] [main] com.zaxxer.hikari.HikariDataSource       : HikariPool-1 - Starting...
2026-01-25T11:06:19.626Z  INFO 13564 --- [api.giybat.uz] [main] com.zaxxer.hikari.pool.HikariPool        : HikariPool-1 - Added connection org.postgresql.jdbc.PgConnection@7cd3e0da
2026-01-25T11:06:19.628Z  INFO 13564 --- [api.giybat.uz] [main] com.zaxxer.hikari.HikariDataSource       : HikariPool-1 - Start completed.
2026-01-25T11:06:19.653Z  INFO 13564 --- [api.giybat.uz] [main] org.flywaydb.core.FlywayExecutor         : Database: jdbc:postgresql://localhost:5432/giybat_db (PostgreSQL 14.20)
2026-01-25T11:06:19.715Z  INFO 13564 --- [api.giybat.uz] [main] o.f.core.internal.command.DbValidate     : Successfully validated 2 migrations (execution time 00:00.041s)
2026-01-25T11:06:19.776Z  INFO 13564 --- [api.giybat.uz] [main] o.f.core.internal.command.DbMigrate      : Current version of schema "public": 2
2026-01-25T11:06:19.781Z  INFO 13564 --- [api.giybat.uz] [main] o.f.core.internal.command.DbMigrate      : Schema "public" is up to date. No migration necessary.
2026-01-25T11:06:19.862Z  INFO 13564 --- [api.giybat.uz] [main] o.hibernate.jpa.internal.util.LogHelper  : HHH000204: Processing PersistenceUnitInfo [name: default]
2026-01-25T11:06:19.924Z  INFO 13564 --- [api.giybat.uz] [main] org.hibernate.Version                    : HHH000412: Hibernate ORM core version 6.6.5.Final
2026-01-25T11:06:19.969Z  INFO 13564 --- [api.giybat.uz] [main] o.h.c.internal.RegionFactoryInitiator    : HHH000026: Second-level cache disabled
2026-01-25T11:06:20.266Z  INFO 13564 --- [api.giybat.uz] [main] o.s.o.j.p.SpringPersistenceUnitInfo      : No LoadTimeWeaver setup: ignoring JPA class transformer
2026-01-25T11:06:20.339Z  WARN 13564 --- [api.giybat.uz] [main] org.hibernate.orm.deprecation            : HHH90000025: PostgreSQLDialect does not need to be specified explicitly using 'hibernate.dialect' (remove the property setting and it will be selected by default)
2026-01-25T11:06:20.353Z  INFO 13564 --- [api.giybat.uz] [main] org.hibernate.orm.connections.pooling    : HHH10001005: Database info:
	Database JDBC URL [Connecting through datasource 'HikariDataSource (HikariPool-1)']
	Database driver: undefined/unknown
	Database version: 14.20
	Autocommit mode: undefined/unknown
	Isolation level: undefined/unknown
	Minimum pool size: undefined/unknown
	Maximum pool size: undefined/unknown
2026-01-25T11:06:21.309Z  INFO 13564 --- [api.giybat.uz] [main] o.h.e.t.j.p.i.JtaPlatformInitiator       : HHH000489: No JTA platform available (set 'hibernate.transaction.jta.platform' to enable JTA platform integration)
2026-01-25T11:06:21.576Z  INFO 13564 --- [api.giybat.uz] [main] j.LocalContainerEntityManagerFactoryBean : Initialized JPA EntityManagerFactory for persistence unit 'default'
2026-01-25T11:06:21.805Z  INFO 13564 --- [api.giybat.uz] [main] o.s.d.j.r.query.QueryEnhancerFactory     : Hibernate is in classpath; If applicable, HQL parser will be used.
2026-01-25T11:06:22.914Z DEBUG 13564 --- [api.giybat.uz] [main] a.g.uz.config.JwtAuthenticationFilter    : Filter 'jwtAuthenticationFilter' configured for use
2026-01-25T11:06:23.335Z  WARN 13564 --- [api.giybat.uz] [main] JpaBaseConfiguration$JpaWebConfiguration : spring.jpa.open-in-view is enabled by default. Therefore, database queries may be performed during view rendering. Explicitly configure spring.jpa.open-in-view to disable this warning
2026-01-25T11:06:23.385Z  INFO 13564 --- [api.giybat.uz] [main] eAuthenticationProviderManagerConfigurer : Global AuthenticationManager configured with AuthenticationProvider bean with name authenticationProvider
2026-01-25T11:06:23.385Z  WARN 13564 --- [api.giybat.uz] [main] r$InitializeUserDetailsManagerConfigurer : Global AuthenticationManager configured with an AuthenticationProvider bean. UserDetailsService beans will not be used by Spring Security for automatically configuring username/password login. Consider removing the AuthenticationProvider bean. Alternatively, consider using the UserDetailsService in a manually instantiated DaoAuthenticationProvider. If the current configuration is intentional, to turn off this warning, increase the logging level of 'org.springframework.security.config.annotation.authentication.configuration.InitializeUserDetailsBeanManagerConfigurer' to ERROR
2026-01-25T11:06:24.309Z  INFO 13564 --- [api.giybat.uz] [main] o.s.b.w.embedded.tomcat.TomcatWebServer  : Tomcat started on port 8080 (http) with context path '/'
2026-01-25T11:06:24.335Z  INFO 13564 --- [api.giybat.uz] [main] api.giybat.uz.Application                : Started Application in 7.483 seconds (process running for 8.068)
2026-01-25T11:06:24.370Z  INFO 13564 --- [api.giybat.uz] [main] org.flywaydb.core.FlywayExecutor         : Database: jdbc:postgresql://localhost:5432/giybat_db (PostgreSQL 14.20)
2026-01-25T11:06:24.388Z  INFO 13564 --- [api.giybat.uz] [main] o.f.core.internal.command.DbValidate     : Successfully validated 2 migrations (execution time 00:00.008s)
2026-01-25T11:06:24.401Z  INFO 13564 --- [api.giybat.uz] [main] o.f.core.internal.command.DbMigrate      : Current version of schema "public": 2
2026-01-25T11:06:24.401Z  INFO 13564 --- [api.giybat.uz] [main] o.f.core.internal.command.DbMigrate      : Schema "public" is up to date. No migration necessary.
2026-01-25T11:06:29.165Z  INFO 13564 --- [api.giybat.uz] [http-nio-8080-exec-2] o.a.c.c.C.[Tomcat].[localhost].[/]       : Initializing Spring DispatcherServlet 'dispatcherServlet'
2026-01-25T11:06:29.166Z  INFO 13564 --- [api.giybat.uz] [http-nio-8080-exec-2] o.s.web.servlet.DispatcherServlet        : Initializing Servlet 'dispatcherServlet'
2026-01-25T11:06:29.168Z  INFO 13564 --- [api.giybat.uz] [http-nio-8080-exec-2] o.s.web.servlet.DispatcherServlet        : Completed initialization in 2 ms
2026-01-25T11:06:29.482Z  INFO 13564 --- [api.giybat.uz] [http-nio-8080-exec-2] a.giybat.uz.controller.PostController    : Delete post by id: c56e2e25-9d27-4109-b83a-c8d6d56aa422
2026-01-25T11:06:29.482Z  INFO 13564 --- [api.giybat.uz] [http-nio-8080-exec-1] a.giybat.uz.controller.PostController    : Delete post by id: c56e2e25-9d27-4109-b83a-c8d6d56aa422
2026-01-25T11:06:39.698Z  INFO 13564 --- [api.giybat.uz] [http-nio-8080-exec-4] a.giybat.uz.controller.PostController    : Delete post by id: c56e2e25-9d27-4109-b83a-c8d6d56aa422
2026-01-25T11:07:18.160Z  INFO 13564 --- [api.giybat.uz] [http-nio-8080-exec-3] a.giybat.uz.controller.PostController    : Filter posts: 
2026-01-25T11:07:18.183Z  WARN 13564 --- [api.giybat.uz] [http-nio-8080-exec-3] ration$PageModule$WarningLoggingModifier : Serializing PageImpl instances as-is is not supported, meaning that there is no guarantee about the stability of the resulting JSON structure!
	For a stable JSON structure, please use Spring Data's PagedModel (globally via @EnableSpringDataWebSupport(pageSerializationMode = VIA_DTO))
	or Spring HATEOAS and Spring Data's PagedResourcesAssembler as documented in https://docs.spring.io/spring-data/commons/reference/repositories/core-extensions.html#core.web.pageables.

2026-01-25T11:07:28.012Z  INFO 13564 --- [api.giybat.uz] [http-nio-8080-exec-5] a.giybat.uz.controller.PostController    : Filter posts: 
2026-01-25T11:07:37.774Z  INFO 13564 --- [api.giybat.uz] [http-nio-8080-exec-8] a.giybat.uz.controller.PostController    : Filter posts: 
2026-01-25T11:08:46.515Z  INFO 13564 --- [api.giybat.uz] [http-nio-8080-exec-4] a.giybat.uz.controller.PostController    : Filter posts: 
2026-01-25T11:08:55.872Z  INFO 13564 --- [api.giybat.uz] [http-nio-8080-exec-3] a.giybat.uz.controller.PostController    : Filter posts: 
2026-01-25T11:11:09.522Z  INFO 13564 --- [api.giybat.uz] [http-nio-8080-exec-10] a.giybat.uz.controller.AuthController    : Login: username: muzaffarmike2@gmail.com
2026-01-25T11:20:43.297Z  INFO 13564 --- [api.giybat.uz] [SpringApplicationShutdownHook] o.s.b.w.e.tomcat.GracefulShutdown        : Commencing graceful shutdown. Waiting for active requests to complete
2026-01-25T11:20:43.414Z  INFO 13564 --- [api.giybat.uz] [tomcat-shutdown] o.s.b.w.e.tomcat.GracefulShutdown        : Graceful shutdown complete
2026-01-25T11:20:43.439Z  INFO 13564 --- [api.giybat.uz] [SpringApplicationShutdownHook] j.LocalContainerEntityManagerFactoryBean : Closing JPA EntityManagerFactory for persistence unit 'default'
2026-01-25T11:20:43.472Z  INFO 13564 --- [api.giybat.uz] [SpringApplicationShutdownHook] com.zaxxer.hikari.HikariDataSource       : HikariPool-1 - Shutdown initiated...
2026-01-25T11:20:43.536Z  INFO 13564 --- [api.giybat.uz] [SpringApplicationShutdownHook] com.zaxxer.hikari.HikariDataSource       : HikariPool-1 - Shutdown completed.
2026-01-25T11:20:48.828Z  INFO 9772 --- [api.giybat.uz] [main] api.giybat.uz.Application                : Starting Application using Java 17.0.11 with PID 9772 (D:\Programs\GIYBAT.UZ\api.giybat.uz\target\classes started by adilo in D:\Programs\GIYBAT.UZ)
2026-01-25T11:20:48.832Z DEBUG 9772 --- [api.giybat.uz] [main] api.giybat.uz.Application                : Running with Spring Boot v3.4.2, Spring v6.2.2
2026-01-25T11:20:48.833Z  INFO 9772 --- [api.giybat.uz] [main] api.giybat.uz.Application                : The following 1 profile is active: "local"
2026-01-25T11:20:49.492Z  INFO 9772 --- [api.giybat.uz] [main] .s.d.r.c.RepositoryConfigurationDelegate : Bootstrapping Spring Data JPA repositories in DEFAULT mode.
2026-01-25T11:20:49.560Z  INFO 9772 --- [api.giybat.uz] [main] .s.d.r.c.RepositoryConfigurationDelegate : Finished Spring Data repository scanning in 52 ms. Found 7 JPA repository interfaces.
2026-01-25T11:20:50.368Z  INFO 9772 --- [api.giybat.uz] [main] o.s.b.w.embedded.tomcat.TomcatWebServer  : Tomcat initialized with port 8080 (http)
2026-01-25T11:20:50.378Z  INFO 9772 --- [api.giybat.uz] [main] o.apache.catalina.core.StandardService   : Starting service [Tomcat]
2026-01-25T11:20:50.379Z  INFO 9772 --- [api.giybat.uz] [main] o.apache.catalina.core.StandardEngine    : Starting Servlet engine: [Apache Tomcat/10.1.34]
2026-01-25T11:20:50.435Z  INFO 9772 --- [api.giybat.uz] [main] o.a.c.c.C.[Tomcat].[localhost].[/]       : Initializing Spring embedded WebApplicationContext
2026-01-25T11:20:50.435Z  INFO 9772 --- [api.giybat.uz] [main] w.s.c.ServletWebServerApplicationContext : Root WebApplicationContext: initialization completed in 1542 ms
2026-01-25T11:20:50.671Z  INFO 9772 --- [api.giybat.uz] [main] com.zaxxer.hikari.HikariDataSource       : HikariPool-1 - Starting...
2026-01-25T11:20:50.866Z  INFO 9772 --- [api.giybat.uz] [main] com.zaxxer.hikari.pool.HikariPool        : HikariPool-1 - Added connection org.postgresql.jdbc.PgConnection@6a6da47a
2026-01-25T11:20:50.868Z  INFO 9772 --- [api.giybat.uz] [main] com.zaxxer.hikari.HikariDataSource       : HikariPool-1 - Start completed.
2026-01-25T11:20:50.898Z  INFO 9772 --- [api.giybat.uz] [main] org.flywaydb.core.FlywayExecutor         : Database: jdbc:postgresql://localhost:5432/giybat_db (PostgreSQL 14.20)
2026-01-25T11:20:50.949Z  INFO 9772 --- [api.giybat.uz] [main] o.f.core.internal.command.DbValidate     : Successfully validated 2 migrations (execution time 00:00.029s)
2026-01-25T11:20:51.008Z  INFO 9772 --- [api.giybat.uz] [main] o.f.core.internal.command.DbMigrate      : Current version of schema "public": 2
2026-01-25T11:20:51.018Z  INFO 9772 --- [api.giybat.uz] [main] o.f.core.internal.command.DbMigrate      : Schema "public" is up to date. No migration necessary.
2026-01-25T11:20:51.108Z  INFO 9772 --- [api.giybat.uz] [main] o.hibernate.jpa.internal.util.LogHelper  : HHH000204: Processing PersistenceUnitInfo [name: default]
2026-01-25T11:20:51.227Z  INFO 9772 --- [api.giybat.uz] [main] org.hibernate.Version                    : HHH000412: Hibernate ORM core version 6.6.5.Final
2026-01-25T11:20:51.272Z  INFO 9772 --- [api.giybat.uz] [main] o.h.c.internal.RegionFactoryInitiator    : HHH000026: Second-level cache disabled
2026-01-25T11:20:51.685Z  INFO 9772 --- [api.giybat.uz] [main] o.s.o.j.p.SpringPersistenceUnitInfo      : No LoadTimeWeaver setup: ignoring JPA class transformer
2026-01-25T11:20:51.795Z  WARN 9772 --- [api.giybat.uz] [main] org.hibernate.orm.deprecation            : HHH90000025: PostgreSQLDialect does not need to be specified explicitly using 'hibernate.dialect' (remove the property setting and it will be selected by default)
2026-01-25T11:20:51.814Z  INFO 9772 --- [api.giybat.uz] [main] org.hibernate.orm.connections.pooling    : HHH10001005: Database info:
	Database JDBC URL [Connecting through datasource 'HikariDataSource (HikariPool-1)']
	Database driver: undefined/unknown
	Database version: 14.20
	Autocommit mode: undefined/unknown
	Isolation level: undefined/unknown
	Minimum pool size: undefined/unknown
	Maximum pool size: undefined/unknown
2026-01-25T11:20:52.974Z  INFO 9772 --- [api.giybat.uz] [main] o.h.e.t.j.p.i.JtaPlatformInitiator       : HHH000489: No JTA platform available (set 'hibernate.transaction.jta.platform' to enable JTA platform integration)
2026-01-25T11:20:53.295Z  INFO 9772 --- [api.giybat.uz] [main] j.LocalContainerEntityManagerFactoryBean : Initialized JPA EntityManagerFactory for persistence unit 'default'
2026-01-25T11:20:53.595Z  INFO 9772 --- [api.giybat.uz] [main] o.s.d.j.r.query.QueryEnhancerFactory     : Hibernate is in classpath; If applicable, HQL parser will be used.
2026-01-25T11:20:54.748Z DEBUG 9772 --- [api.giybat.uz] [main] a.g.uz.config.JwtAuthenticationFilter    : Filter 'jwtAuthenticationFilter' configured for use
2026-01-25T11:20:55.196Z  WARN 9772 --- [api.giybat.uz] [main] JpaBaseConfiguration$JpaWebConfiguration : spring.jpa.open-in-view is enabled by default. Therefore, database queries may be performed during view rendering. Explicitly configure spring.jpa.open-in-view to disable this warning
2026-01-25T11:20:55.239Z  INFO 9772 --- [api.giybat.uz] [main] eAuthenticationProviderManagerConfigurer : Global AuthenticationManager configured with AuthenticationProvider bean with name authenticationProvider
2026-01-25T11:20:55.240Z  WARN 9772 --- [api.giybat.uz] [main] r$InitializeUserDetailsManagerConfigurer : Global AuthenticationManager configured with an AuthenticationProvider bean. UserDetailsService beans will not be used by Spring Security for automatically configuring username/password login. Consider removing the AuthenticationProvider bean. Alternatively, consider using the UserDetailsService in a manually instantiated DaoAuthenticationProvider. If the current configuration is intentional, to turn off this warning, increase the logging level of 'org.springframework.security.config.annotation.authentication.configuration.InitializeUserDetailsBeanManagerConfigurer' to ERROR
2026-01-25T11:20:56.059Z  INFO 9772 --- [api.giybat.uz] [main] o.s.b.w.embedded.tomcat.TomcatWebServer  : Tomcat started on port 8080 (http) with context path '/'
2026-01-25T11:20:56.069Z  INFO 9772 --- [api.giybat.uz] [main] api.giybat.uz.Application                : Started Application in 7.729 seconds (process running for 8.4)
2026-01-25T11:20:56.085Z  INFO 9772 --- [api.giybat.uz] [main] org.flywaydb.core.FlywayExecutor         : Database: jdbc:postgresql://localhost:5432/giybat_db (PostgreSQL 14.20)
2026-01-25T11:20:56.093Z  INFO 9772 --- [api.giybat.uz] [main] o.f.core.internal.command.DbValidate     : Successfully validated 2 migrations (execution time 00:00.003s)
2026-01-25T11:20:56.098Z  INFO 9772 --- [api.giybat.uz] [main] o.f.core.internal.command.DbMigrate      : Current version of schema "public": 2
2026-01-25T11:20:56.100Z  INFO 9772 --- [api.giybat.uz] [main] o.f.core.internal.command.DbMigrate      : Schema "public" is up to date. No migration necessary.
2026-01-25T11:21:10.981Z  INFO 9772 --- [api.giybat.uz] [http-nio-8080-exec-2] o.a.c.c.C.[Tomcat].[localhost].[/]       : Initializing Spring DispatcherServlet 'dispatcherServlet'
2026-01-25T11:21:10.981Z  INFO 9772 --- [api.giybat.uz] [http-nio-8080-exec-2] o.s.web.servlet.DispatcherServlet        : Initializing Servlet 'dispatcherServlet'
2026-01-25T11:21:10.983Z  INFO 9772 --- [api.giybat.uz] [http-nio-8080-exec-2] o.s.web.servlet.DispatcherServlet        : Completed initialization in 2 ms
2026-01-25T11:27:00.466Z  INFO 9772 --- [api.giybat.uz] [http-nio-8080-exec-8] a.giybat.uz.controller.AuthController    : Login: username: ortiqovmuzaffar171@gmail.com
2026-01-25T11:27:00.577Z  INFO 9772 --- [api.giybat.uz] [http-nio-8080-exec-8] api.giybat.uz.service.AuthService        : Login failed username: ortiqovmuzaffar171@gmail.com
2026-01-25T11:27:06.471Z  INFO 9772 --- [api.giybat.uz] [http-nio-8080-exec-10] a.giybat.uz.controller.AuthController    : Login: username: ortiqovmuzaffar171@gmail.com
2026-01-25T11:30:58.692Z  INFO 9772 --- [api.giybat.uz] [SpringApplicationShutdownHook] o.s.b.w.e.tomcat.GracefulShutdown        : Commencing graceful shutdown. Waiting for active requests to complete
2026-01-25T11:30:58.749Z  INFO 9772 --- [api.giybat.uz] [tomcat-shutdown] o.s.b.w.e.tomcat.GracefulShutdown        : Graceful shutdown complete
2026-01-25T11:30:58.764Z  INFO 9772 --- [api.giybat.uz] [SpringApplicationShutdownHook] j.LocalContainerEntityManagerFactoryBean : Closing JPA EntityManagerFactory for persistence unit 'default'
2026-01-25T11:30:58.771Z  INFO 9772 --- [api.giybat.uz] [SpringApplicationShutdownHook] com.zaxxer.hikari.HikariDataSource       : HikariPool-1 - Shutdown initiated...
2026-01-25T11:30:58.782Z  INFO 9772 --- [api.giybat.uz] [SpringApplicationShutdownHook] com.zaxxer.hikari.HikariDataSource       : HikariPool-1 - Shutdown completed.
2026-01-25T11:31:03.483Z  INFO 21492 --- [api.giybat.uz] [main] api.giybat.uz.Application                : Starting Application using Java 17.0.11 with PID 21492 (D:\Programs\GIYBAT.UZ\api.giybat.uz\target\classes started by adilo in D:\Programs\GIYBAT.UZ)
2026-01-25T11:31:03.487Z DEBUG 21492 --- [api.giybat.uz] [main] api.giybat.uz.Application                : Running with Spring Boot v3.4.2, Spring v6.2.2
2026-01-25T11:31:03.487Z  INFO 21492 --- [api.giybat.uz] [main] api.giybat.uz.Application                : The following 1 profile is active: "local"
2026-01-25T11:31:04.102Z  INFO 21492 --- [api.giybat.uz] [main] .s.d.r.c.RepositoryConfigurationDelegate : Bootstrapping Spring Data JPA repositories in DEFAULT mode.
2026-01-25T11:31:04.155Z  INFO 21492 --- [api.giybat.uz] [main] .s.d.r.c.RepositoryConfigurationDelegate : Finished Spring Data repository scanning in 39 ms. Found 7 JPA repository interfaces.
2026-01-25T11:31:04.923Z  INFO 21492 --- [api.giybat.uz] [main] o.s.b.w.embedded.tomcat.TomcatWebServer  : Tomcat initialized with port 8080 (http)
2026-01-25T11:31:04.934Z  INFO 21492 --- [api.giybat.uz] [main] o.apache.catalina.core.StandardService   : Starting service [Tomcat]
2026-01-25T11:31:04.935Z  INFO 21492 --- [api.giybat.uz] [main] o.apache.catalina.core.StandardEngine    : Starting Servlet engine: [Apache Tomcat/10.1.34]
2026-01-25T11:31:04.996Z  INFO 21492 --- [api.giybat.uz] [main] o.a.c.c.C.[Tomcat].[localhost].[/]       : Initializing Spring embedded WebApplicationContext
2026-01-25T11:31:04.997Z  INFO 21492 --- [api.giybat.uz] [main] w.s.c.ServletWebServerApplicationContext : Root WebApplicationContext: initialization completed in 1461 ms
2026-01-25T11:31:05.200Z  INFO 21492 --- [api.giybat.uz] [main] com.zaxxer.hikari.HikariDataSource       : HikariPool-1 - Starting...
2026-01-25T11:31:05.383Z  INFO 21492 --- [api.giybat.uz] [main] com.zaxxer.hikari.pool.HikariPool        : HikariPool-1 - Added connection org.postgresql.jdbc.PgConnection@7f642bf
2026-01-25T11:31:05.384Z  INFO 21492 --- [api.giybat.uz] [main] com.zaxxer.hikari.HikariDataSource       : HikariPool-1 - Start completed.
2026-01-25T11:31:05.413Z  INFO 21492 --- [api.giybat.uz] [main] org.flywaydb.core.FlywayExecutor         : Database: jdbc:postgresql://localhost:5432/giybat_db (PostgreSQL 14.20)
2026-01-25T11:31:05.465Z  INFO 21492 --- [api.giybat.uz] [main] o.f.core.internal.command.DbValidate     : Successfully validated 2 migrations (execution time 00:00.025s)
2026-01-25T11:31:05.524Z  INFO 21492 --- [api.giybat.uz] [main] o.f.core.internal.command.DbMigrate      : Current version of schema "public": 2
2026-01-25T11:31:05.529Z  INFO 21492 --- [api.giybat.uz] [main] o.f.core.internal.command.DbMigrate      : Schema "public" is up to date. No migration necessary.
2026-01-25T11:31:05.606Z  INFO 21492 --- [api.giybat.uz] [main] o.hibernate.jpa.internal.util.LogHelper  : HHH000204: Processing PersistenceUnitInfo [name: default]
2026-01-25T11:31:05.691Z  INFO 21492 --- [api.giybat.uz] [main] org.hibernate.Version                    : HHH000412: Hibernate ORM core version 6.6.5.Final
2026-01-25T11:31:05.728Z  INFO 21492 --- [api.giybat.uz] [main] o.h.c.internal.RegionFactoryInitiator    : HHH000026: Second-level cache disabled
2026-01-25T11:31:05.993Z  INFO 21492 --- [api.giybat.uz] [main] o.s.o.j.p.SpringPersistenceUnitInfo      : No LoadTimeWeaver setup: ignoring JPA class transformer
2026-01-25T11:31:06.066Z  WARN 21492 --- [api.giybat.uz] [main] org.hibernate.orm.deprecation            : HHH90000025: PostgreSQLDialect does not need to be specified explicitly using 'hibernate.dialect' (remove the property setting and it will be selected by default)
2026-01-25T11:31:06.084Z  INFO 21492 --- [api.giybat.uz] [main] org.hibernate.orm.connections.pooling    : HHH10001005: Database info:
	Database JDBC URL [Connecting through datasource 'HikariDataSource (HikariPool-1)']
	Database driver: undefined/unknown
	Database version: 14.20
	Autocommit mode: undefined/unknown
	Isolation level: undefined/unknown
	Minimum pool size: undefined/unknown
	Maximum pool size: undefined/unknown
2026-01-25T11:31:07.108Z  INFO 21492 --- [api.giybat.uz] [main] o.h.e.t.j.p.i.JtaPlatformInitiator       : HHH000489: No JTA platform available (set 'hibernate.transaction.jta.platform' to enable JTA platform integration)
2026-01-25T11:31:07.379Z  INFO 21492 --- [api.giybat.uz] [main] j.LocalContainerEntityManagerFactoryBean : Initialized JPA EntityManagerFactory for persistence unit 'default'
2026-01-25T11:31:07.572Z  INFO 21492 --- [api.giybat.uz] [main] o.s.d.j.r.query.QueryEnhancerFactory     : Hibernate is in classpath; If applicable, HQL parser will be used.
2026-01-25T11:31:08.735Z DEBUG 21492 --- [api.giybat.uz] [main] a.g.uz.config.JwtAuthenticationFilter    : Filter 'jwtAuthenticationFilter' configured for use
2026-01-25T11:31:09.150Z  WARN 21492 --- [api.giybat.uz] [main] JpaBaseConfiguration$JpaWebConfiguration : spring.jpa.open-in-view is enabled by default. Therefore, database queries may be performed during view rendering. Explicitly configure spring.jpa.open-in-view to disable this warning
2026-01-25T11:31:09.185Z  INFO 21492 --- [api.giybat.uz] [main] eAuthenticationProviderManagerConfigurer : Global AuthenticationManager configured with AuthenticationProvider bean with name authenticationProvider
2026-01-25T11:31:09.185Z  WARN 21492 --- [api.giybat.uz] [main] r$InitializeUserDetailsManagerConfigurer : Global AuthenticationManager configured with an AuthenticationProvider bean. UserDetailsService beans will not be used by Spring Security for automatically configuring username/password login. Consider removing the AuthenticationProvider bean. Alternatively, consider using the UserDetailsService in a manually instantiated DaoAuthenticationProvider. If the current configuration is intentional, to turn off this warning, increase the logging level of 'org.springframework.security.config.annotation.authentication.configuration.InitializeUserDetailsBeanManagerConfigurer' to ERROR
2026-01-25T11:31:09.874Z  INFO 21492 --- [api.giybat.uz] [main] o.s.b.w.embedded.tomcat.TomcatWebServer  : Tomcat started on port 8080 (http) with context path '/'
2026-01-25T11:31:09.884Z  INFO 21492 --- [api.giybat.uz] [main] api.giybat.uz.Application                : Started Application in 6.834 seconds (process running for 7.389)
2026-01-25T11:31:09.898Z  INFO 21492 --- [api.giybat.uz] [main] org.flywaydb.core.FlywayExecutor         : Database: jdbc:postgresql://localhost:5432/giybat_db (PostgreSQL 14.20)
2026-01-25T11:31:09.906Z  INFO 21492 --- [api.giybat.uz] [main] o.f.core.internal.command.DbValidate     : Successfully validated 2 migrations (execution time 00:00.003s)
2026-01-25T11:31:09.910Z  INFO 21492 --- [api.giybat.uz] [main] o.f.core.internal.command.DbMigrate      : Current version of schema "public": 2
2026-01-25T11:31:09.910Z  INFO 21492 --- [api.giybat.uz] [main] o.f.core.internal.command.DbMigrate      : Schema "public" is up to date. No migration necessary.
2026-01-25T11:31:15.394Z  INFO 21492 --- [api.giybat.uz] [http-nio-8080-exec-2] o.a.c.c.C.[Tomcat].[localhost].[/]       : Initializing Spring DispatcherServlet 'dispatcherServlet'
2026-01-25T11:31:15.394Z  INFO 21492 --- [api.giybat.uz] [http-nio-8080-exec-2] o.s.web.servlet.DispatcherServlet        : Initializing Servlet 'dispatcherServlet'
2026-01-25T11:31:15.396Z  INFO 21492 --- [api.giybat.uz] [http-nio-8080-exec-2] o.s.web.servlet.DispatcherServlet        : Completed initialization in 2 ms
2026-01-25T11:32:49.012Z  INFO 21492 --- [api.giybat.uz] [SpringApplicationShutdownHook] o.s.b.w.e.tomcat.GracefulShutdown        : Commencing graceful shutdown. Waiting for active requests to complete
2026-01-25T11:32:49.151Z  INFO 21492 --- [api.giybat.uz] [tomcat-shutdown] o.s.b.w.e.tomcat.GracefulShutdown        : Graceful shutdown complete
2026-01-25T11:32:49.161Z  INFO 21492 --- [api.giybat.uz] [SpringApplicationShutdownHook] j.LocalContainerEntityManagerFactoryBean : Closing JPA EntityManagerFactory for persistence unit 'default'
2026-01-25T11:32:49.165Z  INFO 21492 --- [api.giybat.uz] [SpringApplicationShutdownHook] com.zaxxer.hikari.HikariDataSource       : HikariPool-1 - Shutdown initiated...
2026-01-25T11:32:49.171Z  INFO 21492 --- [api.giybat.uz] [SpringApplicationShutdownHook] com.zaxxer.hikari.HikariDataSource       : HikariPool-1 - Shutdown completed.
2026-01-25T11:32:53.883Z  INFO 12688 --- [api.giybat.uz] [main] api.giybat.uz.Application                : Starting Application using Java 17.0.11 with PID 12688 (D:\Programs\GIYBAT.UZ\api.giybat.uz\target\classes started by adilo in D:\Programs\GIYBAT.UZ)
2026-01-25T11:32:53.885Z DEBUG 12688 --- [api.giybat.uz] [main] api.giybat.uz.Application                : Running with Spring Boot v3.4.2, Spring v6.2.2
2026-01-25T11:32:53.887Z  INFO 12688 --- [api.giybat.uz] [main] api.giybat.uz.Application                : The following 1 profile is active: "local"
2026-01-25T11:32:54.498Z  INFO 12688 --- [api.giybat.uz] [main] .s.d.r.c.RepositoryConfigurationDelegate : Bootstrapping Spring Data JPA repositories in DEFAULT mode.
2026-01-25T11:32:54.553Z  INFO 12688 --- [api.giybat.uz] [main] .s.d.r.c.RepositoryConfigurationDelegate : Finished Spring Data repository scanning in 40 ms. Found 7 JPA repository interfaces.
2026-01-25T11:32:55.207Z  INFO 12688 --- [api.giybat.uz] [main] o.s.b.w.embedded.tomcat.TomcatWebServer  : Tomcat initialized with port 8080 (http)
2026-01-25T11:32:55.217Z  INFO 12688 --- [api.giybat.uz] [main] o.apache.catalina.core.StandardService   : Starting service [Tomcat]
2026-01-25T11:32:55.218Z  INFO 12688 --- [api.giybat.uz] [main] o.apache.catalina.core.StandardEngine    : Starting Servlet engine: [Apache Tomcat/10.1.34]
2026-01-25T11:32:55.270Z  INFO 12688 --- [api.giybat.uz] [main] o.a.c.c.C.[Tomcat].[localhost].[/]       : Initializing Spring embedded WebApplicationContext
2026-01-25T11:32:55.271Z  INFO 12688 --- [api.giybat.uz] [main] w.s.c.ServletWebServerApplicationContext : Root WebApplicationContext: initialization completed in 1337 ms
2026-01-25T11:32:55.455Z  INFO 12688 --- [api.giybat.uz] [main] com.zaxxer.hikari.HikariDataSource       : HikariPool-1 - Starting...
2026-01-25T11:32:55.794Z  INFO 12688 --- [api.giybat.uz] [main] com.zaxxer.hikari.pool.HikariPool        : HikariPool-1 - Added connection org.postgresql.jdbc.PgConnection@7f642bf
2026-01-25T11:32:55.798Z  INFO 12688 --- [api.giybat.uz] [main] com.zaxxer.hikari.HikariDataSource       : HikariPool-1 - Start completed.
2026-01-25T11:32:55.831Z  INFO 12688 --- [api.giybat.uz] [main] org.flywaydb.core.FlywayExecutor         : Database: jdbc:postgresql://localhost:5432/giybat_db (PostgreSQL 14.20)
2026-01-25T11:32:55.870Z  INFO 12688 --- [api.giybat.uz] [main] o.f.core.internal.command.DbValidate     : Successfully validated 2 migrations (execution time 00:00.021s)
2026-01-25T11:32:55.927Z  INFO 12688 --- [api.giybat.uz] [main] o.f.core.internal.command.DbMigrate      : Current version of schema "public": 2
2026-01-25T11:32:55.929Z  INFO 12688 --- [api.giybat.uz] [main] o.f.core.internal.command.DbMigrate      : Schema "public" is up to date. No migration necessary.
2026-01-25T11:32:55.997Z  INFO 12688 --- [api.giybat.uz] [main] o.hibernate.jpa.internal.util.LogHelper  : HHH000204: Processing PersistenceUnitInfo [name: default]
2026-01-25T11:32:56.048Z  INFO 12688 --- [api.giybat.uz] [main] org.hibernate.Version                    : HHH000412: Hibernate ORM core version 6.6.5.Final
2026-01-25T11:32:56.081Z  INFO 12688 --- [api.giybat.uz] [main] o.h.c.internal.RegionFactoryInitiator    : HHH000026: Second-level cache disabled
2026-01-25T11:32:56.296Z  INFO 12688 --- [api.giybat.uz] [main] o.s.o.j.p.SpringPersistenceUnitInfo      : No LoadTimeWeaver setup: ignoring JPA class transformer
2026-01-25T11:32:56.368Z  WARN 12688 --- [api.giybat.uz] [main] org.hibernate.orm.deprecation            : HHH90000025: PostgreSQLDialect does not need to be specified explicitly using 'hibernate.dialect' (remove the property setting and it will be selected by default)
2026-01-25T11:32:56.383Z  INFO 12688 --- [api.giybat.uz] [main] org.hibernate.orm.connections.pooling    : HHH10001005: Database info:
	Database JDBC URL [Connecting through datasource 'HikariDataSource (HikariPool-1)']
	Database driver: undefined/unknown
	Database version: 14.20
	Autocommit mode: undefined/unknown
	Isolation level: undefined/unknown
	Minimum pool size: undefined/unknown
	Maximum pool size: undefined/unknown
2026-01-25T11:32:57.267Z  INFO 12688 --- [api.giybat.uz] [main] o.h.e.t.j.p.i.JtaPlatformInitiator       : HHH000489: No JTA platform available (set 'hibernate.transaction.jta.platform' to enable JTA platform integration)
2026-01-25T11:32:57.498Z  INFO 12688 --- [api.giybat.uz] [main] j.LocalContainerEntityManagerFactoryBean : Initialized JPA EntityManagerFactory for persistence unit 'default'
2026-01-25T11:32:57.698Z  INFO 12688 --- [api.giybat.uz] [main] o.s.d.j.r.query.QueryEnhancerFactory     : Hibernate is in classpath; If applicable, HQL parser will be used.
2026-01-25T11:32:58.691Z DEBUG 12688 --- [api.giybat.uz] [main] a.g.uz.config.JwtAuthenticationFilter    : Filter 'jwtAuthenticationFilter' configured for use
2026-01-25T11:32:59.011Z  WARN 12688 --- [api.giybat.uz] [main] JpaBaseConfiguration$JpaWebConfiguration : spring.jpa.open-in-view is enabled by default. Therefore, database queries may be performed during view rendering. Explicitly configure spring.jpa.open-in-view to disable this warning
2026-01-25T11:32:59.035Z  INFO 12688 --- [api.giybat.uz] [main] eAuthenticationProviderManagerConfigurer : Global AuthenticationManager configured with AuthenticationProvider bean with name authenticationProvider
2026-01-25T11:32:59.035Z  WARN 12688 --- [api.giybat.uz] [main] r$InitializeUserDetailsManagerConfigurer : Global AuthenticationManager configured with an AuthenticationProvider bean. UserDetailsService beans will not be used by Spring Security for automatically configuring username/password login. Consider removing the AuthenticationProvider bean. Alternatively, consider using the UserDetailsService in a manually instantiated DaoAuthenticationProvider. If the current configuration is intentional, to turn off this warning, increase the logging level of 'org.springframework.security.config.annotation.authentication.configuration.InitializeUserDetailsBeanManagerConfigurer' to ERROR
2026-01-25T11:32:59.695Z  INFO 12688 --- [api.giybat.uz] [main] o.s.b.w.embedded.tomcat.TomcatWebServer  : Tomcat started on port 8080 (http) with context path '/'
2026-01-25T11:32:59.705Z  INFO 12688 --- [api.giybat.uz] [main] api.giybat.uz.Application                : Started Application in 6.27 seconds (process running for 6.779)
2026-01-25T11:32:59.726Z  INFO 12688 --- [api.giybat.uz] [main] org.flywaydb.core.FlywayExecutor         : Database: jdbc:postgresql://localhost:5432/giybat_db (PostgreSQL 14.20)
2026-01-25T11:32:59.734Z  INFO 12688 --- [api.giybat.uz] [main] o.f.core.internal.command.DbValidate     : Successfully validated 2 migrations (execution time 00:00.003s)
2026-01-25T11:32:59.740Z  INFO 12688 --- [api.giybat.uz] [main] o.f.core.internal.command.DbMigrate      : Current version of schema "public": 2
2026-01-25T11:32:59.741Z  INFO 12688 --- [api.giybat.uz] [main] o.f.core.internal.command.DbMigrate      : Schema "public" is up to date. No migration necessary.
2026-01-25T11:33:02.954Z  INFO 12688 --- [api.giybat.uz] [http-nio-8080-exec-2] o.a.c.c.C.[Tomcat].[localhost].[/]       : Initializing Spring DispatcherServlet 'dispatcherServlet'
2026-01-25T11:33:02.954Z  INFO 12688 --- [api.giybat.uz] [http-nio-8080-exec-2] o.s.web.servlet.DispatcherServlet        : Initializing Servlet 'dispatcherServlet'
2026-01-25T11:33:02.956Z  INFO 12688 --- [api.giybat.uz] [http-nio-8080-exec-2] o.s.web.servlet.DispatcherServlet        : Completed initialization in 2 ms
2026-01-25T11:33:03.218Z  INFO 12688 --- [api.giybat.uz] [http-nio-8080-exec-2] a.g.uz.controller.ProfileController      : Request to update profile details for user ID: 1038bbee-b6c1-413e-b571-24a42b8b49ef
2026-01-25T11:33:54.822Z ERROR 12688 --- [api.giybat.uz] [http-nio-8080-exec-1] api.giybat.uz.service.ProfileService     : No profile found with id: 1038bbee-b6c1-413e-b571-24a42b8b49ef
2026-01-25T11:33:54.938Z  WARN 12688 --- [api.giybat.uz] [http-nio-8080-exec-1] api.giybat.uz.service.ProfileService     : Password mismatch: userId:1038bbee-b6c1-413e-b571-24a42b8b49ef
2026-01-25T11:33:59.711Z ERROR 12688 --- [api.giybat.uz] [http-nio-8080-exec-6] api.giybat.uz.service.ProfileService     : No profile found with id: 1038bbee-b6c1-413e-b571-24a42b8b49ef
2026-01-25T11:33:59.923Z  INFO 12688 --- [api.giybat.uz] [http-nio-8080-exec-6] a.g.uz.controller.ProfileController      : Password is being updated
2026-01-25T11:34:15.779Z  INFO 12688 --- [api.giybat.uz] [http-nio-8080-exec-3] api.giybat.uz.service.ProfileService     : Username already in use: muzaffarmike2@gmail.com
2026-01-25T11:34:23.172Z  INFO 12688 --- [api.giybat.uz] [http-nio-8080-exec-4] a.g.uz.controller.ProfileController      : Old username is being updated to username: muzaffarmike@gmail.com
2026-01-25T11:36:52.825Z  INFO 12688 --- [api.giybat.uz] [http-nio-8080-exec-9] a.g.uz.controller.ProfileController      : Old username is being updated to username: muzaffarortiqov19@gmail.com
2026-01-25T11:37:34.983Z ERROR 12688 --- [api.giybat.uz] [http-nio-8080-exec-10] api.giybat.uz.service.ProfileService     : No profile found with id: 1038bbee-b6c1-413e-b571-24a42b8b49ef
2026-01-25T11:37:35.046Z  INFO 12688 --- [api.giybat.uz] [http-nio-8080-exec-10] a.g.uz.controller.ProfileController      : Username confirmation
2026-01-25T11:40:58.234Z  INFO 12688 --- [api.giybat.uz] [http-nio-8080-exec-7] a.g.uz.controller.ProfileController      : Old username is being updated to username: ortiqovmuzaffar171@gmail.com
2026-01-25T11:41:42.863Z ERROR 12688 --- [api.giybat.uz] [http-nio-8080-exec-5] api.giybat.uz.service.ProfileService     : No profile found with id: 1038bbee-b6c1-413e-b571-24a42b8b49ef
2026-01-25T11:41:42.880Z  INFO 12688 --- [api.giybat.uz] [http-nio-8080-exec-5] a.g.uz.controller.ProfileController      : Username confirmation
2026-01-25T11:42:04.632Z ERROR 12688 --- [api.giybat.uz] [http-nio-8080-exec-9] api.giybat.uz.service.ProfileService     : No profile found with id: 1038bbee-b6c1-413e-b571-24a42b8b49ef
2026-01-25T11:42:04.659Z  WARN 12688 --- [api.giybat.uz] [http-nio-8080-exec-9] o.h.engine.jdbc.spi.SqlExceptionHelper   : SQL Error: 0, SQLState: 23503
2026-01-25T11:42:04.659Z ERROR 12688 --- [api.giybat.uz] [http-nio-8080-exec-9] o.h.engine.jdbc.spi.SqlExceptionHelper   : ERROR: insert or update on table "profile" violates foreign key constraint "fkol7hbk7arjubdo9ce832xe569"
  Detail: Key (photo_id)=(7a9f1cb9-0817-4d6b-86d9-3bd65bdf0a6c.jpg) is not present in table "attach".
2026-01-25T11:42:53.569Z ERROR 12688 --- [api.giybat.uz] [http-nio-8080-exec-1] api.giybat.uz.service.ProfileService     : No profile found with id: 1038bbee-b6c1-413e-b571-24a42b8b49ef
2026-01-25T11:42:53.575Z  INFO 12688 --- [api.giybat.uz] [http-nio-8080-exec-1] a.g.uz.controller.ProfileController      : Profile photo updated
2026-01-25T11:43:54.314Z  WARN 12688 --- [api.giybat.uz] [http-nio-8080-exec-4] ration$PageModule$WarningLoggingModifier : Serializing PageImpl instances as-is is not supported, meaning that there is no guarantee about the stability of the resulting JSON structure!
	For a stable JSON structure, please use Spring Data's PagedModel (globally via @EnableSpringDataWebSupport(pageSerializationMode = VIA_DTO))
	or Spring HATEOAS and Spring Data's PagedResourcesAssembler as documented in https://docs.spring.io/spring-data/commons/reference/repositories/core-extensions.html#core.web.pageables.

2026-01-25T11:59:31.546Z  INFO 12688 --- [api.giybat.uz] [SpringApplicationShutdownHook] o.s.b.w.e.tomcat.GracefulShutdown        : Commencing graceful shutdown. Waiting for active requests to complete
2026-01-25T11:59:31.721Z  INFO 12688 --- [api.giybat.uz] [tomcat-shutdown] o.s.b.w.e.tomcat.GracefulShutdown        : Graceful shutdown complete
2026-01-25T11:59:31.758Z  INFO 12688 --- [api.giybat.uz] [SpringApplicationShutdownHook] j.LocalContainerEntityManagerFactoryBean : Closing JPA EntityManagerFactory for persistence unit 'default'
2026-01-25T11:59:31.774Z  INFO 12688 --- [api.giybat.uz] [SpringApplicationShutdownHook] com.zaxxer.hikari.HikariDataSource       : HikariPool-1 - Shutdown initiated...
2026-01-25T11:59:31.784Z  INFO 12688 --- [api.giybat.uz] [SpringApplicationShutdownHook] com.zaxxer.hikari.HikariDataSource       : HikariPool-1 - Shutdown completed.
2026-01-25T11:59:37.941Z  INFO 16516 --- [api.giybat.uz] [main] api.giybat.uz.Application                : Starting Application using Java 17.0.11 with PID 16516 (D:\Programs\GIYBAT.UZ\api.giybat.uz\target\classes started by adilo in D:\Programs\GIYBAT.UZ)
2026-01-25T11:59:37.944Z DEBUG 16516 --- [api.giybat.uz] [main] api.giybat.uz.Application                : Running with Spring Boot v3.4.2, Spring v6.2.2
2026-01-25T11:59:37.946Z  INFO 16516 --- [api.giybat.uz] [main] api.giybat.uz.Application                : The following 1 profile is active: "local"
2026-01-25T11:59:38.648Z  INFO 16516 --- [api.giybat.uz] [main] .s.d.r.c.RepositoryConfigurationDelegate : Bootstrapping Spring Data JPA repositories in DEFAULT mode.
2026-01-25T11:59:38.701Z  INFO 16516 --- [api.giybat.uz] [main] .s.d.r.c.RepositoryConfigurationDelegate : Finished Spring Data repository scanning in 43 ms. Found 7 JPA repository interfaces.
2026-01-25T11:59:39.563Z  INFO 16516 --- [api.giybat.uz] [main] o.s.b.w.embedded.tomcat.TomcatWebServer  : Tomcat initialized with port 8080 (http)
2026-01-25T11:59:39.576Z  INFO 16516 --- [api.giybat.uz] [main] o.apache.catalina.core.StandardService   : Starting service [Tomcat]
2026-01-25T11:59:39.576Z  INFO 16516 --- [api.giybat.uz] [main] o.apache.catalina.core.StandardEngine    : Starting Servlet engine: [Apache Tomcat/10.1.34]
2026-01-25T11:59:39.651Z  INFO 16516 --- [api.giybat.uz] [main] o.a.c.c.C.[Tomcat].[localhost].[/]       : Initializing Spring embedded WebApplicationContext
2026-01-25T11:59:39.652Z  INFO 16516 --- [api.giybat.uz] [main] w.s.c.ServletWebServerApplicationContext : Root WebApplicationContext: initialization completed in 1622 ms
2026-01-25T11:59:39.853Z  INFO 16516 --- [api.giybat.uz] [main] com.zaxxer.hikari.HikariDataSource       : HikariPool-1 - Starting...
2026-01-25T11:59:40.036Z  INFO 16516 --- [api.giybat.uz] [main] com.zaxxer.hikari.pool.HikariPool        : HikariPool-1 - Added connection org.postgresql.jdbc.PgConnection@75ad30c1
2026-01-25T11:59:40.039Z  INFO 16516 --- [api.giybat.uz] [main] com.zaxxer.hikari.HikariDataSource       : HikariPool-1 - Start completed.
2026-01-25T11:59:40.071Z  INFO 16516 --- [api.giybat.uz] [main] org.flywaydb.core.FlywayExecutor         : Database: jdbc:postgresql://localhost:5432/giybat_db (PostgreSQL 14.20)
2026-01-25T11:59:40.124Z  INFO 16516 --- [api.giybat.uz] [main] o.f.core.internal.command.DbValidate     : Successfully validated 2 migrations (execution time 00:00.024s)
2026-01-25T11:59:40.181Z  INFO 16516 --- [api.giybat.uz] [main] o.f.core.internal.command.DbMigrate      : Current version of schema "public": 2
2026-01-25T11:59:40.185Z  INFO 16516 --- [api.giybat.uz] [main] o.f.core.internal.command.DbMigrate      : Schema "public" is up to date. No migration necessary.
2026-01-25T11:59:40.271Z  INFO 16516 --- [api.giybat.uz] [main] o.hibernate.jpa.internal.util.LogHelper  : HHH000204: Processing PersistenceUnitInfo [name: default]
2026-01-25T11:59:40.363Z  INFO 16516 --- [api.giybat.uz] [main] org.hibernate.Version                    : HHH000412: Hibernate ORM core version 6.6.5.Final
2026-01-25T11:59:40.402Z  INFO 16516 --- [api.giybat.uz] [main] o.h.c.internal.RegionFactoryInitiator    : HHH000026: Second-level cache disabled
2026-01-25T11:59:40.740Z  INFO 16516 --- [api.giybat.uz] [main] o.s.o.j.p.SpringPersistenceUnitInfo      : No LoadTimeWeaver setup: ignoring JPA class transformer
2026-01-25T11:59:40.818Z  WARN 16516 --- [api.giybat.uz] [main] org.hibernate.orm.deprecation            : HHH90000025: PostgreSQLDialect does not need to be specified explicitly using 'hibernate.dialect' (remove the property setting and it will be selected by default)
2026-01-25T11:59:40.831Z  INFO 16516 --- [api.giybat.uz] [main] org.hibernate.orm.connections.pooling    : HHH10001005: Database info:
	Database JDBC URL [Connecting through datasource 'HikariDataSource (HikariPool-1)']
	Database driver: undefined/unknown
	Database version: 14.20
	Autocommit mode: undefined/unknown
	Isolation level: undefined/unknown
	Minimum pool size: undefined/unknown
	Maximum pool size: undefined/unknown
2026-01-25T11:59:42.024Z  INFO 16516 --- [api.giybat.uz] [main] o.h.e.t.j.p.i.JtaPlatformInitiator       : HHH000489: No JTA platform available (set 'hibernate.transaction.jta.platform' to enable JTA platform integration)
2026-01-25T11:59:42.305Z  INFO 16516 --- [api.giybat.uz] [main] j.LocalContainerEntityManagerFactoryBean : Initialized JPA EntityManagerFactory for persistence unit 'default'
2026-01-25T11:59:42.517Z  INFO 16516 --- [api.giybat.uz] [main] o.s.d.j.r.query.QueryEnhancerFactory     : Hibernate is in classpath; If applicable, HQL parser will be used.
2026-01-25T11:59:43.581Z DEBUG 16516 --- [api.giybat.uz] [main] a.g.uz.config.JwtAuthenticationFilter    : Filter 'jwtAuthenticationFilter' configured for use
2026-01-25T11:59:43.916Z  WARN 16516 --- [api.giybat.uz] [main] JpaBaseConfiguration$JpaWebConfiguration : spring.jpa.open-in-view is enabled by default. Therefore, database queries may be performed during view rendering. Explicitly configure spring.jpa.open-in-view to disable this warning
2026-01-25T11:59:43.945Z  INFO 16516 --- [api.giybat.uz] [main] eAuthenticationProviderManagerConfigurer : Global AuthenticationManager configured with AuthenticationProvider bean with name authenticationProvider
2026-01-25T11:59:43.946Z  WARN 16516 --- [api.giybat.uz] [main] r$InitializeUserDetailsManagerConfigurer : Global AuthenticationManager configured with an AuthenticationProvider bean. UserDetailsService beans will not be used by Spring Security for automatically configuring username/password login. Consider removing the AuthenticationProvider bean. Alternatively, consider using the UserDetailsService in a manually instantiated DaoAuthenticationProvider. If the current configuration is intentional, to turn off this warning, increase the logging level of 'org.springframework.security.config.annotation.authentication.configuration.InitializeUserDetailsBeanManagerConfigurer' to ERROR
2026-01-25T11:59:44.657Z  INFO 16516 --- [api.giybat.uz] [main] o.s.b.w.embedded.tomcat.TomcatWebServer  : Tomcat started on port 8080 (http) with context path '/'
2026-01-25T11:59:44.669Z  INFO 16516 --- [api.giybat.uz] [main] api.giybat.uz.Application                : Started Application in 7.237 seconds (process running for 7.854)
2026-01-25T11:59:44.688Z  INFO 16516 --- [api.giybat.uz] [main] org.flywaydb.core.FlywayExecutor         : Database: jdbc:postgresql://localhost:5432/giybat_db (PostgreSQL 14.20)
2026-01-25T11:59:44.696Z  INFO 16516 --- [api.giybat.uz] [main] o.f.core.internal.command.DbValidate     : Successfully validated 2 migrations (execution time 00:00.004s)
2026-01-25T11:59:44.701Z  INFO 16516 --- [api.giybat.uz] [main] o.f.core.internal.command.DbMigrate      : Current version of schema "public": 2
2026-01-25T11:59:44.702Z  INFO 16516 --- [api.giybat.uz] [main] o.f.core.internal.command.DbMigrate      : Schema "public" is up to date. No migration necessary.
2026-01-25T11:59:49.845Z  INFO 16516 --- [api.giybat.uz] [http-nio-8080-exec-1] o.a.c.c.C.[Tomcat].[localhost].[/]       : Initializing Spring DispatcherServlet 'dispatcherServlet'
2026-01-25T11:59:49.846Z  INFO 16516 --- [api.giybat.uz] [http-nio-8080-exec-1] o.s.web.servlet.DispatcherServlet        : Initializing Servlet 'dispatcherServlet'
2026-01-25T11:59:49.848Z  INFO 16516 --- [api.giybat.uz] [http-nio-8080-exec-1] o.s.web.servlet.DispatcherServlet        : Completed initialization in 2 ms
2026-01-25T11:59:50.246Z  WARN 16516 --- [api.giybat.uz] [http-nio-8080-exec-1] api.giybat.uz.service.ProfileService     : Admin ba765b2b-53eb-410f-a92c-ca451681bae1 tried to update status for non-existent user bbf2904e-ef05-43a3-a1ed-da72ef9a4dcf
2026-01-25T12:00:42.809Z  INFO 16516 --- [api.giybat.uz] [http-nio-8080-exec-2] api.giybat.uz.service.ProfileService     : Profile status changed. Admin [ba765b2b-53eb-410f-a92c-ca451681bae1] changed User [1038bbee-b6c1-413e-b571-24a42b8b49ef] to Status [ACTIVE]
2026-01-25T12:01:29.121Z  INFO 16516 --- [api.giybat.uz] [http-nio-8080-exec-3] api.giybat.uz.service.ProfileService     : Profile status changed. Admin [ba765b2b-53eb-410f-a92c-ca451681bae1] changed User [1038bbee-b6c1-413e-b571-24a42b8b49ef] to Status [BLOCKED]
2026-01-25T12:01:42.246Z  INFO 16516 --- [api.giybat.uz] [http-nio-8080-exec-4] api.giybat.uz.service.ProfileService     : Profile status changed. Admin [ba765b2b-53eb-410f-a92c-ca451681bae1] changed User [1038bbee-b6c1-413e-b571-24a42b8b49ef] to Status [ACTIVE]
2026-01-25T12:18:05.013Z  INFO 16516 --- [api.giybat.uz] [SpringApplicationShutdownHook] o.s.b.w.e.tomcat.GracefulShutdown        : Commencing graceful shutdown. Waiting for active requests to complete
2026-01-25T12:18:05.113Z  INFO 16516 --- [api.giybat.uz] [tomcat-shutdown] o.s.b.w.e.tomcat.GracefulShutdown        : Graceful shutdown complete
2026-01-25T12:18:05.136Z  INFO 16516 --- [api.giybat.uz] [SpringApplicationShutdownHook] j.LocalContainerEntityManagerFactoryBean : Closing JPA EntityManagerFactory for persistence unit 'default'
2026-01-25T12:18:05.155Z  INFO 16516 --- [api.giybat.uz] [SpringApplicationShutdownHook] com.zaxxer.hikari.HikariDataSource       : HikariPool-1 - Shutdown initiated...
2026-01-25T12:18:05.171Z  INFO 16516 --- [api.giybat.uz] [SpringApplicationShutdownHook] com.zaxxer.hikari.HikariDataSource       : HikariPool-1 - Shutdown completed.
2026-01-25T12:35:08.431Z  INFO 14788 --- [api.giybat.uz] [main] api.giybat.uz.Application                : Starting Application using Java 17.0.11 with PID 14788 (D:\Programs\GIYBAT.UZ\api.giybat.uz\target\classes started by adilo in D:\Programs\GIYBAT.UZ)
2026-01-25T12:35:08.433Z DEBUG 14788 --- [api.giybat.uz] [main] api.giybat.uz.Application                : Running with Spring Boot v3.4.2, Spring v6.2.2
2026-01-25T12:35:08.434Z  INFO 14788 --- [api.giybat.uz] [main] api.giybat.uz.Application                : The following 1 profile is active: "local"
2026-01-25T12:35:09.209Z  INFO 14788 --- [api.giybat.uz] [main] .s.d.r.c.RepositoryConfigurationDelegate : Bootstrapping Spring Data JPA repositories in DEFAULT mode.
2026-01-25T12:35:09.261Z  INFO 14788 --- [api.giybat.uz] [main] .s.d.r.c.RepositoryConfigurationDelegate : Finished Spring Data repository scanning in 44 ms. Found 7 JPA repository interfaces.
2026-01-25T12:35:10.128Z  INFO 14788 --- [api.giybat.uz] [main] o.s.b.w.embedded.tomcat.TomcatWebServer  : Tomcat initialized with port 8080 (http)
2026-01-25T12:35:10.141Z  INFO 14788 --- [api.giybat.uz] [main] o.apache.catalina.core.StandardService   : Starting service [Tomcat]
2026-01-25T12:35:10.141Z  INFO 14788 --- [api.giybat.uz] [main] o.apache.catalina.core.StandardEngine    : Starting Servlet engine: [Apache Tomcat/10.1.34]
2026-01-25T12:35:10.206Z  INFO 14788 --- [api.giybat.uz] [main] o.a.c.c.C.[Tomcat].[localhost].[/]       : Initializing Spring embedded WebApplicationContext
2026-01-25T12:35:10.206Z  INFO 14788 --- [api.giybat.uz] [main] w.s.c.ServletWebServerApplicationContext : Root WebApplicationContext: initialization completed in 1714 ms
2026-01-25T12:35:10.397Z  INFO 14788 --- [api.giybat.uz] [main] com.zaxxer.hikari.HikariDataSource       : HikariPool-1 - Starting...
2026-01-25T12:35:10.566Z  INFO 14788 --- [api.giybat.uz] [main] com.zaxxer.hikari.pool.HikariPool        : HikariPool-1 - Added connection org.postgresql.jdbc.PgConnection@5b14f482
2026-01-25T12:35:10.567Z  INFO 14788 --- [api.giybat.uz] [main] com.zaxxer.hikari.HikariDataSource       : HikariPool-1 - Start completed.
2026-01-25T12:35:10.590Z  INFO 14788 --- [api.giybat.uz] [main] org.flywaydb.core.FlywayExecutor         : Database: jdbc:postgresql://localhost:5432/giybat_db (PostgreSQL 14.20)
2026-01-25T12:35:10.815Z  INFO 14788 --- [api.giybat.uz] [main] o.f.core.internal.command.DbValidate     : Successfully validated 2 migrations (execution time 00:00.201s)
2026-01-25T12:35:10.895Z  INFO 14788 --- [api.giybat.uz] [main] o.f.core.internal.command.DbMigrate      : Current version of schema "public": 2
2026-01-25T12:35:10.899Z  INFO 14788 --- [api.giybat.uz] [main] o.f.core.internal.command.DbMigrate      : Schema "public" is up to date. No migration necessary.
2026-01-25T12:35:11.010Z  INFO 14788 --- [api.giybat.uz] [main] o.hibernate.jpa.internal.util.LogHelper  : HHH000204: Processing PersistenceUnitInfo [name: default]
2026-01-25T12:35:11.082Z  INFO 14788 --- [api.giybat.uz] [main] org.hibernate.Version                    : HHH000412: Hibernate ORM core version 6.6.5.Final
2026-01-25T12:35:11.124Z  INFO 14788 --- [api.giybat.uz] [main] o.h.c.internal.RegionFactoryInitiator    : HHH000026: Second-level cache disabled
2026-01-25T12:35:11.404Z  INFO 14788 --- [api.giybat.uz] [main] o.s.o.j.p.SpringPersistenceUnitInfo      : No LoadTimeWeaver setup: ignoring JPA class transformer
2026-01-25T12:35:11.469Z  WARN 14788 --- [api.giybat.uz] [main] org.hibernate.orm.deprecation            : HHH90000025: PostgreSQLDialect does not need to be specified explicitly using 'hibernate.dialect' (remove the property setting and it will be selected by default)
2026-01-25T12:35:11.483Z  INFO 14788 --- [api.giybat.uz] [main] org.hibernate.orm.connections.pooling    : HHH10001005: Database info:
	Database JDBC URL [Connecting through datasource 'HikariDataSource (HikariPool-1)']
	Database driver: undefined/unknown
	Database version: 14.20
	Autocommit mode: undefined/unknown
	Isolation level: undefined/unknown
	Minimum pool size: undefined/unknown
	Maximum pool size: undefined/unknown
2026-01-25T12:35:12.517Z  INFO 14788 --- [api.giybat.uz] [main] o.h.e.t.j.p.i.JtaPlatformInitiator       : HHH000489: No JTA platform available (set 'hibernate.transaction.jta.platform' to enable JTA platform integration)
2026-01-25T12:35:12.764Z  INFO 14788 --- [api.giybat.uz] [main] j.LocalContainerEntityManagerFactoryBean : Initialized JPA EntityManagerFactory for persistence unit 'default'
2026-01-25T12:35:12.968Z  INFO 14788 --- [api.giybat.uz] [main] o.s.d.j.r.query.QueryEnhancerFactory     : Hibernate is in classpath; If applicable, HQL parser will be used.
2026-01-25T12:35:14.150Z DEBUG 14788 --- [api.giybat.uz] [main] a.g.uz.config.JwtAuthenticationFilter    : Filter 'jwtAuthenticationFilter' configured for use
2026-01-25T12:35:14.542Z  WARN 14788 --- [api.giybat.uz] [main] JpaBaseConfiguration$JpaWebConfiguration : spring.jpa.open-in-view is enabled by default. Therefore, database queries may be performed during view rendering. Explicitly configure spring.jpa.open-in-view to disable this warning
2026-01-25T12:35:14.567Z  INFO 14788 --- [api.giybat.uz] [main] eAuthenticationProviderManagerConfigurer : Global AuthenticationManager configured with AuthenticationProvider bean with name authenticationProvider
2026-01-25T12:35:14.568Z  WARN 14788 --- [api.giybat.uz] [main] r$InitializeUserDetailsManagerConfigurer : Global AuthenticationManager configured with an AuthenticationProvider bean. UserDetailsService beans will not be used by Spring Security for automatically configuring username/password login. Consider removing the AuthenticationProvider bean. Alternatively, consider using the UserDetailsService in a manually instantiated DaoAuthenticationProvider. If the current configuration is intentional, to turn off this warning, increase the logging level of 'org.springframework.security.config.annotation.authentication.configuration.InitializeUserDetailsBeanManagerConfigurer' to ERROR
2026-01-25T12:35:15.307Z  INFO 14788 --- [api.giybat.uz] [main] o.s.b.w.embedded.tomcat.TomcatWebServer  : Tomcat started on port 8080 (http) with context path '/'
2026-01-25T12:35:15.315Z  INFO 14788 --- [api.giybat.uz] [main] api.giybat.uz.Application                : Started Application in 7.366 seconds (process running for 7.997)
2026-01-25T12:35:15.329Z  INFO 14788 --- [api.giybat.uz] [main] org.flywaydb.core.FlywayExecutor         : Database: jdbc:postgresql://localhost:5432/giybat_db (PostgreSQL 14.20)
2026-01-25T12:35:15.335Z  INFO 14788 --- [api.giybat.uz] [main] o.f.core.internal.command.DbValidate     : Successfully validated 2 migrations (execution time 00:00.002s)
2026-01-25T12:35:15.339Z  INFO 14788 --- [api.giybat.uz] [main] o.f.core.internal.command.DbMigrate      : Current version of schema "public": 2
2026-01-25T12:35:15.339Z  INFO 14788 --- [api.giybat.uz] [main] o.f.core.internal.command.DbMigrate      : Schema "public" is up to date. No migration necessary.
2026-01-25T12:35:15.401Z  INFO 14788 --- [api.giybat.uz] [http-nio-8080-exec-1] o.a.c.c.C.[Tomcat].[localhost].[/]       : Initializing Spring DispatcherServlet 'dispatcherServlet'
2026-01-25T12:35:15.402Z  INFO 14788 --- [api.giybat.uz] [http-nio-8080-exec-1] o.s.web.servlet.DispatcherServlet        : Initializing Servlet 'dispatcherServlet'
2026-01-25T12:35:15.403Z  INFO 14788 --- [api.giybat.uz] [http-nio-8080-exec-1] o.s.web.servlet.DispatcherServlet        : Completed initialization in 1 ms
2026-01-25T12:35:15.647Z  INFO 14788 --- [api.giybat.uz] [http-nio-8080-exec-3] a.giybat.uz.controller.PostController    : Get profile's own posts: 
2026-01-25T12:35:15.671Z  WARN 14788 --- [api.giybat.uz] [http-nio-8080-exec-3] ration$PageModule$WarningLoggingModifier : Serializing PageImpl instances as-is is not supported, meaning that there is no guarantee about the stability of the resulting JSON structure!
	For a stable JSON structure, please use Spring Data's PagedModel (globally via @EnableSpringDataWebSupport(pageSerializationMode = VIA_DTO))
	or Spring HATEOAS and Spring Data's PagedResourcesAssembler as documented in https://docs.spring.io/spring-data/commons/reference/repositories/core-extensions.html#core.web.pageables.

2026-01-25T12:35:15.725Z  WARN 14788 --- [api.giybat.uz] [http-nio-8080-exec-2] api.giybat.uz.service.AttachService      : File not found
2026-01-25T12:35:15.728Z  WARN 14788 --- [api.giybat.uz] [http-nio-8080-exec-2] api.giybat.uz.service.AttachService      : File download failed error : File not found: 5cce6e84-7f94-40fe-995e-7cd6b32ac6f8.png
2026-01-25T12:37:42.936Z  INFO 14788 --- [api.giybat.uz] [SpringApplicationShutdownHook] o.s.b.w.e.tomcat.GracefulShutdown        : Commencing graceful shutdown. Waiting for active requests to complete
2026-01-25T12:37:42.989Z  INFO 14788 --- [api.giybat.uz] [tomcat-shutdown] o.s.b.w.e.tomcat.GracefulShutdown        : Graceful shutdown complete
2026-01-25T12:37:42.994Z  INFO 14788 --- [api.giybat.uz] [SpringApplicationShutdownHook] j.LocalContainerEntityManagerFactoryBean : Closing JPA EntityManagerFactory for persistence unit 'default'
2026-01-25T12:37:42.996Z  INFO 14788 --- [api.giybat.uz] [SpringApplicationShutdownHook] com.zaxxer.hikari.HikariDataSource       : HikariPool-1 - Shutdown initiated...
2026-01-25T12:37:42.999Z  INFO 14788 --- [api.giybat.uz] [SpringApplicationShutdownHook] com.zaxxer.hikari.HikariDataSource       : HikariPool-1 - Shutdown completed.
2026-01-25T12:37:45.308Z  INFO 17040 --- [api.giybat.uz] [main] api.giybat.uz.Application                : Starting Application using Java 17.0.11 with PID 17040 (D:\Programs\GIYBAT.UZ\api.giybat.uz\target\classes started by adilo in D:\Programs\GIYBAT.UZ)
2026-01-25T12:37:45.310Z DEBUG 17040 --- [api.giybat.uz] [main] api.giybat.uz.Application                : Running with Spring Boot v3.4.2, Spring v6.2.2
2026-01-25T12:37:45.311Z  INFO 17040 --- [api.giybat.uz] [main] api.giybat.uz.Application                : The following 1 profile is active: "local"
2026-01-25T12:37:45.819Z  INFO 17040 --- [api.giybat.uz] [main] .s.d.r.c.RepositoryConfigurationDelegate : Bootstrapping Spring Data JPA repositories in DEFAULT mode.
2026-01-25T12:37:45.875Z  INFO 17040 --- [api.giybat.uz] [main] .s.d.r.c.RepositoryConfigurationDelegate : Finished Spring Data repository scanning in 42 ms. Found 7 JPA repository interfaces.
2026-01-25T12:37:46.507Z  INFO 17040 --- [api.giybat.uz] [main] o.s.b.w.embedded.tomcat.TomcatWebServer  : Tomcat initialized with port 8080 (http)
2026-01-25T12:37:46.516Z  INFO 17040 --- [api.giybat.uz] [main] o.apache.catalina.core.StandardService   : Starting service [Tomcat]
2026-01-25T12:37:46.517Z  INFO 17040 --- [api.giybat.uz] [main] o.apache.catalina.core.StandardEngine    : Starting Servlet engine: [Apache Tomcat/10.1.34]
2026-01-25T12:37:46.566Z  INFO 17040 --- [api.giybat.uz] [main] o.a.c.c.C.[Tomcat].[localhost].[/]       : Initializing Spring embedded WebApplicationContext
2026-01-25T12:37:46.566Z  INFO 17040 --- [api.giybat.uz] [main] w.s.c.ServletWebServerApplicationContext : Root WebApplicationContext: initialization completed in 1207 ms
2026-01-25T12:37:46.732Z  INFO 17040 --- [api.giybat.uz] [main] com.zaxxer.hikari.HikariDataSource       : HikariPool-1 - Starting...
2026-01-25T12:37:46.868Z  INFO 17040 --- [api.giybat.uz] [main] com.zaxxer.hikari.pool.HikariPool        : HikariPool-1 - Added connection org.postgresql.jdbc.PgConnection@1d1bf7bf
2026-01-25T12:37:46.870Z  INFO 17040 --- [api.giybat.uz] [main] com.zaxxer.hikari.HikariDataSource       : HikariPool-1 - Start completed.
2026-01-25T12:37:46.895Z  INFO 17040 --- [api.giybat.uz] [main] org.flywaydb.core.FlywayExecutor         : Database: jdbc:postgresql://localhost:5432/giybat_db (PostgreSQL 14.20)
2026-01-25T12:37:46.933Z  INFO 17040 --- [api.giybat.uz] [main] o.f.core.internal.command.DbValidate     : Successfully validated 2 migrations (execution time 00:00.021s)
2026-01-25T12:37:46.986Z  INFO 17040 --- [api.giybat.uz] [main] o.f.core.internal.command.DbMigrate      : Current version of schema "public": 2
2026-01-25T12:37:46.989Z  INFO 17040 --- [api.giybat.uz] [main] o.f.core.internal.command.DbMigrate      : Schema "public" is up to date. No migration necessary.
2026-01-25T12:37:47.057Z  INFO 17040 --- [api.giybat.uz] [main] o.hibernate.jpa.internal.util.LogHelper  : HHH000204: Processing PersistenceUnitInfo [name: default]
2026-01-25T12:37:47.098Z  INFO 17040 --- [api.giybat.uz] [main] org.hibernate.Version                    : HHH000412: Hibernate ORM core version 6.6.5.Final
2026-01-25T12:37:47.123Z  INFO 17040 --- [api.giybat.uz] [main] o.h.c.internal.RegionFactoryInitiator    : HHH000026: Second-level cache disabled
2026-01-25T12:37:47.318Z  INFO 17040 --- [api.giybat.uz] [main] o.s.o.j.p.SpringPersistenceUnitInfo      : No LoadTimeWeaver setup: ignoring JPA class transformer
2026-01-25T12:37:47.358Z  WARN 17040 --- [api.giybat.uz] [main] org.hibernate.orm.deprecation            : HHH90000025: PostgreSQLDialect does not need to be specified explicitly using 'hibernate.dialect' (remove the property setting and it will be selected by default)
2026-01-25T12:37:47.372Z  INFO 17040 --- [api.giybat.uz] [main] org.hibernate.orm.connections.pooling    : HHH10001005: Database info:
	Database JDBC URL [Connecting through datasource 'HikariDataSource (HikariPool-1)']
	Database driver: undefined/unknown
	Database version: 14.20
	Autocommit mode: undefined/unknown
	Isolation level: undefined/unknown
	Minimum pool size: undefined/unknown
	Maximum pool size: undefined/unknown
2026-01-25T12:37:48.199Z  INFO 17040 --- [api.giybat.uz] [main] o.h.e.t.j.p.i.JtaPlatformInitiator       : HHH000489: No JTA platform available (set 'hibernate.transaction.jta.platform' to enable JTA platform integration)
2026-01-25T12:37:48.430Z  INFO 17040 --- [api.giybat.uz] [main] j.LocalContainerEntityManagerFactoryBean : Initialized JPA EntityManagerFactory for persistence unit 'default'
2026-01-25T12:37:48.592Z  INFO 17040 --- [api.giybat.uz] [main] o.s.d.j.r.query.QueryEnhancerFactory     : Hibernate is in classpath; If applicable, HQL parser will be used.
2026-01-25T12:37:49.391Z DEBUG 17040 --- [api.giybat.uz] [main] a.g.uz.config.JwtAuthenticationFilter    : Filter 'jwtAuthenticationFilter' configured for use
2026-01-25T12:37:49.679Z  WARN 17040 --- [api.giybat.uz] [main] JpaBaseConfiguration$JpaWebConfiguration : spring.jpa.open-in-view is enabled by default. Therefore, database queries may be performed during view rendering. Explicitly configure spring.jpa.open-in-view to disable this warning
2026-01-25T12:37:49.703Z  INFO 17040 --- [api.giybat.uz] [main] eAuthenticationProviderManagerConfigurer : Global AuthenticationManager configured with AuthenticationProvider bean with name authenticationProvider
2026-01-25T12:37:49.703Z  WARN 17040 --- [api.giybat.uz] [main] r$InitializeUserDetailsManagerConfigurer : Global AuthenticationManager configured with an AuthenticationProvider bean. UserDetailsService beans will not be used by Spring Security for automatically configuring username/password login. Consider removing the AuthenticationProvider bean. Alternatively, consider using the UserDetailsService in a manually instantiated DaoAuthenticationProvider. If the current configuration is intentional, to turn off this warning, increase the logging level of 'org.springframework.security.config.annotation.authentication.configuration.InitializeUserDetailsBeanManagerConfigurer' to ERROR
2026-01-25T12:37:50.258Z  INFO 17040 --- [api.giybat.uz] [main] o.s.b.w.embedded.tomcat.TomcatWebServer  : Tomcat started on port 8080 (http) with context path '/'
2026-01-25T12:37:50.267Z  INFO 17040 --- [api.giybat.uz] [main] api.giybat.uz.Application                : Started Application in 5.419 seconds (process running for 6.046)
2026-01-25T12:37:50.281Z  INFO 17040 --- [api.giybat.uz] [main] org.flywaydb.core.FlywayExecutor         : Database: jdbc:postgresql://localhost:5432/giybat_db (PostgreSQL 14.20)
2026-01-25T12:37:50.287Z  INFO 17040 --- [api.giybat.uz] [main] o.f.core.internal.command.DbValidate     : Successfully validated 2 migrations (execution time 00:00.003s)
2026-01-25T12:37:50.291Z  INFO 17040 --- [api.giybat.uz] [main] o.f.core.internal.command.DbMigrate      : Current version of schema "public": 2
2026-01-25T12:37:50.291Z  INFO 17040 --- [api.giybat.uz] [main] o.f.core.internal.command.DbMigrate      : Schema "public" is up to date. No migration necessary.
2026-01-25T12:37:57.470Z  INFO 17040 --- [api.giybat.uz] [http-nio-8080-exec-1] o.a.c.c.C.[Tomcat].[localhost].[/]       : Initializing Spring DispatcherServlet 'dispatcherServlet'
2026-01-25T12:37:57.470Z  INFO 17040 --- [api.giybat.uz] [http-nio-8080-exec-1] o.s.web.servlet.DispatcherServlet        : Initializing Servlet 'dispatcherServlet'
2026-01-25T12:37:57.471Z  INFO 17040 --- [api.giybat.uz] [http-nio-8080-exec-1] o.s.web.servlet.DispatcherServlet        : Completed initialization in 1 ms
2026-01-25T12:38:01.710Z  INFO 17040 --- [api.giybat.uz] [http-nio-8080-exec-2] a.giybat.uz.controller.PostController    : Filter posts: 
2026-01-25T12:38:01.729Z  WARN 17040 --- [api.giybat.uz] [http-nio-8080-exec-2] ration$PageModule$WarningLoggingModifier : Serializing PageImpl instances as-is is not supported, meaning that there is no guarantee about the stability of the resulting JSON structure!
	For a stable JSON structure, please use Spring Data's PagedModel (globally via @EnableSpringDataWebSupport(pageSerializationMode = VIA_DTO))
	or Spring HATEOAS and Spring Data's PagedResourcesAssembler as documented in https://docs.spring.io/spring-data/commons/reference/repositories/core-extensions.html#core.web.pageables.

2026-01-25T12:38:05.346Z  INFO 17040 --- [api.giybat.uz] [http-nio-8080-exec-5] a.giybat.uz.controller.PostController    : Filter posts: 
2026-01-25T12:38:24.587Z  INFO 17040 --- [api.giybat.uz] [http-nio-8080-exec-9] a.giybat.uz.controller.AuthController    : Login: username: ortiqovmuzaffar171@gmail.com
2026-01-25T12:38:24.588Z  INFO 17040 --- [api.giybat.uz] [http-nio-8080-exec-9] api.giybat.uz.service.AuthService        : Login failed username: ortiqovmuzaffar171@gmail.com
2026-01-25T12:45:40.612Z  INFO 17040 --- [api.giybat.uz] [http-nio-8080-exec-8] a.giybat.uz.controller.AuthController    : Registration: name: Muzaffar, username: ortiqovmuzaffar171@gmail.com
2026-01-25T12:46:02.146Z  INFO 17040 --- [api.giybat.uz] [http-nio-8080-exec-10] a.giybat.uz.controller.AuthController    : Registration Verification email: token: eyJhbGciOiJIUzUxMiJ9.eyJzdWIiOiJiMDFhOWY0ZC1mYTQ2LTQxMmItODMxOS01MGJhNTFjZmUyOWYiLCJpYXQiOjE3NjkzNDUxNDAsImV4cCI6MTc2OTM0ODc0MH0.zZXx5Rwk-5_RInPg_GXdyE7JHeRM73qMIMQG6gAhnzA8S_0iFAS_RgmfTiSB6gxGOEGdHZgbmP-V9eQcPSIdDQ
2026-01-25T12:46:02.157Z ERROR 17040 --- [api.giybat.uz] [http-nio-8080-exec-10] api.giybat.uz.service.ProfileService     : No profile found with id: b01a9f4d-fa46-412b-8319-50ba51cfe29f
2026-01-25T12:52:38.492Z  INFO 17040 --- [api.giybat.uz] [http-nio-8080-exec-5] a.giybat.uz.controller.AuthController    : Registration: name: Raffazum, username: muzaffarortiqov19@gmail.com
2026-01-25T12:56:10.239Z  INFO 17040 --- [api.giybat.uz] [http-nio-8080-exec-7] a.giybat.uz.controller.AuthController    : Registration: name: Raffazum, username: muzaffarortiqov19@gmail.com
2026-01-25T13:02:18.911Z  INFO 17040 --- [api.giybat.uz] [http-nio-8080-exec-1] a.giybat.uz.controller.AuthController    : Registration: name: Raffazum, username: muzaffarortiqov19@gmail.com
2026-01-25T13:03:29.117Z  INFO 17040 --- [api.giybat.uz] [http-nio-8080-exec-4] a.giybat.uz.controller.AuthController    : Registration Verification email: token: eyJhbGciOiJIUzUxMiJ9.eyJzdWIiOiJmZDViN2IyOS0xZjQxLTRiOTMtOWI1OS1hNDVhMzA4ZjU3N2QiLCJpYXQiOjE3NjkzNDYxMzksImV4cCI6MTc2OTM0OTczOX0.l3Fqa6CHXyC-rs-7qjM7U8e5GWgE9yS4a4iq0SvayZcCj_kEiVDQamSQnNHkjkqoZNy6A6os9YEWtq2m-N_5ww
2026-01-25T13:03:29.125Z ERROR 17040 --- [api.giybat.uz] [http-nio-8080-exec-4] api.giybat.uz.service.ProfileService     : No profile found with id: fd5b7b29-1f41-4b93-9b59-a45a308f577d
2026-01-25T13:23:55.320Z  WARN 17040 --- [api.giybat.uz] [HikariPool-1 housekeeper] com.zaxxer.hikari.pool.HikariPool        : HikariPool-1 - Thread starvation or clock leap detected (housekeeper delta=13m5s792ms112s100ns).
2026-01-25T13:42:00.858Z  WARN 17040 --- [api.giybat.uz] [HikariPool-1 housekeeper] com.zaxxer.hikari.pool.HikariPool        : HikariPool-1 - Thread starvation or clock leap detected (housekeeper delta=13m5s448ms602s900ns).
2026-01-25T13:46:23.461Z  INFO 17040 --- [api.giybat.uz] [SpringApplicationShutdownHook] o.s.b.w.e.tomcat.GracefulShutdown        : Commencing graceful shutdown. Waiting for active requests to complete
2026-01-25T13:46:23.534Z  INFO 17040 --- [api.giybat.uz] [tomcat-shutdown] o.s.b.w.e.tomcat.GracefulShutdown        : Graceful shutdown complete
2026-01-25T13:46:23.566Z  INFO 17040 --- [api.giybat.uz] [SpringApplicationShutdownHook] j.LocalContainerEntityManagerFactoryBean : Closing JPA EntityManagerFactory for persistence unit 'default'
2026-01-25T13:46:23.590Z  INFO 17040 --- [api.giybat.uz] [SpringApplicationShutdownHook] com.zaxxer.hikari.HikariDataSource       : HikariPool-1 - Shutdown initiated...
2026-01-25T13:46:23.600Z  INFO 17040 --- [api.giybat.uz] [SpringApplicationShutdownHook] com.zaxxer.hikari.HikariDataSource       : HikariPool-1 - Shutdown completed.
