2026-01-31T13:00:44.987Z  INFO 3428 --- [api.giybat.uz] [main] api.giybat.uz.Application                : Starting Application using Java 17.0.11 with PID 3428 (D:\Programs\GIYBAT.UZ\api.giybat.uz\target\classes started by adilo in D:\Programs\GIYBAT.UZ)
2026-01-31T13:00:44.994Z DEBUG 3428 --- [api.giybat.uz] [main] api.giybat.uz.Application                : Running with Spring Boot v3.4.2, Spring v6.2.2
2026-01-31T13:00:44.995Z  INFO 3428 --- [api.giybat.uz] [main] api.giybat.uz.Application                : The following 1 profile is active: "local"
2026-01-31T13:00:46.016Z  INFO 3428 --- [api.giybat.uz] [main] .s.d.r.c.RepositoryConfigurationDelegate : Bootstrapping Spring Data JPA repositories in DEFAULT mode.
2026-01-31T13:00:46.079Z  INFO 3428 --- [api.giybat.uz] [main] .s.d.r.c.RepositoryConfigurationDelegate : Finished Spring Data repository scanning in 55 ms. Found 7 JPA repository interfaces.
2026-01-31T13:00:46.695Z  INFO 3428 --- [api.giybat.uz] [main] o.s.b.w.embedded.tomcat.TomcatWebServer  : Tomcat initialized with port 8080 (http)
2026-01-31T13:00:46.708Z  INFO 3428 --- [api.giybat.uz] [main] o.apache.catalina.core.StandardService   : Starting service [Tomcat]
2026-01-31T13:00:46.709Z  INFO 3428 --- [api.giybat.uz] [main] o.apache.catalina.core.StandardEngine    : Starting Servlet engine: [Apache Tomcat/10.1.34]
2026-01-31T13:00:46.763Z  INFO 3428 --- [api.giybat.uz] [main] o.a.c.c.C.[Tomcat].[localhost].[/]       : Initializing Spring embedded WebApplicationContext
2026-01-31T13:00:46.764Z  INFO 3428 --- [api.giybat.uz] [main] w.s.c.ServletWebServerApplicationContext : Root WebApplicationContext: initialization completed in 1709 ms
2026-01-31T13:00:46.982Z  INFO 3428 --- [api.giybat.uz] [main] com.zaxxer.hikari.HikariDataSource       : HikariPool-1 - Starting...
2026-01-31T13:00:47.167Z  INFO 3428 --- [api.giybat.uz] [main] com.zaxxer.hikari.pool.HikariPool        : HikariPool-1 - Added connection org.postgresql.jdbc.PgConnection@577bfadb
2026-01-31T13:00:47.168Z  INFO 3428 --- [api.giybat.uz] [main] com.zaxxer.hikari.HikariDataSource       : HikariPool-1 - Start completed.
2026-01-31T13:00:47.201Z  INFO 3428 --- [api.giybat.uz] [main] org.flywaydb.core.FlywayExecutor         : Database: jdbc:postgresql://localhost:5432/giybat_db (PostgreSQL 14.20)
2026-01-31T13:00:47.271Z  INFO 3428 --- [api.giybat.uz] [main] o.f.core.internal.command.DbValidate     : Successfully validated 2 migrations (execution time 00:00.031s)
2026-01-31T13:00:47.318Z  INFO 3428 --- [api.giybat.uz] [main] o.f.core.internal.command.DbMigrate      : Current version of schema "public": 2
2026-01-31T13:00:47.322Z  INFO 3428 --- [api.giybat.uz] [main] o.f.core.internal.command.DbMigrate      : Schema "public" is up to date. No migration necessary.
2026-01-31T13:00:47.399Z  INFO 3428 --- [api.giybat.uz] [main] o.hibernate.jpa.internal.util.LogHelper  : HHH000204: Processing PersistenceUnitInfo [name: default]
2026-01-31T13:00:47.475Z  INFO 3428 --- [api.giybat.uz] [main] org.hibernate.Version                    : HHH000412: Hibernate ORM core version 6.6.5.Final
2026-01-31T13:00:47.510Z  INFO 3428 --- [api.giybat.uz] [main] o.h.c.internal.RegionFactoryInitiator    : HHH000026: Second-level cache disabled
2026-01-31T13:00:47.777Z  INFO 3428 --- [api.giybat.uz] [main] o.s.o.j.p.SpringPersistenceUnitInfo      : No LoadTimeWeaver setup: ignoring JPA class transformer
2026-01-31T13:00:47.840Z  WARN 3428 --- [api.giybat.uz] [main] org.hibernate.orm.deprecation            : HHH90000025: PostgreSQLDialect does not need to be specified explicitly using 'hibernate.dialect' (remove the property setting and it will be selected by default)
2026-01-31T13:00:47.856Z  INFO 3428 --- [api.giybat.uz] [main] org.hibernate.orm.connections.pooling    : HHH10001005: Database info:
	Database JDBC URL [Connecting through datasource 'HikariDataSource (HikariPool-1)']
	Database driver: undefined/unknown
	Database version: 14.20
	Autocommit mode: undefined/unknown
	Isolation level: undefined/unknown
	Minimum pool size: undefined/unknown
	Maximum pool size: undefined/unknown
2026-01-31T13:00:48.832Z  INFO 3428 --- [api.giybat.uz] [main] o.h.e.t.j.p.i.JtaPlatformInitiator       : HHH000489: No JTA platform available (set 'hibernate.transaction.jta.platform' to enable JTA platform integration)
2026-01-31T13:00:49.105Z  INFO 3428 --- [api.giybat.uz] [main] j.LocalContainerEntityManagerFactoryBean : Initialized JPA EntityManagerFactory for persistence unit 'default'
2026-01-31T13:00:49.382Z  INFO 3428 --- [api.giybat.uz] [main] o.s.d.j.r.query.QueryEnhancerFactory     : Hibernate is in classpath; If applicable, HQL parser will be used.
2026-01-31T13:00:50.379Z DEBUG 3428 --- [api.giybat.uz] [main] a.g.uz.config.JwtAuthenticationFilter    : Filter 'jwtAuthenticationFilter' configured for use
2026-01-31T13:00:50.391Z  WARN 3428 --- [api.giybat.uz] [main] ConfigServletWebServerApplicationContext : Exception encountered during context initialization - cancelling refresh attempt: org.springframework.beans.factory.BeanCreationException: Error creating bean with name 's3Config': Injection of autowired dependencies failed
2026-01-31T13:00:50.392Z  INFO 3428 --- [api.giybat.uz] [main] j.LocalContainerEntityManagerFactoryBean : Closing JPA EntityManagerFactory for persistence unit 'default'
2026-01-31T13:00:50.395Z  INFO 3428 --- [api.giybat.uz] [main] com.zaxxer.hikari.HikariDataSource       : HikariPool-1 - Shutdown initiated...
2026-01-31T13:00:50.398Z  INFO 3428 --- [api.giybat.uz] [main] com.zaxxer.hikari.HikariDataSource       : HikariPool-1 - Shutdown completed.
2026-01-31T13:00:50.400Z  INFO 3428 --- [api.giybat.uz] [main] o.apache.catalina.core.StandardService   : Stopping service [Tomcat]
2026-01-31T13:00:50.415Z  INFO 3428 --- [api.giybat.uz] [main] .s.b.a.l.ConditionEvaluationReportLogger : 

Error starting ApplicationContext. To display the condition evaluation report re-run your application with 'debug' enabled.
2026-01-31T13:00:50.430Z ERROR 3428 --- [api.giybat.uz] [main] o.s.boot.SpringApplication               : Application run failed

org.springframework.beans.factory.BeanCreationException: Error creating bean with name 's3Config': Injection of autowired dependencies failed
	at org.springframework.beans.factory.annotation.AutowiredAnnotationBeanPostProcessor.postProcessProperties(AutowiredAnnotationBeanPostProcessor.java:515) ~[spring-beans-6.2.2.jar:6.2.2]
	at org.springframework.beans.factory.support.AbstractAutowireCapableBeanFactory.populateBean(AbstractAutowireCapableBeanFactory.java:1445) ~[spring-beans-6.2.2.jar:6.2.2]
	at org.springframework.beans.factory.support.AbstractAutowireCapableBeanFactory.doCreateBean(AbstractAutowireCapableBeanFactory.java:600) ~[spring-beans-6.2.2.jar:6.2.2]
	at org.springframework.beans.factory.support.AbstractAutowireCapableBeanFactory.createBean(AbstractAutowireCapableBeanFactory.java:523) ~[spring-beans-6.2.2.jar:6.2.2]
	at org.springframework.beans.factory.support.AbstractBeanFactory.lambda$doGetBean$0(AbstractBeanFactory.java:336) ~[spring-beans-6.2.2.jar:6.2.2]
	at org.springframework.beans.factory.support.DefaultSingletonBeanRegistry.getSingleton(DefaultSingletonBeanRegistry.java:307) ~[spring-beans-6.2.2.jar:6.2.2]
	at org.springframework.beans.factory.support.AbstractBeanFactory.doGetBean(AbstractBeanFactory.java:334) ~[spring-beans-6.2.2.jar:6.2.2]
	at org.springframework.beans.factory.support.AbstractBeanFactory.getBean(AbstractBeanFactory.java:199) ~[spring-beans-6.2.2.jar:6.2.2]
	at org.springframework.beans.factory.support.DefaultListableBeanFactory.instantiateSingleton(DefaultListableBeanFactory.java:1122) ~[spring-beans-6.2.2.jar:6.2.2]
	at org.springframework.beans.factory.support.DefaultListableBeanFactory.preInstantiateSingleton(DefaultListableBeanFactory.java:1093) ~[spring-beans-6.2.2.jar:6.2.2]
	at org.springframework.beans.factory.support.DefaultListableBeanFactory.preInstantiateSingletons(DefaultListableBeanFactory.java:1030) ~[spring-beans-6.2.2.jar:6.2.2]
	at org.springframework.context.support.AbstractApplicationContext.finishBeanFactoryInitialization(AbstractApplicationContext.java:987) ~[spring-context-6.2.2.jar:6.2.2]
	at org.springframework.context.support.AbstractApplicationContext.refresh(AbstractApplicationContext.java:627) ~[spring-context-6.2.2.jar:6.2.2]
	at org.springframework.boot.web.servlet.context.ServletWebServerApplicationContext.refresh(ServletWebServerApplicationContext.java:146) ~[spring-boot-3.4.2.jar:3.4.2]
	at org.springframework.boot.SpringApplication.refresh(SpringApplication.java:752) ~[spring-boot-3.4.2.jar:3.4.2]
	at org.springframework.boot.SpringApplication.refreshContext(SpringApplication.java:439) ~[spring-boot-3.4.2.jar:3.4.2]
	at org.springframework.boot.SpringApplication.run(SpringApplication.java:318) ~[spring-boot-3.4.2.jar:3.4.2]
	at org.springframework.boot.SpringApplication.run(SpringApplication.java:1361) ~[spring-boot-3.4.2.jar:3.4.2]
	at org.springframework.boot.SpringApplication.run(SpringApplication.java:1350) ~[spring-boot-3.4.2.jar:3.4.2]
	at api.giybat.uz.Application.main(Application.java:31) ~[classes/:na]
Caused by: org.springframework.util.PlaceholderResolutionException: Could not resolve placeholder 'AWS_ACCESS_KEY' in value "${AWS_ACCESS_KEY}" <-- "${aws.s3.accessKey}"
	at org.springframework.util.PlaceholderResolutionException.withValue(PlaceholderResolutionException.java:81) ~[spring-core-6.2.2.jar:6.2.2]
	at org.springframework.util.PlaceholderParser$ParsedValue.resolve(PlaceholderParser.java:416) ~[spring-core-6.2.2.jar:6.2.2]
	at org.springframework.util.PlaceholderParser.replacePlaceholders(PlaceholderParser.java:128) ~[spring-core-6.2.2.jar:6.2.2]
	at org.springframework.util.PropertyPlaceholderHelper.parseStringValue(PropertyPlaceholderHelper.java:118) ~[spring-core-6.2.2.jar:6.2.2]
	at org.springframework.util.PropertyPlaceholderHelper.replacePlaceholders(PropertyPlaceholderHelper.java:114) ~[spring-core-6.2.2.jar:6.2.2]
	at org.springframework.core.env.AbstractPropertyResolver.doResolvePlaceholders(AbstractPropertyResolver.java:255) ~[spring-core-6.2.2.jar:6.2.2]
	at org.springframework.core.env.AbstractPropertyResolver.resolveRequiredPlaceholders(AbstractPropertyResolver.java:226) ~[spring-core-6.2.2.jar:6.2.2]
	at org.springframework.context.support.PropertySourcesPlaceholderConfigurer.lambda$processProperties$0(PropertySourcesPlaceholderConfigurer.java:201) ~[spring-context-6.2.2.jar:6.2.2]
	at org.springframework.beans.factory.support.AbstractBeanFactory.resolveEmbeddedValue(AbstractBeanFactory.java:963) ~[spring-beans-6.2.2.jar:6.2.2]
	at org.springframework.beans.factory.support.DefaultListableBeanFactory.doResolveDependency(DefaultListableBeanFactory.java:1541) ~[spring-beans-6.2.2.jar:6.2.2]
	at org.springframework.beans.factory.support.DefaultListableBeanFactory.resolveDependency(DefaultListableBeanFactory.java:1519) ~[spring-beans-6.2.2.jar:6.2.2]
	at org.springframework.beans.factory.annotation.AutowiredAnnotationBeanPostProcessor$AutowiredFieldElement.resolveFieldValue(AutowiredAnnotationBeanPostProcessor.java:785) ~[spring-beans-6.2.2.jar:6.2.2]
	at org.springframework.beans.factory.annotation.AutowiredAnnotationBeanPostProcessor$AutowiredFieldElement.inject(AutowiredAnnotationBeanPostProcessor.java:768) ~[spring-beans-6.2.2.jar:6.2.2]
	at org.springframework.beans.factory.annotation.InjectionMetadata.inject(InjectionMetadata.java:146) ~[spring-beans-6.2.2.jar:6.2.2]
	at org.springframework.beans.factory.annotation.AutowiredAnnotationBeanPostProcessor.postProcessProperties(AutowiredAnnotationBeanPostProcessor.java:509) ~[spring-beans-6.2.2.jar:6.2.2]
	... 19 common frames omitted

2026-01-31T13:03:04.945Z  INFO 12692 --- [api.giybat.uz] [main] api.giybat.uz.Application                : Starting Application using Java 17.0.11 with PID 12692 (D:\Programs\GIYBAT.UZ\api.giybat.uz\target\classes started by adilo in D:\Programs\GIYBAT.UZ)
2026-01-31T13:03:04.945Z DEBUG 12692 --- [api.giybat.uz] [main] api.giybat.uz.Application                : Running with Spring Boot v3.4.2, Spring v6.2.2
2026-01-31T13:03:04.948Z  INFO 12692 --- [api.giybat.uz] [main] api.giybat.uz.Application                : The following 1 profile is active: "local"
2026-01-31T13:03:05.656Z  INFO 12692 --- [api.giybat.uz] [main] .s.d.r.c.RepositoryConfigurationDelegate : Bootstrapping Spring Data JPA repositories in DEFAULT mode.
2026-01-31T13:03:05.719Z  INFO 12692 --- [api.giybat.uz] [main] .s.d.r.c.RepositoryConfigurationDelegate : Finished Spring Data repository scanning in 53 ms. Found 7 JPA repository interfaces.
2026-01-31T13:03:06.290Z  INFO 12692 --- [api.giybat.uz] [main] o.s.b.w.embedded.tomcat.TomcatWebServer  : Tomcat initialized with port 8080 (http)
2026-01-31T13:03:06.298Z  INFO 12692 --- [api.giybat.uz] [main] o.apache.catalina.core.StandardService   : Starting service [Tomcat]
2026-01-31T13:03:06.298Z  INFO 12692 --- [api.giybat.uz] [main] o.apache.catalina.core.StandardEngine    : Starting Servlet engine: [Apache Tomcat/10.1.34]
2026-01-31T13:03:06.346Z  INFO 12692 --- [api.giybat.uz] [main] o.a.c.c.C.[Tomcat].[localhost].[/]       : Initializing Spring embedded WebApplicationContext
2026-01-31T13:03:06.346Z  INFO 12692 --- [api.giybat.uz] [main] w.s.c.ServletWebServerApplicationContext : Root WebApplicationContext: initialization completed in 1360 ms
2026-01-31T13:03:06.504Z  INFO 12692 --- [api.giybat.uz] [main] com.zaxxer.hikari.HikariDataSource       : HikariPool-1 - Starting...
2026-01-31T13:03:06.652Z  INFO 12692 --- [api.giybat.uz] [main] com.zaxxer.hikari.pool.HikariPool        : HikariPool-1 - Added connection org.postgresql.jdbc.PgConnection@6546371
2026-01-31T13:03:06.654Z  INFO 12692 --- [api.giybat.uz] [main] com.zaxxer.hikari.HikariDataSource       : HikariPool-1 - Start completed.
2026-01-31T13:03:06.678Z  INFO 12692 --- [api.giybat.uz] [main] org.flywaydb.core.FlywayExecutor         : Database: jdbc:postgresql://localhost:5432/giybat_db (PostgreSQL 14.20)
2026-01-31T13:03:06.724Z  INFO 12692 --- [api.giybat.uz] [main] o.f.core.internal.command.DbValidate     : Successfully validated 2 migrations (execution time 00:00.024s)
2026-01-31T13:03:06.889Z  INFO 12692 --- [api.giybat.uz] [main] o.f.core.internal.command.DbMigrate      : Current version of schema "public": 2
2026-01-31T13:03:06.892Z  INFO 12692 --- [api.giybat.uz] [main] o.f.core.internal.command.DbMigrate      : Schema "public" is up to date. No migration necessary.
2026-01-31T13:03:06.963Z  INFO 12692 --- [api.giybat.uz] [main] o.hibernate.jpa.internal.util.LogHelper  : HHH000204: Processing PersistenceUnitInfo [name: default]
2026-01-31T13:03:07.006Z  INFO 12692 --- [api.giybat.uz] [main] org.hibernate.Version                    : HHH000412: Hibernate ORM core version 6.6.5.Final
2026-01-31T13:03:07.042Z  INFO 12692 --- [api.giybat.uz] [main] o.h.c.internal.RegionFactoryInitiator    : HHH000026: Second-level cache disabled
2026-01-31T13:03:07.229Z  INFO 12692 --- [api.giybat.uz] [main] o.s.o.j.p.SpringPersistenceUnitInfo      : No LoadTimeWeaver setup: ignoring JPA class transformer
2026-01-31T13:03:07.273Z  WARN 12692 --- [api.giybat.uz] [main] org.hibernate.orm.deprecation            : HHH90000025: PostgreSQLDialect does not need to be specified explicitly using 'hibernate.dialect' (remove the property setting and it will be selected by default)
2026-01-31T13:03:07.288Z  INFO 12692 --- [api.giybat.uz] [main] org.hibernate.orm.connections.pooling    : HHH10001005: Database info:
	Database JDBC URL [Connecting through datasource 'HikariDataSource (HikariPool-1)']
	Database driver: undefined/unknown
	Database version: 14.20
	Autocommit mode: undefined/unknown
	Isolation level: undefined/unknown
	Minimum pool size: undefined/unknown
	Maximum pool size: undefined/unknown
2026-01-31T13:03:08.074Z  INFO 12692 --- [api.giybat.uz] [main] o.h.e.t.j.p.i.JtaPlatformInitiator       : HHH000489: No JTA platform available (set 'hibernate.transaction.jta.platform' to enable JTA platform integration)
2026-01-31T13:03:08.305Z  INFO 12692 --- [api.giybat.uz] [main] j.LocalContainerEntityManagerFactoryBean : Initialized JPA EntityManagerFactory for persistence unit 'default'
2026-01-31T13:03:08.479Z  INFO 12692 --- [api.giybat.uz] [main] o.s.d.j.r.query.QueryEnhancerFactory     : Hibernate is in classpath; If applicable, HQL parser will be used.
2026-01-31T13:03:09.316Z DEBUG 12692 --- [api.giybat.uz] [main] a.g.uz.config.JwtAuthenticationFilter    : Filter 'jwtAuthenticationFilter' configured for use
2026-01-31T13:03:09.327Z  WARN 12692 --- [api.giybat.uz] [main] ConfigServletWebServerApplicationContext : Exception encountered during context initialization - cancelling refresh attempt: org.springframework.beans.factory.BeanCreationException: Error creating bean with name 's3Config': Injection of autowired dependencies failed
2026-01-31T13:03:09.328Z  INFO 12692 --- [api.giybat.uz] [main] j.LocalContainerEntityManagerFactoryBean : Closing JPA EntityManagerFactory for persistence unit 'default'
2026-01-31T13:03:09.330Z  INFO 12692 --- [api.giybat.uz] [main] com.zaxxer.hikari.HikariDataSource       : HikariPool-1 - Shutdown initiated...
2026-01-31T13:03:09.333Z  INFO 12692 --- [api.giybat.uz] [main] com.zaxxer.hikari.HikariDataSource       : HikariPool-1 - Shutdown completed.
2026-01-31T13:03:09.336Z  INFO 12692 --- [api.giybat.uz] [main] o.apache.catalina.core.StandardService   : Stopping service [Tomcat]
2026-01-31T13:03:09.348Z  INFO 12692 --- [api.giybat.uz] [main] .s.b.a.l.ConditionEvaluationReportLogger : 

Error starting ApplicationContext. To display the condition evaluation report re-run your application with 'debug' enabled.
2026-01-31T13:03:09.366Z ERROR 12692 --- [api.giybat.uz] [main] o.s.boot.SpringApplication               : Application run failed

org.springframework.beans.factory.BeanCreationException: Error creating bean with name 's3Config': Injection of autowired dependencies failed
	at org.springframework.beans.factory.annotation.AutowiredAnnotationBeanPostProcessor.postProcessProperties(AutowiredAnnotationBeanPostProcessor.java:515) ~[spring-beans-6.2.2.jar:6.2.2]
	at org.springframework.beans.factory.support.AbstractAutowireCapableBeanFactory.populateBean(AbstractAutowireCapableBeanFactory.java:1445) ~[spring-beans-6.2.2.jar:6.2.2]
	at org.springframework.beans.factory.support.AbstractAutowireCapableBeanFactory.doCreateBean(AbstractAutowireCapableBeanFactory.java:600) ~[spring-beans-6.2.2.jar:6.2.2]
	at org.springframework.beans.factory.support.AbstractAutowireCapableBeanFactory.createBean(AbstractAutowireCapableBeanFactory.java:523) ~[spring-beans-6.2.2.jar:6.2.2]
	at org.springframework.beans.factory.support.AbstractBeanFactory.lambda$doGetBean$0(AbstractBeanFactory.java:336) ~[spring-beans-6.2.2.jar:6.2.2]
	at org.springframework.beans.factory.support.DefaultSingletonBeanRegistry.getSingleton(DefaultSingletonBeanRegistry.java:307) ~[spring-beans-6.2.2.jar:6.2.2]
	at org.springframework.beans.factory.support.AbstractBeanFactory.doGetBean(AbstractBeanFactory.java:334) ~[spring-beans-6.2.2.jar:6.2.2]
	at org.springframework.beans.factory.support.AbstractBeanFactory.getBean(AbstractBeanFactory.java:199) ~[spring-beans-6.2.2.jar:6.2.2]
	at org.springframework.beans.factory.support.DefaultListableBeanFactory.instantiateSingleton(DefaultListableBeanFactory.java:1122) ~[spring-beans-6.2.2.jar:6.2.2]
	at org.springframework.beans.factory.support.DefaultListableBeanFactory.preInstantiateSingleton(DefaultListableBeanFactory.java:1093) ~[spring-beans-6.2.2.jar:6.2.2]
	at org.springframework.beans.factory.support.DefaultListableBeanFactory.preInstantiateSingletons(DefaultListableBeanFactory.java:1030) ~[spring-beans-6.2.2.jar:6.2.2]
	at org.springframework.context.support.AbstractApplicationContext.finishBeanFactoryInitialization(AbstractApplicationContext.java:987) ~[spring-context-6.2.2.jar:6.2.2]
	at org.springframework.context.support.AbstractApplicationContext.refresh(AbstractApplicationContext.java:627) ~[spring-context-6.2.2.jar:6.2.2]
	at org.springframework.boot.web.servlet.context.ServletWebServerApplicationContext.refresh(ServletWebServerApplicationContext.java:146) ~[spring-boot-3.4.2.jar:3.4.2]
	at org.springframework.boot.SpringApplication.refresh(SpringApplication.java:752) ~[spring-boot-3.4.2.jar:3.4.2]
	at org.springframework.boot.SpringApplication.refreshContext(SpringApplication.java:439) ~[spring-boot-3.4.2.jar:3.4.2]
	at org.springframework.boot.SpringApplication.run(SpringApplication.java:318) ~[spring-boot-3.4.2.jar:3.4.2]
	at org.springframework.boot.SpringApplication.run(SpringApplication.java:1361) ~[spring-boot-3.4.2.jar:3.4.2]
	at org.springframework.boot.SpringApplication.run(SpringApplication.java:1350) ~[spring-boot-3.4.2.jar:3.4.2]
	at api.giybat.uz.Application.main(Application.java:31) ~[classes/:na]
Caused by: org.springframework.util.PlaceholderResolutionException: Could not resolve placeholder 'AWS_ACCESS_KEY' in value "${AWS_ACCESS_KEY}" <-- "${aws.s3.accessKey}"
	at org.springframework.util.PlaceholderResolutionException.withValue(PlaceholderResolutionException.java:81) ~[spring-core-6.2.2.jar:6.2.2]
	at org.springframework.util.PlaceholderParser$ParsedValue.resolve(PlaceholderParser.java:416) ~[spring-core-6.2.2.jar:6.2.2]
	at org.springframework.util.PlaceholderParser.replacePlaceholders(PlaceholderParser.java:128) ~[spring-core-6.2.2.jar:6.2.2]
	at org.springframework.util.PropertyPlaceholderHelper.parseStringValue(PropertyPlaceholderHelper.java:118) ~[spring-core-6.2.2.jar:6.2.2]
	at org.springframework.util.PropertyPlaceholderHelper.replacePlaceholders(PropertyPlaceholderHelper.java:114) ~[spring-core-6.2.2.jar:6.2.2]
	at org.springframework.core.env.AbstractPropertyResolver.doResolvePlaceholders(AbstractPropertyResolver.java:255) ~[spring-core-6.2.2.jar:6.2.2]
	at org.springframework.core.env.AbstractPropertyResolver.resolveRequiredPlaceholders(AbstractPropertyResolver.java:226) ~[spring-core-6.2.2.jar:6.2.2]
	at org.springframework.context.support.PropertySourcesPlaceholderConfigurer.lambda$processProperties$0(PropertySourcesPlaceholderConfigurer.java:201) ~[spring-context-6.2.2.jar:6.2.2]
	at org.springframework.beans.factory.support.AbstractBeanFactory.resolveEmbeddedValue(AbstractBeanFactory.java:963) ~[spring-beans-6.2.2.jar:6.2.2]
	at org.springframework.beans.factory.support.DefaultListableBeanFactory.doResolveDependency(DefaultListableBeanFactory.java:1541) ~[spring-beans-6.2.2.jar:6.2.2]
	at org.springframework.beans.factory.support.DefaultListableBeanFactory.resolveDependency(DefaultListableBeanFactory.java:1519) ~[spring-beans-6.2.2.jar:6.2.2]
	at org.springframework.beans.factory.annotation.AutowiredAnnotationBeanPostProcessor$AutowiredFieldElement.resolveFieldValue(AutowiredAnnotationBeanPostProcessor.java:785) ~[spring-beans-6.2.2.jar:6.2.2]
	at org.springframework.beans.factory.annotation.AutowiredAnnotationBeanPostProcessor$AutowiredFieldElement.inject(AutowiredAnnotationBeanPostProcessor.java:768) ~[spring-beans-6.2.2.jar:6.2.2]
	at org.springframework.beans.factory.annotation.InjectionMetadata.inject(InjectionMetadata.java:146) ~[spring-beans-6.2.2.jar:6.2.2]
	at org.springframework.beans.factory.annotation.AutowiredAnnotationBeanPostProcessor.postProcessProperties(AutowiredAnnotationBeanPostProcessor.java:509) ~[spring-beans-6.2.2.jar:6.2.2]
	... 19 common frames omitted

2026-01-31T13:04:47.159Z  INFO 13612 --- [api.giybat.uz] [main] api.giybat.uz.Application                : Starting Application using Java 17.0.11 with PID 13612 (D:\Programs\GIYBAT.UZ\api.giybat.uz\target\classes started by adilo in D:\Programs\GIYBAT.UZ)
2026-01-31T13:04:47.161Z DEBUG 13612 --- [api.giybat.uz] [main] api.giybat.uz.Application                : Running with Spring Boot v3.4.2, Spring v6.2.2
2026-01-31T13:04:47.161Z  INFO 13612 --- [api.giybat.uz] [main] api.giybat.uz.Application                : The following 1 profile is active: "local"
2026-01-31T13:04:47.868Z  INFO 13612 --- [api.giybat.uz] [main] .s.d.r.c.RepositoryConfigurationDelegate : Bootstrapping Spring Data JPA repositories in DEFAULT mode.
2026-01-31T13:04:47.929Z  INFO 13612 --- [api.giybat.uz] [main] .s.d.r.c.RepositoryConfigurationDelegate : Finished Spring Data repository scanning in 51 ms. Found 7 JPA repository interfaces.
2026-01-31T13:04:48.387Z  INFO 13612 --- [api.giybat.uz] [main] o.s.b.w.embedded.tomcat.TomcatWebServer  : Tomcat initialized with port 8080 (http)
2026-01-31T13:04:48.396Z  INFO 13612 --- [api.giybat.uz] [main] o.apache.catalina.core.StandardService   : Starting service [Tomcat]
2026-01-31T13:04:48.396Z  INFO 13612 --- [api.giybat.uz] [main] o.apache.catalina.core.StandardEngine    : Starting Servlet engine: [Apache Tomcat/10.1.34]
2026-01-31T13:04:48.449Z  INFO 13612 --- [api.giybat.uz] [main] o.a.c.c.C.[Tomcat].[localhost].[/]       : Initializing Spring embedded WebApplicationContext
2026-01-31T13:04:48.450Z  INFO 13612 --- [api.giybat.uz] [main] w.s.c.ServletWebServerApplicationContext : Root WebApplicationContext: initialization completed in 1245 ms
2026-01-31T13:04:48.633Z  INFO 13612 --- [api.giybat.uz] [main] com.zaxxer.hikari.HikariDataSource       : HikariPool-1 - Starting...
2026-01-31T13:04:48.761Z  INFO 13612 --- [api.giybat.uz] [main] com.zaxxer.hikari.pool.HikariPool        : HikariPool-1 - Added connection org.postgresql.jdbc.PgConnection@6546371
2026-01-31T13:04:48.762Z  INFO 13612 --- [api.giybat.uz] [main] com.zaxxer.hikari.HikariDataSource       : HikariPool-1 - Start completed.
2026-01-31T13:04:48.787Z  INFO 13612 --- [api.giybat.uz] [main] org.flywaydb.core.FlywayExecutor         : Database: jdbc:postgresql://localhost:5432/giybat_db (PostgreSQL 14.20)
2026-01-31T13:04:48.827Z  INFO 13612 --- [api.giybat.uz] [main] o.f.core.internal.command.DbValidate     : Successfully validated 2 migrations (execution time 00:00.023s)
2026-01-31T13:04:48.881Z  INFO 13612 --- [api.giybat.uz] [main] o.f.core.internal.command.DbMigrate      : Current version of schema "public": 2
2026-01-31T13:04:48.884Z  INFO 13612 --- [api.giybat.uz] [main] o.f.core.internal.command.DbMigrate      : Schema "public" is up to date. No migration necessary.
2026-01-31T13:04:48.949Z  INFO 13612 --- [api.giybat.uz] [main] o.hibernate.jpa.internal.util.LogHelper  : HHH000204: Processing PersistenceUnitInfo [name: default]
2026-01-31T13:04:48.988Z  INFO 13612 --- [api.giybat.uz] [main] org.hibernate.Version                    : HHH000412: Hibernate ORM core version 6.6.5.Final
2026-01-31T13:04:49.017Z  INFO 13612 --- [api.giybat.uz] [main] o.h.c.internal.RegionFactoryInitiator    : HHH000026: Second-level cache disabled
2026-01-31T13:04:49.222Z  INFO 13612 --- [api.giybat.uz] [main] o.s.o.j.p.SpringPersistenceUnitInfo      : No LoadTimeWeaver setup: ignoring JPA class transformer
2026-01-31T13:04:49.274Z  WARN 13612 --- [api.giybat.uz] [main] org.hibernate.orm.deprecation            : HHH90000025: PostgreSQLDialect does not need to be specified explicitly using 'hibernate.dialect' (remove the property setting and it will be selected by default)
2026-01-31T13:04:49.287Z  INFO 13612 --- [api.giybat.uz] [main] org.hibernate.orm.connections.pooling    : HHH10001005: Database info:
	Database JDBC URL [Connecting through datasource 'HikariDataSource (HikariPool-1)']
	Database driver: undefined/unknown
	Database version: 14.20
	Autocommit mode: undefined/unknown
	Isolation level: undefined/unknown
	Minimum pool size: undefined/unknown
	Maximum pool size: undefined/unknown
2026-01-31T13:04:50.072Z  INFO 13612 --- [api.giybat.uz] [main] o.h.e.t.j.p.i.JtaPlatformInitiator       : HHH000489: No JTA platform available (set 'hibernate.transaction.jta.platform' to enable JTA platform integration)
2026-01-31T13:04:50.285Z  INFO 13612 --- [api.giybat.uz] [main] j.LocalContainerEntityManagerFactoryBean : Initialized JPA EntityManagerFactory for persistence unit 'default'
2026-01-31T13:04:50.460Z  INFO 13612 --- [api.giybat.uz] [main] o.s.d.j.r.query.QueryEnhancerFactory     : Hibernate is in classpath; If applicable, HQL parser will be used.
2026-01-31T13:04:51.324Z DEBUG 13612 --- [api.giybat.uz] [main] a.g.uz.config.JwtAuthenticationFilter    : Filter 'jwtAuthenticationFilter' configured for use
2026-01-31T13:04:52.013Z  WARN 13612 --- [api.giybat.uz] [main] JpaBaseConfiguration$JpaWebConfiguration : spring.jpa.open-in-view is enabled by default. Therefore, database queries may be performed during view rendering. Explicitly configure spring.jpa.open-in-view to disable this warning
2026-01-31T13:04:52.041Z  INFO 13612 --- [api.giybat.uz] [main] eAuthenticationProviderManagerConfigurer : Global AuthenticationManager configured with AuthenticationProvider bean with name authenticationProvider
2026-01-31T13:04:52.041Z  WARN 13612 --- [api.giybat.uz] [main] r$InitializeUserDetailsManagerConfigurer : Global AuthenticationManager configured with an AuthenticationProvider bean. UserDetailsService beans will not be used by Spring Security for automatically configuring username/password login. Consider removing the AuthenticationProvider bean. Alternatively, consider using the UserDetailsService in a manually instantiated DaoAuthenticationProvider. If the current configuration is intentional, to turn off this warning, increase the logging level of 'org.springframework.security.config.annotation.authentication.configuration.InitializeUserDetailsBeanManagerConfigurer' to ERROR
2026-01-31T13:04:52.649Z  INFO 13612 --- [api.giybat.uz] [main] o.s.b.w.embedded.tomcat.TomcatWebServer  : Tomcat started on port 8080 (http) with context path '/'
2026-01-31T13:04:52.659Z  INFO 13612 --- [api.giybat.uz] [main] api.giybat.uz.Application                : Started Application in 5.856 seconds (process running for 6.355)
2026-01-31T13:04:52.671Z  INFO 13612 --- [api.giybat.uz] [main] org.flywaydb.core.FlywayExecutor         : Database: jdbc:postgresql://localhost:5432/giybat_db (PostgreSQL 14.20)
2026-01-31T13:04:52.677Z  INFO 13612 --- [api.giybat.uz] [main] o.f.core.internal.command.DbValidate     : Successfully validated 2 migrations (execution time 00:00.002s)
2026-01-31T13:04:52.682Z  INFO 13612 --- [api.giybat.uz] [main] o.f.core.internal.command.DbMigrate      : Current version of schema "public": 2
2026-01-31T13:04:52.683Z  INFO 13612 --- [api.giybat.uz] [main] o.f.core.internal.command.DbMigrate      : Schema "public" is up to date. No migration necessary.
2026-01-31T13:05:35.835Z  INFO 13612 --- [api.giybat.uz] [http-nio-8080-exec-1] o.a.c.c.C.[Tomcat].[localhost].[/]       : Initializing Spring DispatcherServlet 'dispatcherServlet'
2026-01-31T13:05:35.835Z  INFO 13612 --- [api.giybat.uz] [http-nio-8080-exec-1] o.s.web.servlet.DispatcherServlet        : Initializing Servlet 'dispatcherServlet'
2026-01-31T13:05:35.837Z  INFO 13612 --- [api.giybat.uz] [http-nio-8080-exec-1] o.s.web.servlet.DispatcherServlet        : Completed initialization in 2 ms
2026-01-31T13:05:36.599Z  WARN 13612 --- [api.giybat.uz] [http-nio-8080-exec-1] com.amazonaws.util.Base64                : JAXB is unavailable. Will fallback to SDK implementation which may be less performant.If you are using Java 9+, you will need to include javax.xml.bind:jaxb-api as a dependency.
2026-01-31T13:07:05.608Z  INFO 13612 --- [api.giybat.uz] [http-nio-8080-exec-7] a.giybat.uz.controller.AuthController    : Login: username: ortiqovmuzaffar171@gmail.com
2026-01-31T13:07:05.813Z  INFO 13612 --- [api.giybat.uz] [http-nio-8080-exec-9] a.giybat.uz.controller.PostController    : Get profile's own posts: 
2026-01-31T13:07:05.842Z  WARN 13612 --- [api.giybat.uz] [http-nio-8080-exec-9] ration$PageModule$WarningLoggingModifier : Serializing PageImpl instances as-is is not supported, meaning that there is no guarantee about the stability of the resulting JSON structure!
	For a stable JSON structure, please use Spring Data's PagedModel (globally via @EnableSpringDataWebSupport(pageSerializationMode = VIA_DTO))
	or Spring HATEOAS and Spring Data's PagedResourcesAssembler as documented in https://docs.spring.io/spring-data/commons/reference/repositories/core-extensions.html#core.web.pageables.

2026-01-31T13:07:30.977Z  INFO 13612 --- [api.giybat.uz] [http-nio-8080-exec-1] a.giybat.uz.controller.PostController    : Get profile's own posts: 
2026-01-31T13:09:15.696Z  INFO 13612 --- [api.giybat.uz] [SpringApplicationShutdownHook] o.s.b.w.e.tomcat.GracefulShutdown        : Commencing graceful shutdown. Waiting for active requests to complete
2026-01-31T13:09:15.799Z  INFO 13612 --- [api.giybat.uz] [tomcat-shutdown] o.s.b.w.e.tomcat.GracefulShutdown        : Graceful shutdown complete
2026-01-31T13:09:15.816Z  INFO 13612 --- [api.giybat.uz] [SpringApplicationShutdownHook] j.LocalContainerEntityManagerFactoryBean : Closing JPA EntityManagerFactory for persistence unit 'default'
2026-01-31T13:09:15.816Z  INFO 13612 --- [api.giybat.uz] [SpringApplicationShutdownHook] com.zaxxer.hikari.HikariDataSource       : HikariPool-1 - Shutdown initiated...
2026-01-31T13:09:15.830Z  INFO 13612 --- [api.giybat.uz] [SpringApplicationShutdownHook] com.zaxxer.hikari.HikariDataSource       : HikariPool-1 - Shutdown completed.
2026-01-31T13:09:18.430Z  INFO 19592 --- [api.giybat.uz] [main] api.giybat.uz.Application                : Starting Application using Java 17.0.11 with PID 19592 (D:\Programs\GIYBAT.UZ\api.giybat.uz\target\classes started by adilo in D:\Programs\GIYBAT.UZ)
2026-01-31T13:09:18.432Z DEBUG 19592 --- [api.giybat.uz] [main] api.giybat.uz.Application                : Running with Spring Boot v3.4.2, Spring v6.2.2
2026-01-31T13:09:18.433Z  INFO 19592 --- [api.giybat.uz] [main] api.giybat.uz.Application                : The following 1 profile is active: "local"
2026-01-31T13:09:19.265Z  INFO 19592 --- [api.giybat.uz] [main] .s.d.r.c.RepositoryConfigurationDelegate : Bootstrapping Spring Data JPA repositories in DEFAULT mode.
2026-01-31T13:09:19.326Z  INFO 19592 --- [api.giybat.uz] [main] .s.d.r.c.RepositoryConfigurationDelegate : Finished Spring Data repository scanning in 52 ms. Found 7 JPA repository interfaces.
2026-01-31T13:09:19.781Z  INFO 19592 --- [api.giybat.uz] [main] o.s.b.w.embedded.tomcat.TomcatWebServer  : Tomcat initialized with port 8080 (http)
2026-01-31T13:09:19.791Z  INFO 19592 --- [api.giybat.uz] [main] o.apache.catalina.core.StandardService   : Starting service [Tomcat]
2026-01-31T13:09:19.791Z  INFO 19592 --- [api.giybat.uz] [main] o.apache.catalina.core.StandardEngine    : Starting Servlet engine: [Apache Tomcat/10.1.34]
2026-01-31T13:09:19.843Z  INFO 19592 --- [api.giybat.uz] [main] o.a.c.c.C.[Tomcat].[localhost].[/]       : Initializing Spring embedded WebApplicationContext
2026-01-31T13:09:19.843Z  INFO 19592 --- [api.giybat.uz] [main] w.s.c.ServletWebServerApplicationContext : Root WebApplicationContext: initialization completed in 1360 ms
2026-01-31T13:09:20.016Z  INFO 19592 --- [api.giybat.uz] [main] com.zaxxer.hikari.HikariDataSource       : HikariPool-1 - Starting...
2026-01-31T13:09:20.158Z  INFO 19592 --- [api.giybat.uz] [main] com.zaxxer.hikari.pool.HikariPool        : HikariPool-1 - Added connection org.postgresql.jdbc.PgConnection@464ede1f
2026-01-31T13:09:20.159Z  INFO 19592 --- [api.giybat.uz] [main] com.zaxxer.hikari.HikariDataSource       : HikariPool-1 - Start completed.
2026-01-31T13:09:20.183Z  INFO 19592 --- [api.giybat.uz] [main] org.flywaydb.core.FlywayExecutor         : Database: jdbc:postgresql://localhost:5432/giybat_db (PostgreSQL 14.20)
2026-01-31T13:09:20.223Z  INFO 19592 --- [api.giybat.uz] [main] o.f.core.internal.command.DbValidate     : Successfully validated 2 migrations (execution time 00:00.023s)
2026-01-31T13:09:20.275Z  INFO 19592 --- [api.giybat.uz] [main] o.f.core.internal.command.DbMigrate      : Current version of schema "public": 2
2026-01-31T13:09:20.280Z  INFO 19592 --- [api.giybat.uz] [main] o.f.core.internal.command.DbMigrate      : Schema "public" is up to date. No migration necessary.
2026-01-31T13:09:20.352Z  INFO 19592 --- [api.giybat.uz] [main] o.hibernate.jpa.internal.util.LogHelper  : HHH000204: Processing PersistenceUnitInfo [name: default]
2026-01-31T13:09:20.426Z  INFO 19592 --- [api.giybat.uz] [main] org.hibernate.Version                    : HHH000412: Hibernate ORM core version 6.6.5.Final
2026-01-31T13:09:20.469Z  INFO 19592 --- [api.giybat.uz] [main] o.h.c.internal.RegionFactoryInitiator    : HHH000026: Second-level cache disabled
2026-01-31T13:09:20.736Z  INFO 19592 --- [api.giybat.uz] [main] o.s.o.j.p.SpringPersistenceUnitInfo      : No LoadTimeWeaver setup: ignoring JPA class transformer
2026-01-31T13:09:20.800Z  WARN 19592 --- [api.giybat.uz] [main] org.hibernate.orm.deprecation            : HHH90000025: PostgreSQLDialect does not need to be specified explicitly using 'hibernate.dialect' (remove the property setting and it will be selected by default)
2026-01-31T13:09:20.814Z  INFO 19592 --- [api.giybat.uz] [main] org.hibernate.orm.connections.pooling    : HHH10001005: Database info:
	Database JDBC URL [Connecting through datasource 'HikariDataSource (HikariPool-1)']
	Database driver: undefined/unknown
	Database version: 14.20
	Autocommit mode: undefined/unknown
	Isolation level: undefined/unknown
	Minimum pool size: undefined/unknown
	Maximum pool size: undefined/unknown
2026-01-31T13:09:21.691Z  INFO 19592 --- [api.giybat.uz] [main] o.h.e.t.j.p.i.JtaPlatformInitiator       : HHH000489: No JTA platform available (set 'hibernate.transaction.jta.platform' to enable JTA platform integration)
2026-01-31T13:09:21.929Z  INFO 19592 --- [api.giybat.uz] [main] j.LocalContainerEntityManagerFactoryBean : Initialized JPA EntityManagerFactory for persistence unit 'default'
2026-01-31T13:09:22.107Z  INFO 19592 --- [api.giybat.uz] [main] o.s.d.j.r.query.QueryEnhancerFactory     : Hibernate is in classpath; If applicable, HQL parser will be used.
2026-01-31T13:09:22.941Z DEBUG 19592 --- [api.giybat.uz] [main] a.g.uz.config.JwtAuthenticationFilter    : Filter 'jwtAuthenticationFilter' configured for use
2026-01-31T13:09:23.528Z  WARN 19592 --- [api.giybat.uz] [main] JpaBaseConfiguration$JpaWebConfiguration : spring.jpa.open-in-view is enabled by default. Therefore, database queries may be performed during view rendering. Explicitly configure spring.jpa.open-in-view to disable this warning
2026-01-31T13:09:23.555Z  INFO 19592 --- [api.giybat.uz] [main] eAuthenticationProviderManagerConfigurer : Global AuthenticationManager configured with AuthenticationProvider bean with name authenticationProvider
2026-01-31T13:09:23.556Z  WARN 19592 --- [api.giybat.uz] [main] r$InitializeUserDetailsManagerConfigurer : Global AuthenticationManager configured with an AuthenticationProvider bean. UserDetailsService beans will not be used by Spring Security for automatically configuring username/password login. Consider removing the AuthenticationProvider bean. Alternatively, consider using the UserDetailsService in a manually instantiated DaoAuthenticationProvider. If the current configuration is intentional, to turn off this warning, increase the logging level of 'org.springframework.security.config.annotation.authentication.configuration.InitializeUserDetailsBeanManagerConfigurer' to ERROR
2026-01-31T13:09:24.118Z  INFO 19592 --- [api.giybat.uz] [main] o.s.b.w.embedded.tomcat.TomcatWebServer  : Tomcat started on port 8080 (http) with context path '/'
2026-01-31T13:09:24.127Z  INFO 19592 --- [api.giybat.uz] [main] api.giybat.uz.Application                : Started Application in 6.181 seconds (process running for 6.799)
2026-01-31T13:09:24.146Z  INFO 19592 --- [api.giybat.uz] [main] org.flywaydb.core.FlywayExecutor         : Database: jdbc:postgresql://localhost:5432/giybat_db (PostgreSQL 14.20)
2026-01-31T13:09:24.153Z  INFO 19592 --- [api.giybat.uz] [main] o.f.core.internal.command.DbValidate     : Successfully validated 2 migrations (execution time 00:00.002s)
2026-01-31T13:09:24.157Z  INFO 19592 --- [api.giybat.uz] [main] o.f.core.internal.command.DbMigrate      : Current version of schema "public": 2
2026-01-31T13:09:24.157Z  INFO 19592 --- [api.giybat.uz] [main] o.f.core.internal.command.DbMigrate      : Schema "public" is up to date. No migration necessary.
2026-01-31T13:09:29.369Z  INFO 19592 --- [api.giybat.uz] [http-nio-8080-exec-1] o.a.c.c.C.[Tomcat].[localhost].[/]       : Initializing Spring DispatcherServlet 'dispatcherServlet'
2026-01-31T13:09:29.370Z  INFO 19592 --- [api.giybat.uz] [http-nio-8080-exec-1] o.s.web.servlet.DispatcherServlet        : Initializing Servlet 'dispatcherServlet'
2026-01-31T13:09:29.372Z  INFO 19592 --- [api.giybat.uz] [http-nio-8080-exec-1] o.s.web.servlet.DispatcherServlet        : Completed initialization in 2 ms
2026-01-31T13:09:29.627Z  INFO 19592 --- [api.giybat.uz] [http-nio-8080-exec-10] a.giybat.uz.controller.PostController    : Get profile's own posts: 
2026-01-31T13:09:29.644Z  WARN 19592 --- [api.giybat.uz] [http-nio-8080-exec-10] ration$PageModule$WarningLoggingModifier : Serializing PageImpl instances as-is is not supported, meaning that there is no guarantee about the stability of the resulting JSON structure!
	For a stable JSON structure, please use Spring Data's PagedModel (globally via @EnableSpringDataWebSupport(pageSerializationMode = VIA_DTO))
	or Spring HATEOAS and Spring Data's PagedResourcesAssembler as documented in https://docs.spring.io/spring-data/commons/reference/repositories/core-extensions.html#core.web.pageables.

2026-01-31T13:09:30.718Z  INFO 19592 --- [api.giybat.uz] [http-nio-8080-exec-5] a.giybat.uz.controller.PostController    : Get profile's own posts: 
2026-01-31T13:09:31.568Z  INFO 19592 --- [api.giybat.uz] [http-nio-8080-exec-6] a.giybat.uz.controller.PostController    : Get profile's own posts: 
2026-01-31T13:09:32.330Z  INFO 19592 --- [api.giybat.uz] [http-nio-8080-exec-4] a.giybat.uz.controller.PostController    : Get profile's own posts: 
2026-01-31T13:09:34.862Z  INFO 19592 --- [api.giybat.uz] [http-nio-8080-exec-7] a.giybat.uz.controller.PostController    : Get post by id: c0d22f04-8408-4bf3-a210-76250d72f44d
2026-01-31T13:10:13.586Z  INFO 19592 --- [api.giybat.uz] [http-nio-8080-exec-8] a.giybat.uz.controller.PostController    : Get profile's own posts: 
2026-01-31T13:10:25.245Z  INFO 19592 --- [api.giybat.uz] [http-nio-8080-exec-1] a.g.uz.controller.ProfileController      : Request to update profile details for user ID: b01a9f4d-fa46-412b-8319-50ba51cfe29f
2026-01-31T13:10:29.717Z  WARN 19592 --- [api.giybat.uz] [http-nio-8080-exec-5] com.amazonaws.util.Base64                : JAXB is unavailable. Will fallback to SDK implementation which may be less performant.If you are using Java 9+, you will need to include javax.xml.bind:jaxb-api as a dependency.
2026-01-31T13:10:29.773Z ERROR 19592 --- [api.giybat.uz] [http-nio-8080-exec-4] api.giybat.uz.service.ProfileService     : No profile found with id: b01a9f4d-fa46-412b-8319-50ba51cfe29f
2026-01-31T13:10:29.858Z  WARN 19592 --- [api.giybat.uz] [http-nio-8080-exec-4] o.h.engine.jdbc.spi.SqlExceptionHelper   : SQL Error: 0, SQLState: 23503
2026-01-31T13:10:29.858Z ERROR 19592 --- [api.giybat.uz] [http-nio-8080-exec-4] o.h.engine.jdbc.spi.SqlExceptionHelper   : ERROR: update or delete on table "attach" violates foreign key constraint "fkol7hbk7arjubdo9ce832xe569" on table "profile"
  Detail: Key (id)=(13bc8aa4-3db6-474f-bfe7-47dd797c0c3e.jpg) is still referenced from table "profile".
2026-01-31T13:19:42.810Z  INFO 19592 --- [api.giybat.uz] [SpringApplicationShutdownHook] o.s.b.w.e.tomcat.GracefulShutdown        : Commencing graceful shutdown. Waiting for active requests to complete
2026-01-31T13:19:42.884Z  INFO 19592 --- [api.giybat.uz] [tomcat-shutdown] o.s.b.w.e.tomcat.GracefulShutdown        : Graceful shutdown complete
2026-01-31T13:19:42.930Z  INFO 19592 --- [api.giybat.uz] [SpringApplicationShutdownHook] j.LocalContainerEntityManagerFactoryBean : Closing JPA EntityManagerFactory for persistence unit 'default'
2026-01-31T13:19:42.951Z  INFO 19592 --- [api.giybat.uz] [SpringApplicationShutdownHook] com.zaxxer.hikari.HikariDataSource       : HikariPool-1 - Shutdown initiated...
2026-01-31T13:19:43.002Z  INFO 19592 --- [api.giybat.uz] [SpringApplicationShutdownHook] com.zaxxer.hikari.HikariDataSource       : HikariPool-1 - Shutdown completed.
2026-01-31T13:19:49.035Z  INFO 8148 --- [api.giybat.uz] [main] api.giybat.uz.Application                : Starting Application using Java 17.0.11 with PID 8148 (D:\Programs\GIYBAT.UZ\api.giybat.uz\target\classes started by adilo in D:\Programs\GIYBAT.UZ)
2026-01-31T13:19:49.038Z DEBUG 8148 --- [api.giybat.uz] [main] api.giybat.uz.Application                : Running with Spring Boot v3.4.2, Spring v6.2.2
2026-01-31T13:19:49.039Z  INFO 8148 --- [api.giybat.uz] [main] api.giybat.uz.Application                : The following 1 profile is active: "local"
2026-01-31T13:19:49.967Z  INFO 8148 --- [api.giybat.uz] [main] .s.d.r.c.RepositoryConfigurationDelegate : Bootstrapping Spring Data JPA repositories in DEFAULT mode.
2026-01-31T13:19:50.034Z  INFO 8148 --- [api.giybat.uz] [main] .s.d.r.c.RepositoryConfigurationDelegate : Finished Spring Data repository scanning in 56 ms. Found 7 JPA repository interfaces.
2026-01-31T13:19:50.541Z  INFO 8148 --- [api.giybat.uz] [main] o.s.b.w.embedded.tomcat.TomcatWebServer  : Tomcat initialized with port 8080 (http)
2026-01-31T13:19:50.552Z  INFO 8148 --- [api.giybat.uz] [main] o.apache.catalina.core.StandardService   : Starting service [Tomcat]
2026-01-31T13:19:50.552Z  INFO 8148 --- [api.giybat.uz] [main] o.apache.catalina.core.StandardEngine    : Starting Servlet engine: [Apache Tomcat/10.1.34]
2026-01-31T13:19:50.612Z  INFO 8148 --- [api.giybat.uz] [main] o.a.c.c.C.[Tomcat].[localhost].[/]       : Initializing Spring embedded WebApplicationContext
2026-01-31T13:19:50.613Z  INFO 8148 --- [api.giybat.uz] [main] w.s.c.ServletWebServerApplicationContext : Root WebApplicationContext: initialization completed in 1527 ms
2026-01-31T13:19:50.793Z  INFO 8148 --- [api.giybat.uz] [main] com.zaxxer.hikari.HikariDataSource       : HikariPool-1 - Starting...
2026-01-31T13:19:50.947Z  INFO 8148 --- [api.giybat.uz] [main] com.zaxxer.hikari.pool.HikariPool        : HikariPool-1 - Added connection org.postgresql.jdbc.PgConnection@510da778
2026-01-31T13:19:50.948Z  INFO 8148 --- [api.giybat.uz] [main] com.zaxxer.hikari.HikariDataSource       : HikariPool-1 - Start completed.
2026-01-31T13:19:50.974Z  INFO 8148 --- [api.giybat.uz] [main] org.flywaydb.core.FlywayExecutor         : Database: jdbc:postgresql://localhost:5432/giybat_db (PostgreSQL 14.20)
2026-01-31T13:19:51.018Z  INFO 8148 --- [api.giybat.uz] [main] o.f.core.internal.command.DbValidate     : Successfully validated 2 migrations (execution time 00:00.026s)
2026-01-31T13:19:51.207Z  INFO 8148 --- [api.giybat.uz] [main] o.f.core.internal.command.DbMigrate      : Current version of schema "public": 2
2026-01-31T13:19:51.211Z  INFO 8148 --- [api.giybat.uz] [main] o.f.core.internal.command.DbMigrate      : Schema "public" is up to date. No migration necessary.
2026-01-31T13:19:51.296Z  INFO 8148 --- [api.giybat.uz] [main] o.hibernate.jpa.internal.util.LogHelper  : HHH000204: Processing PersistenceUnitInfo [name: default]
2026-01-31T13:19:51.364Z  INFO 8148 --- [api.giybat.uz] [main] org.hibernate.Version                    : HHH000412: Hibernate ORM core version 6.6.5.Final
2026-01-31T13:19:51.399Z  INFO 8148 --- [api.giybat.uz] [main] o.h.c.internal.RegionFactoryInitiator    : HHH000026: Second-level cache disabled
2026-01-31T13:19:51.684Z  INFO 8148 --- [api.giybat.uz] [main] o.s.o.j.p.SpringPersistenceUnitInfo      : No LoadTimeWeaver setup: ignoring JPA class transformer
2026-01-31T13:19:51.738Z  WARN 8148 --- [api.giybat.uz] [main] org.hibernate.orm.deprecation            : HHH90000025: PostgreSQLDialect does not need to be specified explicitly using 'hibernate.dialect' (remove the property setting and it will be selected by default)
2026-01-31T13:19:51.753Z  INFO 8148 --- [api.giybat.uz] [main] org.hibernate.orm.connections.pooling    : HHH10001005: Database info:
	Database JDBC URL [Connecting through datasource 'HikariDataSource (HikariPool-1)']
	Database driver: undefined/unknown
	Database version: 14.20
	Autocommit mode: undefined/unknown
	Isolation level: undefined/unknown
	Minimum pool size: undefined/unknown
	Maximum pool size: undefined/unknown
2026-01-31T13:19:52.638Z  INFO 8148 --- [api.giybat.uz] [main] o.h.e.t.j.p.i.JtaPlatformInitiator       : HHH000489: No JTA platform available (set 'hibernate.transaction.jta.platform' to enable JTA platform integration)
2026-01-31T13:19:52.871Z  INFO 8148 --- [api.giybat.uz] [main] j.LocalContainerEntityManagerFactoryBean : Initialized JPA EntityManagerFactory for persistence unit 'default'
2026-01-31T13:19:53.089Z  INFO 8148 --- [api.giybat.uz] [main] o.s.d.j.r.query.QueryEnhancerFactory     : Hibernate is in classpath; If applicable, HQL parser will be used.
2026-01-31T13:19:53.905Z DEBUG 8148 --- [api.giybat.uz] [main] a.g.uz.config.JwtAuthenticationFilter    : Filter 'jwtAuthenticationFilter' configured for use
2026-01-31T13:19:54.504Z  WARN 8148 --- [api.giybat.uz] [main] JpaBaseConfiguration$JpaWebConfiguration : spring.jpa.open-in-view is enabled by default. Therefore, database queries may be performed during view rendering. Explicitly configure spring.jpa.open-in-view to disable this warning
2026-01-31T13:19:54.534Z  INFO 8148 --- [api.giybat.uz] [main] eAuthenticationProviderManagerConfigurer : Global AuthenticationManager configured with AuthenticationProvider bean with name authenticationProvider
2026-01-31T13:19:54.534Z  WARN 8148 --- [api.giybat.uz] [main] r$InitializeUserDetailsManagerConfigurer : Global AuthenticationManager configured with an AuthenticationProvider bean. UserDetailsService beans will not be used by Spring Security for automatically configuring username/password login. Consider removing the AuthenticationProvider bean. Alternatively, consider using the UserDetailsService in a manually instantiated DaoAuthenticationProvider. If the current configuration is intentional, to turn off this warning, increase the logging level of 'org.springframework.security.config.annotation.authentication.configuration.InitializeUserDetailsBeanManagerConfigurer' to ERROR
2026-01-31T13:19:55.154Z  INFO 8148 --- [api.giybat.uz] [main] o.s.b.w.embedded.tomcat.TomcatWebServer  : Tomcat started on port 8080 (http) with context path '/'
2026-01-31T13:19:55.165Z  INFO 8148 --- [api.giybat.uz] [main] api.giybat.uz.Application                : Started Application in 6.699 seconds (process running for 7.368)
2026-01-31T13:19:55.176Z  INFO 8148 --- [api.giybat.uz] [main] org.flywaydb.core.FlywayExecutor         : Database: jdbc:postgresql://localhost:5432/giybat_db (PostgreSQL 14.20)
2026-01-31T13:19:55.183Z  INFO 8148 --- [api.giybat.uz] [main] o.f.core.internal.command.DbValidate     : Successfully validated 2 migrations (execution time 00:00.002s)
2026-01-31T13:19:55.187Z  INFO 8148 --- [api.giybat.uz] [main] o.f.core.internal.command.DbMigrate      : Current version of schema "public": 2
2026-01-31T13:19:55.187Z  INFO 8148 --- [api.giybat.uz] [main] o.f.core.internal.command.DbMigrate      : Schema "public" is up to date. No migration necessary.
2026-01-31T13:20:00.919Z  INFO 8148 --- [api.giybat.uz] [http-nio-8080-exec-1] o.a.c.c.C.[Tomcat].[localhost].[/]       : Initializing Spring DispatcherServlet 'dispatcherServlet'
2026-01-31T13:20:00.919Z  INFO 8148 --- [api.giybat.uz] [http-nio-8080-exec-1] o.s.web.servlet.DispatcherServlet        : Initializing Servlet 'dispatcherServlet'
2026-01-31T13:20:00.921Z  INFO 8148 --- [api.giybat.uz] [http-nio-8080-exec-1] o.s.web.servlet.DispatcherServlet        : Completed initialization in 1 ms
2026-01-31T13:20:01.857Z  WARN 8148 --- [api.giybat.uz] [http-nio-8080-exec-7] com.amazonaws.util.Base64                : JAXB is unavailable. Will fallback to SDK implementation which may be less performant.If you are using Java 9+, you will need to include javax.xml.bind:jaxb-api as a dependency.
2026-01-31T13:20:01.957Z ERROR 8148 --- [api.giybat.uz] [http-nio-8080-exec-4] api.giybat.uz.service.ProfileService     : No profile found with id: b01a9f4d-fa46-412b-8319-50ba51cfe29f
2026-01-31T13:20:02.057Z  INFO 8148 --- [api.giybat.uz] [http-nio-8080-exec-4] a.g.uz.controller.ProfileController      : Profile photo updated
2026-01-31T13:20:37.108Z ERROR 8148 --- [api.giybat.uz] [http-nio-8080-exec-8] api.giybat.uz.service.ProfileService     : No profile found with id: b01a9f4d-fa46-412b-8319-50ba51cfe29f
2026-01-31T13:20:37.175Z  INFO 8148 --- [api.giybat.uz] [http-nio-8080-exec-8] a.g.uz.controller.ProfileController      : Profile photo updated
2026-01-31T13:30:50.887Z  WARN 8148 --- [api.giybat.uz] [HikariPool-1 housekeeper] com.zaxxer.hikari.pool.HikariPool        : HikariPool-1 - Thread starvation or clock leap detected (housekeeper delta=1m29s679ms432s300ns).
2026-01-31T13:41:14.021Z ERROR 8148 --- [api.giybat.uz] [http-nio-8080-exec-3] api.giybat.uz.service.ProfileService     : No profile found with id: b01a9f4d-fa46-412b-8319-50ba51cfe29f
2026-01-31T13:41:14.108Z  INFO 8148 --- [api.giybat.uz] [http-nio-8080-exec-3] a.g.uz.controller.ProfileController      : Profile photo updated
2026-01-31T13:42:05.329Z  INFO 8148 --- [api.giybat.uz] [http-nio-8080-exec-5] a.giybat.uz.controller.PostController    : Get profile's own posts: 
2026-01-31T13:42:05.442Z  WARN 8148 --- [api.giybat.uz] [http-nio-8080-exec-5] ration$PageModule$WarningLoggingModifier : Serializing PageImpl instances as-is is not supported, meaning that there is no guarantee about the stability of the resulting JSON structure!
	For a stable JSON structure, please use Spring Data's PagedModel (globally via @EnableSpringDataWebSupport(pageSerializationMode = VIA_DTO))
	or Spring HATEOAS and Spring Data's PagedResourcesAssembler as documented in https://docs.spring.io/spring-data/commons/reference/repositories/core-extensions.html#core.web.pageables.

2026-01-31T13:45:05.442Z  INFO 8148 --- [api.giybat.uz] [http-nio-8080-exec-1] a.giybat.uz.controller.PostController    : Create post: api.giybat.uz.dto.post.PostCreateDTO@4bab5834
2026-01-31T13:45:05.442Z  INFO 8148 --- [api.giybat.uz] [http-nio-8080-exec-7] a.giybat.uz.controller.PostController    : Create post: api.giybat.uz.dto.post.PostCreateDTO@7bdb045c
2026-01-31T13:45:11.691Z  INFO 8148 --- [api.giybat.uz] [http-nio-8080-exec-4] a.giybat.uz.controller.PostController    : Get profile's own posts: 
2026-01-31T13:45:20.760Z  INFO 8148 --- [api.giybat.uz] [http-nio-8080-exec-6] a.giybat.uz.controller.PostController    : Get post by id: b7b60d10-d0b2-4e11-a68d-c7388b50c344
2026-01-31T13:45:29.231Z  INFO 8148 --- [api.giybat.uz] [http-nio-8080-exec-9] a.giybat.uz.controller.PostController    : Get profile's own posts: 
2026-01-31T13:45:31.133Z  INFO 8148 --- [api.giybat.uz] [http-nio-8080-exec-8] a.giybat.uz.controller.PostController    : Get post by id: 49246f0f-47b3-4047-b8fd-97bd1a471dee
2026-01-31T13:45:40.470Z  INFO 8148 --- [api.giybat.uz] [http-nio-8080-exec-7] a.giybat.uz.controller.PostController    : Get profile's own posts: 
2026-01-31T13:45:46.518Z  INFO 8148 --- [api.giybat.uz] [http-nio-8080-exec-4] a.giybat.uz.controller.PostController    : Get post by id: b7b60d10-d0b2-4e11-a68d-c7388b50c344
2026-01-31T13:45:51.491Z  INFO 8148 --- [api.giybat.uz] [http-nio-8080-exec-6] a.giybat.uz.controller.PostController    : Update post by id: b7b60d10-d0b2-4e11-a68d-c7388b50c344
2026-01-31T13:45:53.158Z  INFO 8148 --- [api.giybat.uz] [http-nio-8080-exec-9] a.giybat.uz.controller.PostController    : Get profile's own posts: 
2026-01-31T13:45:57.681Z  INFO 8148 --- [api.giybat.uz] [http-nio-8080-exec-8] a.giybat.uz.controller.PostController    : Get post by id: b7b60d10-d0b2-4e11-a68d-c7388b50c344
2026-01-31T13:46:09.957Z  INFO 8148 --- [api.giybat.uz] [http-nio-8080-exec-3] a.giybat.uz.controller.PostController    : Update post by id: b7b60d10-d0b2-4e11-a68d-c7388b50c344
2026-01-31T13:46:11.462Z  INFO 8148 --- [api.giybat.uz] [http-nio-8080-exec-5] a.giybat.uz.controller.PostController    : Get profile's own posts: 
2026-01-31T13:50:07.304Z  INFO 8148 --- [api.giybat.uz] [http-nio-8080-exec-9] a.giybat.uz.controller.PostController    : Get profile's own posts: 
2026-01-31T13:50:20.519Z  INFO 8148 --- [api.giybat.uz] [http-nio-8080-exec-8] a.giybat.uz.controller.PostController    : Get profile's own posts: 
2026-01-31T13:54:02.325Z  INFO 8148 --- [api.giybat.uz] [http-nio-8080-exec-3] a.giybat.uz.controller.PostController    : Get profile's own posts: 
2026-01-31T14:01:42.831Z  INFO 8148 --- [api.giybat.uz] [SpringApplicationShutdownHook] o.s.b.w.e.tomcat.GracefulShutdown        : Commencing graceful shutdown. Waiting for active requests to complete
2026-01-31T14:01:42.910Z  INFO 8148 --- [api.giybat.uz] [tomcat-shutdown] o.s.b.w.e.tomcat.GracefulShutdown        : Graceful shutdown complete
2026-01-31T14:01:42.942Z  INFO 8148 --- [api.giybat.uz] [SpringApplicationShutdownHook] j.LocalContainerEntityManagerFactoryBean : Closing JPA EntityManagerFactory for persistence unit 'default'
2026-01-31T14:01:42.966Z  INFO 8148 --- [api.giybat.uz] [SpringApplicationShutdownHook] com.zaxxer.hikari.HikariDataSource       : HikariPool-1 - Shutdown initiated...
2026-01-31T14:01:42.978Z  INFO 8148 --- [api.giybat.uz] [SpringApplicationShutdownHook] com.zaxxer.hikari.HikariDataSource       : HikariPool-1 - Shutdown completed.
