2026-01-28T23:52:47.782Z  INFO 20040 --- [api.giybat.uz] [main] api.giybat.uz.Application                : Starting Application using Java 17.0.11 with PID 20040 (D:\Programs\GIYBAT.UZ\api.giybat.uz\target\classes started by adilo in D:\Programs\GIYBAT.UZ)
2026-01-28T23:52:47.785Z DEBUG 20040 --- [api.giybat.uz] [main] api.giybat.uz.Application                : Running with Spring Boot v3.4.2, Spring v6.2.2
2026-01-28T23:52:47.786Z  INFO 20040 --- [api.giybat.uz] [main] api.giybat.uz.Application                : The following 1 profile is active: "local"
2026-01-28T23:52:49.611Z  INFO 20040 --- [api.giybat.uz] [main] .s.d.r.c.RepositoryConfigurationDelegate : Bootstrapping Spring Data JPA repositories in DEFAULT mode.
2026-01-28T23:52:49.708Z  INFO 20040 --- [api.giybat.uz] [main] .s.d.r.c.RepositoryConfigurationDelegate : Finished Spring Data repository scanning in 77 ms. Found 7 JPA repository interfaces.
2026-01-28T23:52:50.909Z  INFO 20040 --- [api.giybat.uz] [main] o.s.b.w.embedded.tomcat.TomcatWebServer  : Tomcat initialized with port 8080 (http)
2026-01-28T23:52:50.929Z  INFO 20040 --- [api.giybat.uz] [main] o.apache.catalina.core.StandardService   : Starting service [Tomcat]
2026-01-28T23:52:50.929Z  INFO 20040 --- [api.giybat.uz] [main] o.apache.catalina.core.StandardEngine    : Starting Servlet engine: [Apache Tomcat/10.1.34]
2026-01-28T23:52:51.022Z  INFO 20040 --- [api.giybat.uz] [main] o.a.c.c.C.[Tomcat].[localhost].[/]       : Initializing Spring embedded WebApplicationContext
2026-01-28T23:52:51.022Z  INFO 20040 --- [api.giybat.uz] [main] w.s.c.ServletWebServerApplicationContext : Root WebApplicationContext: initialization completed in 3177 ms
2026-01-28T23:52:51.405Z  INFO 20040 --- [api.giybat.uz] [main] com.zaxxer.hikari.HikariDataSource       : HikariPool-1 - Starting...
2026-01-28T23:52:51.738Z  INFO 20040 --- [api.giybat.uz] [main] com.zaxxer.hikari.pool.HikariPool        : HikariPool-1 - Added connection org.postgresql.jdbc.PgConnection@524f5ea5
2026-01-28T23:52:51.740Z  INFO 20040 --- [api.giybat.uz] [main] com.zaxxer.hikari.HikariDataSource       : HikariPool-1 - Start completed.
2026-01-28T23:52:51.775Z  INFO 20040 --- [api.giybat.uz] [main] org.flywaydb.core.FlywayExecutor         : Database: jdbc:postgresql://localhost:5432/giybat_db (PostgreSQL 14.20)
2026-01-28T23:52:51.835Z  INFO 20040 --- [api.giybat.uz] [main] o.f.core.internal.command.DbValidate     : Successfully validated 2 migrations (execution time 00:00.029s)
2026-01-28T23:52:51.889Z  INFO 20040 --- [api.giybat.uz] [main] o.f.core.internal.command.DbMigrate      : Current version of schema "public": 2
2026-01-28T23:52:51.893Z  INFO 20040 --- [api.giybat.uz] [main] o.f.core.internal.command.DbMigrate      : Schema "public" is up to date. No migration necessary.
2026-01-28T23:52:51.985Z  INFO 20040 --- [api.giybat.uz] [main] o.hibernate.jpa.internal.util.LogHelper  : HHH000204: Processing PersistenceUnitInfo [name: default]
2026-01-28T23:52:52.068Z  INFO 20040 --- [api.giybat.uz] [main] org.hibernate.Version                    : HHH000412: Hibernate ORM core version 6.6.5.Final
2026-01-28T23:52:52.108Z  INFO 20040 --- [api.giybat.uz] [main] o.h.c.internal.RegionFactoryInitiator    : HHH000026: Second-level cache disabled
2026-01-28T23:52:52.770Z  INFO 20040 --- [api.giybat.uz] [main] o.s.o.j.p.SpringPersistenceUnitInfo      : No LoadTimeWeaver setup: ignoring JPA class transformer
2026-01-28T23:52:52.851Z  WARN 20040 --- [api.giybat.uz] [main] org.hibernate.orm.deprecation            : HHH90000025: PostgreSQLDialect does not need to be specified explicitly using 'hibernate.dialect' (remove the property setting and it will be selected by default)
2026-01-28T23:52:52.872Z  INFO 20040 --- [api.giybat.uz] [main] org.hibernate.orm.connections.pooling    : HHH10001005: Database info:
	Database JDBC URL [Connecting through datasource 'HikariDataSource (HikariPool-1)']
	Database driver: undefined/unknown
	Database version: 14.20
	Autocommit mode: undefined/unknown
	Isolation level: undefined/unknown
	Minimum pool size: undefined/unknown
	Maximum pool size: undefined/unknown
2026-01-28T23:52:54.742Z  INFO 20040 --- [api.giybat.uz] [main] o.h.e.t.j.p.i.JtaPlatformInitiator       : HHH000489: No JTA platform available (set 'hibernate.transaction.jta.platform' to enable JTA platform integration)
2026-01-28T23:52:55.010Z  INFO 20040 --- [api.giybat.uz] [main] j.LocalContainerEntityManagerFactoryBean : Initialized JPA EntityManagerFactory for persistence unit 'default'
2026-01-28T23:52:55.244Z  INFO 20040 --- [api.giybat.uz] [main] o.s.d.j.r.query.QueryEnhancerFactory     : Hibernate is in classpath; If applicable, HQL parser will be used.
2026-01-28T23:52:56.360Z DEBUG 20040 --- [api.giybat.uz] [main] a.g.uz.config.JwtAuthenticationFilter    : Filter 'jwtAuthenticationFilter' configured for use
2026-01-28T23:52:56.761Z  WARN 20040 --- [api.giybat.uz] [main] JpaBaseConfiguration$JpaWebConfiguration : spring.jpa.open-in-view is enabled by default. Therefore, database queries may be performed during view rendering. Explicitly configure spring.jpa.open-in-view to disable this warning
2026-01-28T23:52:56.792Z  INFO 20040 --- [api.giybat.uz] [main] eAuthenticationProviderManagerConfigurer : Global AuthenticationManager configured with AuthenticationProvider bean with name authenticationProvider
2026-01-28T23:52:56.792Z  WARN 20040 --- [api.giybat.uz] [main] r$InitializeUserDetailsManagerConfigurer : Global AuthenticationManager configured with an AuthenticationProvider bean. UserDetailsService beans will not be used by Spring Security for automatically configuring username/password login. Consider removing the AuthenticationProvider bean. Alternatively, consider using the UserDetailsService in a manually instantiated DaoAuthenticationProvider. If the current configuration is intentional, to turn off this warning, increase the logging level of 'org.springframework.security.config.annotation.authentication.configuration.InitializeUserDetailsBeanManagerConfigurer' to ERROR
2026-01-28T23:52:57.511Z  INFO 20040 --- [api.giybat.uz] [main] o.s.b.w.embedded.tomcat.TomcatWebServer  : Tomcat started on port 8080 (http) with context path '/'
2026-01-28T23:52:57.522Z  INFO 20040 --- [api.giybat.uz] [main] api.giybat.uz.Application                : Started Application in 10.281 seconds (process running for 11.017)
2026-01-28T23:52:57.536Z  INFO 20040 --- [api.giybat.uz] [main] org.flywaydb.core.FlywayExecutor         : Database: jdbc:postgresql://localhost:5432/giybat_db (PostgreSQL 14.20)
2026-01-28T23:52:57.542Z  INFO 20040 --- [api.giybat.uz] [main] o.f.core.internal.command.DbValidate     : Successfully validated 2 migrations (execution time 00:00.003s)
2026-01-28T23:52:57.547Z  INFO 20040 --- [api.giybat.uz] [main] o.f.core.internal.command.DbMigrate      : Current version of schema "public": 2
2026-01-28T23:52:57.548Z  INFO 20040 --- [api.giybat.uz] [main] o.f.core.internal.command.DbMigrate      : Schema "public" is up to date. No migration necessary.
2026-01-28T23:53:53.895Z  INFO 20040 --- [api.giybat.uz] [http-nio-8080-exec-1] o.a.c.c.C.[Tomcat].[localhost].[/]       : Initializing Spring DispatcherServlet 'dispatcherServlet'
2026-01-28T23:53:53.895Z  INFO 20040 --- [api.giybat.uz] [http-nio-8080-exec-1] o.s.web.servlet.DispatcherServlet        : Initializing Servlet 'dispatcherServlet'
2026-01-28T23:53:53.897Z  INFO 20040 --- [api.giybat.uz] [http-nio-8080-exec-1] o.s.web.servlet.DispatcherServlet        : Completed initialization in 2 ms
2026-01-28T23:53:53.983Z  INFO 20040 --- [api.giybat.uz] [http-nio-8080-exec-2] a.giybat.uz.controller.AuthController    : Login: username: ortiqovmuzaffar171@gmail.com
2026-01-28T23:53:54.746Z  INFO 20040 --- [api.giybat.uz] [http-nio-8080-exec-4] a.giybat.uz.controller.PostController    : Get profile's own posts: 
2026-01-28T23:53:54.768Z  WARN 20040 --- [api.giybat.uz] [http-nio-8080-exec-4] ration$PageModule$WarningLoggingModifier : Serializing PageImpl instances as-is is not supported, meaning that there is no guarantee about the stability of the resulting JSON structure!
	For a stable JSON structure, please use Spring Data's PagedModel (globally via @EnableSpringDataWebSupport(pageSerializationMode = VIA_DTO))
	or Spring HATEOAS and Spring Data's PagedResourcesAssembler as documented in https://docs.spring.io/spring-data/commons/reference/repositories/core-extensions.html#core.web.pageables.

2026-01-28T23:56:32.528Z  INFO 20040 --- [api.giybat.uz] [http-nio-8080-exec-10] a.giybat.uz.controller.PostController    : Create post: api.giybat.uz.dto.post.PostCreateDTO@1497050c
2026-01-28T23:56:35.005Z  INFO 20040 --- [api.giybat.uz] [http-nio-8080-exec-1] a.giybat.uz.controller.PostController    : Get profile's own posts: 
2026-01-28T23:58:06.979Z  INFO 20040 --- [api.giybat.uz] [http-nio-8080-exec-6] a.giybat.uz.controller.PostController    : Get profile's own posts: 
2026-01-28T23:58:52.381Z  INFO 20040 --- [api.giybat.uz] [http-nio-8080-exec-10] a.giybat.uz.controller.PostController    : Get profile's own posts: 
2026-01-28T23:58:59.565Z  INFO 20040 --- [api.giybat.uz] [http-nio-8080-exec-2] a.giybat.uz.controller.PostController    : Get profile's own posts: 
2026-01-28T23:59:52.084Z ERROR 20040 --- [api.giybat.uz] [http-nio-8080-exec-8] api.giybat.uz.service.ProfileService     : No profile found with id: b01a9f4d-fa46-412b-8319-50ba51cfe29f
2026-01-28T23:59:52.118Z  INFO 20040 --- [api.giybat.uz] [http-nio-8080-exec-8] a.g.uz.controller.ProfileController      : Profile photo updated
