2026-02-01T08:29:48.476Z  INFO 14384 --- [api.giybat.uz] [main] api.giybat.uz.Application                : Starting Application using Java 17.0.11 with PID 14384 (D:\Programs\GIYBAT.UZ\api.giybat.uz\target\classes started by adilo in D:\Programs\GIYBAT.UZ)
2026-02-01T08:29:48.481Z DEBUG 14384 --- [api.giybat.uz] [main] api.giybat.uz.Application                : Running with Spring Boot v3.4.2, Spring v6.2.2
2026-02-01T08:29:48.482Z  INFO 14384 --- [api.giybat.uz] [main] api.giybat.uz.Application                : The following 1 profile is active: "local"
2026-02-01T08:29:49.429Z  INFO 14384 --- [api.giybat.uz] [main] .s.d.r.c.RepositoryConfigurationDelegate : Bootstrapping Spring Data JPA repositories in DEFAULT mode.
2026-02-01T08:29:49.501Z  INFO 14384 --- [api.giybat.uz] [main] .s.d.r.c.RepositoryConfigurationDelegate : Finished Spring Data repository scanning in 64 ms. Found 7 JPA repository interfaces.
2026-02-01T08:29:50.076Z  INFO 14384 --- [api.giybat.uz] [main] o.s.b.w.embedded.tomcat.TomcatWebServer  : Tomcat initialized with port 8080 (http)
2026-02-01T08:29:50.118Z  INFO 14384 --- [api.giybat.uz] [main] o.apache.catalina.core.StandardService   : Starting service [Tomcat]
2026-02-01T08:29:50.118Z  INFO 14384 --- [api.giybat.uz] [main] o.apache.catalina.core.StandardEngine    : Starting Servlet engine: [Apache Tomcat/10.1.34]
2026-02-01T08:29:50.290Z  INFO 14384 --- [api.giybat.uz] [main] o.a.c.c.C.[Tomcat].[localhost].[/]       : Initializing Spring embedded WebApplicationContext
2026-02-01T08:29:50.291Z  INFO 14384 --- [api.giybat.uz] [main] w.s.c.ServletWebServerApplicationContext : Root WebApplicationContext: initialization completed in 1763 ms
2026-02-01T08:29:50.795Z  INFO 14384 --- [api.giybat.uz] [main] com.zaxxer.hikari.HikariDataSource       : HikariPool-1 - Starting...
2026-02-01T08:29:51.179Z  INFO 14384 --- [api.giybat.uz] [main] com.zaxxer.hikari.pool.HikariPool        : HikariPool-1 - Added connection org.postgresql.jdbc.PgConnection@6f8667bb
2026-02-01T08:29:51.185Z  INFO 14384 --- [api.giybat.uz] [main] com.zaxxer.hikari.HikariDataSource       : HikariPool-1 - Start completed.
2026-02-01T08:29:51.248Z  INFO 14384 --- [api.giybat.uz] [main] org.flywaydb.core.FlywayExecutor         : Database: jdbc:postgresql://localhost:5432/giybat_db (PostgreSQL 14.20)
2026-02-01T08:29:51.354Z  INFO 14384 --- [api.giybat.uz] [main] o.f.core.internal.command.DbValidate     : Successfully validated 2 migrations (execution time 00:00.054s)
2026-02-01T08:29:51.380Z  INFO 14384 --- [api.giybat.uz] [main] o.f.core.internal.command.DbMigrate      : Current version of schema "public": 2
2026-02-01T08:29:51.388Z  INFO 14384 --- [api.giybat.uz] [main] o.f.core.internal.command.DbMigrate      : Schema "public" is up to date. No migration necessary.
2026-02-01T08:29:51.652Z  INFO 14384 --- [api.giybat.uz] [main] o.hibernate.jpa.internal.util.LogHelper  : HHH000204: Processing PersistenceUnitInfo [name: default]
2026-02-01T08:29:51.794Z  INFO 14384 --- [api.giybat.uz] [main] org.hibernate.Version                    : HHH000412: Hibernate ORM core version 6.6.5.Final
2026-02-01T08:29:51.877Z  INFO 14384 --- [api.giybat.uz] [main] o.h.c.internal.RegionFactoryInitiator    : HHH000026: Second-level cache disabled
2026-02-01T08:29:52.583Z  INFO 14384 --- [api.giybat.uz] [main] o.s.o.j.p.SpringPersistenceUnitInfo      : No LoadTimeWeaver setup: ignoring JPA class transformer
2026-02-01T08:29:52.749Z  WARN 14384 --- [api.giybat.uz] [main] org.hibernate.orm.deprecation            : HHH90000025: PostgreSQLDialect does not need to be specified explicitly using 'hibernate.dialect' (remove the property setting and it will be selected by default)
2026-02-01T08:29:52.792Z  INFO 14384 --- [api.giybat.uz] [main] org.hibernate.orm.connections.pooling    : HHH10001005: Database info:
	Database JDBC URL [Connecting through datasource 'HikariDataSource (HikariPool-1)']
	Database driver: undefined/unknown
	Database version: 14.20
	Autocommit mode: undefined/unknown
	Isolation level: undefined/unknown
	Minimum pool size: undefined/unknown
	Maximum pool size: undefined/unknown
2026-02-01T08:29:55.509Z  INFO 14384 --- [api.giybat.uz] [main] o.h.e.t.j.p.i.JtaPlatformInitiator       : HHH000489: No JTA platform available (set 'hibernate.transaction.jta.platform' to enable JTA platform integration)
2026-02-01T08:29:56.346Z  INFO 14384 --- [api.giybat.uz] [main] j.LocalContainerEntityManagerFactoryBean : Initialized JPA EntityManagerFactory for persistence unit 'default'
2026-02-01T08:29:56.914Z  INFO 14384 --- [api.giybat.uz] [main] o.s.d.j.r.query.QueryEnhancerFactory     : Hibernate is in classpath; If applicable, HQL parser will be used.
2026-02-01T08:29:59.303Z DEBUG 14384 --- [api.giybat.uz] [main] a.g.uz.config.JwtAuthenticationFilter    : Filter 'jwtAuthenticationFilter' configured for use
2026-02-01T08:30:00.975Z  WARN 14384 --- [api.giybat.uz] [main] JpaBaseConfiguration$JpaWebConfiguration : spring.jpa.open-in-view is enabled by default. Therefore, database queries may be performed during view rendering. Explicitly configure spring.jpa.open-in-view to disable this warning
2026-02-01T08:30:01.013Z  INFO 14384 --- [api.giybat.uz] [main] eAuthenticationProviderManagerConfigurer : Global AuthenticationManager configured with AuthenticationProvider bean with name authenticationProvider
2026-02-01T08:30:01.013Z  WARN 14384 --- [api.giybat.uz] [main] r$InitializeUserDetailsManagerConfigurer : Global AuthenticationManager configured with an AuthenticationProvider bean. UserDetailsService beans will not be used by Spring Security for automatically configuring username/password login. Consider removing the AuthenticationProvider bean. Alternatively, consider using the UserDetailsService in a manually instantiated DaoAuthenticationProvider. If the current configuration is intentional, to turn off this warning, increase the logging level of 'org.springframework.security.config.annotation.authentication.configuration.InitializeUserDetailsBeanManagerConfigurer' to ERROR
2026-02-01T08:30:02.115Z  INFO 14384 --- [api.giybat.uz] [main] o.s.b.w.embedded.tomcat.TomcatWebServer  : Tomcat started on port 8080 (http) with context path '/'
2026-02-01T08:30:02.126Z  INFO 14384 --- [api.giybat.uz] [main] api.giybat.uz.Application                : Started Application in 14.207 seconds (process running for 15.051)
2026-02-01T08:30:02.143Z  INFO 14384 --- [api.giybat.uz] [main] org.flywaydb.core.FlywayExecutor         : Database: jdbc:postgresql://localhost:5432/giybat_db (PostgreSQL 14.20)
2026-02-01T08:30:02.153Z  INFO 14384 --- [api.giybat.uz] [main] o.f.core.internal.command.DbValidate     : Successfully validated 2 migrations (execution time 00:00.004s)
2026-02-01T08:30:02.160Z  INFO 14384 --- [api.giybat.uz] [main] o.f.core.internal.command.DbMigrate      : Current version of schema "public": 2
2026-02-01T08:30:02.160Z  INFO 14384 --- [api.giybat.uz] [main] o.f.core.internal.command.DbMigrate      : Schema "public" is up to date. No migration necessary.
2026-02-01T08:30:10.139Z  INFO 14384 --- [api.giybat.uz] [http-nio-8080-exec-2] o.a.c.c.C.[Tomcat].[localhost].[/]       : Initializing Spring DispatcherServlet 'dispatcherServlet'
2026-02-01T08:30:10.139Z  INFO 14384 --- [api.giybat.uz] [http-nio-8080-exec-2] o.s.web.servlet.DispatcherServlet        : Initializing Servlet 'dispatcherServlet'
2026-02-01T08:30:10.139Z  INFO 14384 --- [api.giybat.uz] [http-nio-8080-exec-2] o.s.web.servlet.DispatcherServlet        : Completed initialization in 0 ms
2026-02-01T08:30:10.760Z  INFO 14384 --- [api.giybat.uz] [http-nio-8080-exec-1] a.giybat.uz.controller.PostController    : Get profile's own posts: 
2026-02-01T08:30:10.819Z  WARN 14384 --- [api.giybat.uz] [http-nio-8080-exec-1] ration$PageModule$WarningLoggingModifier : Serializing PageImpl instances as-is is not supported, meaning that there is no guarantee about the stability of the resulting JSON structure!
	For a stable JSON structure, please use Spring Data's PagedModel (globally via @EnableSpringDataWebSupport(pageSerializationMode = VIA_DTO))
	or Spring HATEOAS and Spring Data's PagedResourcesAssembler as documented in https://docs.spring.io/spring-data/commons/reference/repositories/core-extensions.html#core.web.pageables.

2026-02-01T08:30:10.969Z  INFO 14384 --- [api.giybat.uz] [http-nio-8080-exec-6] a.giybat.uz.controller.PostController    : Get profile's own posts: 
2026-02-01T08:30:11.693Z  INFO 14384 --- [api.giybat.uz] [http-nio-8080-exec-4] a.giybat.uz.controller.PostController    : Get profile's own posts: 
2026-02-01T08:30:11.812Z  INFO 14384 --- [api.giybat.uz] [http-nio-8080-exec-5] a.giybat.uz.controller.PostController    : Get profile's own posts: 
2026-02-01T08:30:12.005Z  INFO 14384 --- [api.giybat.uz] [http-nio-8080-exec-3] a.giybat.uz.controller.PostController    : Get profile's own posts: 
2026-02-01T08:30:12.145Z  INFO 14384 --- [api.giybat.uz] [http-nio-8080-exec-7] a.giybat.uz.controller.PostController    : Get profile's own posts: 
2026-02-01T08:30:12.364Z  INFO 14384 --- [api.giybat.uz] [http-nio-8080-exec-8] a.giybat.uz.controller.PostController    : Get profile's own posts: 
2026-02-01T08:30:12.675Z  INFO 14384 --- [api.giybat.uz] [http-nio-8080-exec-9] a.giybat.uz.controller.PostController    : Get profile's own posts: 
2026-02-01T08:30:12.927Z  INFO 14384 --- [api.giybat.uz] [http-nio-8080-exec-10] a.giybat.uz.controller.PostController    : Get profile's own posts: 
2026-02-01T08:30:24.838Z  INFO 14384 --- [api.giybat.uz] [http-nio-8080-exec-1] a.giybat.uz.controller.PostController    : Get profile's own posts: 
2026-02-01T08:30:29.279Z  INFO 14384 --- [api.giybat.uz] [http-nio-8080-exec-4] a.giybat.uz.controller.PostController    : Get post by id: c0d22f04-8408-4bf3-a210-76250d72f44d
2026-02-01T08:30:42.726Z  WARN 14384 --- [api.giybat.uz] [http-nio-8080-exec-3] com.amazonaws.util.Base64                : JAXB is unavailable. Will fallback to SDK implementation which may be less performant.If you are using Java 9+, you will need to include javax.xml.bind:jaxb-api as a dependency.
2026-02-01T08:30:42.863Z  INFO 14384 --- [api.giybat.uz] [http-nio-8080-exec-9] a.giybat.uz.controller.PostController    : Update post by id: c0d22f04-8408-4bf3-a210-76250d72f44d
2026-02-01T08:30:43.146Z  INFO 14384 --- [api.giybat.uz] [http-nio-8080-exec-10] a.giybat.uz.controller.PostController    : Update post by id: c0d22f04-8408-4bf3-a210-76250d72f44d
2026-02-01T08:30:46.363Z  INFO 14384 --- [api.giybat.uz] [http-nio-8080-exec-1] a.giybat.uz.controller.PostController    : Get profile's own posts: 
2026-02-01T08:32:24.762Z  INFO 14384 --- [api.giybat.uz] [SpringApplicationShutdownHook] o.s.b.w.e.tomcat.GracefulShutdown        : Commencing graceful shutdown. Waiting for active requests to complete
2026-02-01T08:32:24.836Z  INFO 14384 --- [api.giybat.uz] [tomcat-shutdown] o.s.b.w.e.tomcat.GracefulShutdown        : Graceful shutdown complete
2026-02-01T08:32:24.843Z  INFO 14384 --- [api.giybat.uz] [SpringApplicationShutdownHook] j.LocalContainerEntityManagerFactoryBean : Closing JPA EntityManagerFactory for persistence unit 'default'
2026-02-01T08:32:24.847Z  INFO 14384 --- [api.giybat.uz] [SpringApplicationShutdownHook] com.zaxxer.hikari.HikariDataSource       : HikariPool-1 - Shutdown initiated...
2026-02-01T08:32:24.851Z  INFO 14384 --- [api.giybat.uz] [SpringApplicationShutdownHook] com.zaxxer.hikari.HikariDataSource       : HikariPool-1 - Shutdown completed.
2026-02-01T08:32:29.055Z  INFO 20772 --- [api.giybat.uz] [main] api.giybat.uz.Application                : Starting Application using Java 17.0.11 with PID 20772 (D:\Programs\GIYBAT.UZ\api.giybat.uz\target\classes started by adilo in D:\Programs\GIYBAT.UZ)
2026-02-01T08:32:29.058Z DEBUG 20772 --- [api.giybat.uz] [main] api.giybat.uz.Application                : Running with Spring Boot v3.4.2, Spring v6.2.2
2026-02-01T08:32:29.059Z  INFO 20772 --- [api.giybat.uz] [main] api.giybat.uz.Application                : The following 1 profile is active: "local"
2026-02-01T08:32:30.098Z  INFO 20772 --- [api.giybat.uz] [main] .s.d.r.c.RepositoryConfigurationDelegate : Bootstrapping Spring Data JPA repositories in DEFAULT mode.
2026-02-01T08:32:30.173Z  INFO 20772 --- [api.giybat.uz] [main] .s.d.r.c.RepositoryConfigurationDelegate : Finished Spring Data repository scanning in 65 ms. Found 7 JPA repository interfaces.
2026-02-01T08:32:30.888Z  INFO 20772 --- [api.giybat.uz] [main] o.s.b.w.embedded.tomcat.TomcatWebServer  : Tomcat initialized with port 8080 (http)
2026-02-01T08:32:30.903Z  INFO 20772 --- [api.giybat.uz] [main] o.apache.catalina.core.StandardService   : Starting service [Tomcat]
2026-02-01T08:32:30.904Z  INFO 20772 --- [api.giybat.uz] [main] o.apache.catalina.core.StandardEngine    : Starting Servlet engine: [Apache Tomcat/10.1.34]
2026-02-01T08:32:30.979Z  INFO 20772 --- [api.giybat.uz] [main] o.a.c.c.C.[Tomcat].[localhost].[/]       : Initializing Spring embedded WebApplicationContext
2026-02-01T08:32:30.980Z  INFO 20772 --- [api.giybat.uz] [main] w.s.c.ServletWebServerApplicationContext : Root WebApplicationContext: initialization completed in 1872 ms
2026-02-01T08:32:31.238Z  INFO 20772 --- [api.giybat.uz] [main] com.zaxxer.hikari.HikariDataSource       : HikariPool-1 - Starting...
2026-02-01T08:32:31.446Z  INFO 20772 --- [api.giybat.uz] [main] com.zaxxer.hikari.pool.HikariPool        : HikariPool-1 - Added connection org.postgresql.jdbc.PgConnection@5a39e554
2026-02-01T08:32:31.449Z  INFO 20772 --- [api.giybat.uz] [main] com.zaxxer.hikari.HikariDataSource       : HikariPool-1 - Start completed.
2026-02-01T08:32:31.481Z  INFO 20772 --- [api.giybat.uz] [main] org.flywaydb.core.FlywayExecutor         : Database: jdbc:postgresql://localhost:5432/giybat_db (PostgreSQL 14.20)
2026-02-01T08:32:31.537Z  INFO 20772 --- [api.giybat.uz] [main] o.f.core.internal.command.DbValidate     : Successfully validated 2 migrations (execution time 00:00.031s)
2026-02-01T08:32:31.590Z  INFO 20772 --- [api.giybat.uz] [main] o.f.core.internal.command.DbMigrate      : Current version of schema "public": 2
2026-02-01T08:32:31.596Z  INFO 20772 --- [api.giybat.uz] [main] o.f.core.internal.command.DbMigrate      : Schema "public" is up to date. No migration necessary.
2026-02-01T08:32:31.708Z  INFO 20772 --- [api.giybat.uz] [main] o.hibernate.jpa.internal.util.LogHelper  : HHH000204: Processing PersistenceUnitInfo [name: default]
2026-02-01T08:32:31.810Z  INFO 20772 --- [api.giybat.uz] [main] org.hibernate.Version                    : HHH000412: Hibernate ORM core version 6.6.5.Final
2026-02-01T08:32:31.869Z  INFO 20772 --- [api.giybat.uz] [main] o.h.c.internal.RegionFactoryInitiator    : HHH000026: Second-level cache disabled
2026-02-01T08:32:32.304Z  INFO 20772 --- [api.giybat.uz] [main] o.s.o.j.p.SpringPersistenceUnitInfo      : No LoadTimeWeaver setup: ignoring JPA class transformer
2026-02-01T08:32:32.375Z  WARN 20772 --- [api.giybat.uz] [main] org.hibernate.orm.deprecation            : HHH90000025: PostgreSQLDialect does not need to be specified explicitly using 'hibernate.dialect' (remove the property setting and it will be selected by default)
2026-02-01T08:32:32.392Z  INFO 20772 --- [api.giybat.uz] [main] org.hibernate.orm.connections.pooling    : HHH10001005: Database info:
	Database JDBC URL [Connecting through datasource 'HikariDataSource (HikariPool-1)']
	Database driver: undefined/unknown
	Database version: 14.20
	Autocommit mode: undefined/unknown
	Isolation level: undefined/unknown
	Minimum pool size: undefined/unknown
	Maximum pool size: undefined/unknown
2026-02-01T08:32:33.637Z  INFO 20772 --- [api.giybat.uz] [main] o.h.e.t.j.p.i.JtaPlatformInitiator       : HHH000489: No JTA platform available (set 'hibernate.transaction.jta.platform' to enable JTA platform integration)
2026-02-01T08:32:33.939Z  INFO 20772 --- [api.giybat.uz] [main] j.LocalContainerEntityManagerFactoryBean : Initialized JPA EntityManagerFactory for persistence unit 'default'
2026-02-01T08:32:34.220Z  INFO 20772 --- [api.giybat.uz] [main] o.s.d.j.r.query.QueryEnhancerFactory     : Hibernate is in classpath; If applicable, HQL parser will be used.
2026-02-01T08:32:35.263Z DEBUG 20772 --- [api.giybat.uz] [main] a.g.uz.config.JwtAuthenticationFilter    : Filter 'jwtAuthenticationFilter' configured for use
2026-02-01T08:32:36.156Z  WARN 20772 --- [api.giybat.uz] [main] JpaBaseConfiguration$JpaWebConfiguration : spring.jpa.open-in-view is enabled by default. Therefore, database queries may be performed during view rendering. Explicitly configure spring.jpa.open-in-view to disable this warning
2026-02-01T08:32:36.205Z  INFO 20772 --- [api.giybat.uz] [main] eAuthenticationProviderManagerConfigurer : Global AuthenticationManager configured with AuthenticationProvider bean with name authenticationProvider
2026-02-01T08:32:36.205Z  WARN 20772 --- [api.giybat.uz] [main] r$InitializeUserDetailsManagerConfigurer : Global AuthenticationManager configured with an AuthenticationProvider bean. UserDetailsService beans will not be used by Spring Security for automatically configuring username/password login. Consider removing the AuthenticationProvider bean. Alternatively, consider using the UserDetailsService in a manually instantiated DaoAuthenticationProvider. If the current configuration is intentional, to turn off this warning, increase the logging level of 'org.springframework.security.config.annotation.authentication.configuration.InitializeUserDetailsBeanManagerConfigurer' to ERROR
2026-02-01T08:32:39.109Z  INFO 20772 --- [api.giybat.uz] [main] o.s.b.w.embedded.tomcat.TomcatWebServer  : Tomcat started on port 8080 (http) with context path '/'
2026-02-01T08:32:39.128Z  INFO 20772 --- [api.giybat.uz] [main] api.giybat.uz.Application                : Started Application in 10.559 seconds (process running for 12.169)
2026-02-01T08:32:39.158Z  INFO 20772 --- [api.giybat.uz] [main] org.flywaydb.core.FlywayExecutor         : Database: jdbc:postgresql://localhost:5432/giybat_db (PostgreSQL 14.20)
2026-02-01T08:32:39.170Z  INFO 20772 --- [api.giybat.uz] [main] o.f.core.internal.command.DbValidate     : Successfully validated 2 migrations (execution time 00:00.005s)
2026-02-01T08:32:39.177Z  INFO 20772 --- [api.giybat.uz] [main] o.f.core.internal.command.DbMigrate      : Current version of schema "public": 2
2026-02-01T08:32:39.178Z  INFO 20772 --- [api.giybat.uz] [main] o.f.core.internal.command.DbMigrate      : Schema "public" is up to date. No migration necessary.
2026-02-01T08:33:14.499Z  INFO 20772 --- [api.giybat.uz] [http-nio-8080-exec-1] o.a.c.c.C.[Tomcat].[localhost].[/]       : Initializing Spring DispatcherServlet 'dispatcherServlet'
2026-02-01T08:33:14.500Z  INFO 20772 --- [api.giybat.uz] [http-nio-8080-exec-1] o.s.web.servlet.DispatcherServlet        : Initializing Servlet 'dispatcherServlet'
2026-02-01T08:33:14.502Z  INFO 20772 --- [api.giybat.uz] [http-nio-8080-exec-1] o.s.web.servlet.DispatcherServlet        : Completed initialization in 2 ms
2026-02-01T08:33:14.616Z  INFO 20772 --- [api.giybat.uz] [http-nio-8080-exec-1] a.giybat.uz.controller.AuthController    : Login: username: ortiqovmuzaffar171@gmail.com
2026-02-01T08:33:26.170Z  INFO 20772 --- [api.giybat.uz] [SpringApplicationShutdownHook] o.s.b.w.e.tomcat.GracefulShutdown        : Commencing graceful shutdown. Waiting for active requests to complete
2026-02-01T08:33:26.408Z  INFO 20772 --- [api.giybat.uz] [tomcat-shutdown] o.s.b.w.e.tomcat.GracefulShutdown        : Graceful shutdown complete
2026-02-01T08:33:26.413Z  INFO 20772 --- [api.giybat.uz] [SpringApplicationShutdownHook] j.LocalContainerEntityManagerFactoryBean : Closing JPA EntityManagerFactory for persistence unit 'default'
2026-02-01T08:33:26.413Z  INFO 20772 --- [api.giybat.uz] [SpringApplicationShutdownHook] com.zaxxer.hikari.HikariDataSource       : HikariPool-1 - Shutdown initiated...
2026-02-01T08:33:26.413Z  INFO 20772 --- [api.giybat.uz] [SpringApplicationShutdownHook] com.zaxxer.hikari.HikariDataSource       : HikariPool-1 - Shutdown completed.
2026-02-01T08:33:31.841Z  INFO 22104 --- [api.giybat.uz] [main] api.giybat.uz.Application                : Starting Application using Java 17.0.11 with PID 22104 (D:\Programs\GIYBAT.UZ\api.giybat.uz\target\classes started by adilo in D:\Programs\GIYBAT.UZ)
2026-02-01T08:33:31.844Z DEBUG 22104 --- [api.giybat.uz] [main] api.giybat.uz.Application                : Running with Spring Boot v3.4.2, Spring v6.2.2
2026-02-01T08:33:31.846Z  INFO 22104 --- [api.giybat.uz] [main] api.giybat.uz.Application                : The following 1 profile is active: "local"
2026-02-01T08:33:32.701Z  INFO 22104 --- [api.giybat.uz] [main] .s.d.r.c.RepositoryConfigurationDelegate : Bootstrapping Spring Data JPA repositories in DEFAULT mode.
2026-02-01T08:33:32.753Z  INFO 22104 --- [api.giybat.uz] [main] .s.d.r.c.RepositoryConfigurationDelegate : Finished Spring Data repository scanning in 46 ms. Found 7 JPA repository interfaces.
2026-02-01T08:33:33.315Z  INFO 22104 --- [api.giybat.uz] [main] o.s.b.w.embedded.tomcat.TomcatWebServer  : Tomcat initialized with port 8080 (http)
2026-02-01T08:33:33.326Z  INFO 22104 --- [api.giybat.uz] [main] o.apache.catalina.core.StandardService   : Starting service [Tomcat]
2026-02-01T08:33:33.326Z  INFO 22104 --- [api.giybat.uz] [main] o.apache.catalina.core.StandardEngine    : Starting Servlet engine: [Apache Tomcat/10.1.34]
2026-02-01T08:33:33.383Z  INFO 22104 --- [api.giybat.uz] [main] o.a.c.c.C.[Tomcat].[localhost].[/]       : Initializing Spring embedded WebApplicationContext
2026-02-01T08:33:33.384Z  INFO 22104 --- [api.giybat.uz] [main] w.s.c.ServletWebServerApplicationContext : Root WebApplicationContext: initialization completed in 1481 ms
2026-02-01T08:33:33.594Z  INFO 22104 --- [api.giybat.uz] [main] com.zaxxer.hikari.HikariDataSource       : HikariPool-1 - Starting...
2026-02-01T08:33:33.759Z  INFO 22104 --- [api.giybat.uz] [main] com.zaxxer.hikari.pool.HikariPool        : HikariPool-1 - Added connection org.postgresql.jdbc.PgConnection@52c46334
2026-02-01T08:33:33.760Z  INFO 22104 --- [api.giybat.uz] [main] com.zaxxer.hikari.HikariDataSource       : HikariPool-1 - Start completed.
2026-02-01T08:33:33.788Z  INFO 22104 --- [api.giybat.uz] [main] org.flywaydb.core.FlywayExecutor         : Database: jdbc:postgresql://localhost:5432/giybat_db (PostgreSQL 14.20)
2026-02-01T08:33:33.848Z  INFO 22104 --- [api.giybat.uz] [main] o.f.core.internal.command.DbValidate     : Successfully validated 2 migrations (execution time 00:00.033s)
2026-02-01T08:33:33.904Z  INFO 22104 --- [api.giybat.uz] [main] o.f.core.internal.command.DbMigrate      : Current version of schema "public": 2
2026-02-01T08:33:33.909Z  INFO 22104 --- [api.giybat.uz] [main] o.f.core.internal.command.DbMigrate      : Schema "public" is up to date. No migration necessary.
2026-02-01T08:33:34.014Z  INFO 22104 --- [api.giybat.uz] [main] o.hibernate.jpa.internal.util.LogHelper  : HHH000204: Processing PersistenceUnitInfo [name: default]
2026-02-01T08:33:34.104Z  INFO 22104 --- [api.giybat.uz] [main] org.hibernate.Version                    : HHH000412: Hibernate ORM core version 6.6.5.Final
2026-02-01T08:33:34.144Z  INFO 22104 --- [api.giybat.uz] [main] o.h.c.internal.RegionFactoryInitiator    : HHH000026: Second-level cache disabled
2026-02-01T08:33:34.424Z  INFO 22104 --- [api.giybat.uz] [main] o.s.o.j.p.SpringPersistenceUnitInfo      : No LoadTimeWeaver setup: ignoring JPA class transformer
2026-02-01T08:33:34.501Z  WARN 22104 --- [api.giybat.uz] [main] org.hibernate.orm.deprecation            : HHH90000025: PostgreSQLDialect does not need to be specified explicitly using 'hibernate.dialect' (remove the property setting and it will be selected by default)
2026-02-01T08:33:34.528Z  INFO 22104 --- [api.giybat.uz] [main] org.hibernate.orm.connections.pooling    : HHH10001005: Database info:
	Database JDBC URL [Connecting through datasource 'HikariDataSource (HikariPool-1)']
	Database driver: undefined/unknown
	Database version: 14.20
	Autocommit mode: undefined/unknown
	Isolation level: undefined/unknown
	Minimum pool size: undefined/unknown
	Maximum pool size: undefined/unknown
2026-02-01T08:33:35.954Z  INFO 22104 --- [api.giybat.uz] [main] o.h.e.t.j.p.i.JtaPlatformInitiator       : HHH000489: No JTA platform available (set 'hibernate.transaction.jta.platform' to enable JTA platform integration)
2026-02-01T08:33:36.261Z  INFO 22104 --- [api.giybat.uz] [main] j.LocalContainerEntityManagerFactoryBean : Initialized JPA EntityManagerFactory for persistence unit 'default'
2026-02-01T08:33:36.446Z  INFO 22104 --- [api.giybat.uz] [main] o.s.d.j.r.query.QueryEnhancerFactory     : Hibernate is in classpath; If applicable, HQL parser will be used.
2026-02-01T08:33:37.634Z DEBUG 22104 --- [api.giybat.uz] [main] a.g.uz.config.JwtAuthenticationFilter    : Filter 'jwtAuthenticationFilter' configured for use
2026-02-01T08:33:38.344Z  WARN 22104 --- [api.giybat.uz] [main] JpaBaseConfiguration$JpaWebConfiguration : spring.jpa.open-in-view is enabled by default. Therefore, database queries may be performed during view rendering. Explicitly configure spring.jpa.open-in-view to disable this warning
2026-02-01T08:33:38.373Z  INFO 22104 --- [api.giybat.uz] [main] eAuthenticationProviderManagerConfigurer : Global AuthenticationManager configured with AuthenticationProvider bean with name authenticationProvider
2026-02-01T08:33:38.373Z  WARN 22104 --- [api.giybat.uz] [main] r$InitializeUserDetailsManagerConfigurer : Global AuthenticationManager configured with an AuthenticationProvider bean. UserDetailsService beans will not be used by Spring Security for automatically configuring username/password login. Consider removing the AuthenticationProvider bean. Alternatively, consider using the UserDetailsService in a manually instantiated DaoAuthenticationProvider. If the current configuration is intentional, to turn off this warning, increase the logging level of 'org.springframework.security.config.annotation.authentication.configuration.InitializeUserDetailsBeanManagerConfigurer' to ERROR
2026-02-01T08:33:38.997Z  INFO 22104 --- [api.giybat.uz] [main] o.s.b.w.embedded.tomcat.TomcatWebServer  : Tomcat started on port 8080 (http) with context path '/'
2026-02-01T08:33:39.009Z  INFO 22104 --- [api.giybat.uz] [main] api.giybat.uz.Application                : Started Application in 7.618 seconds (process running for 8.251)
2026-02-01T08:33:39.024Z  INFO 22104 --- [api.giybat.uz] [main] org.flywaydb.core.FlywayExecutor         : Database: jdbc:postgresql://localhost:5432/giybat_db (PostgreSQL 14.20)
2026-02-01T08:33:39.035Z  INFO 22104 --- [api.giybat.uz] [main] o.f.core.internal.command.DbValidate     : Successfully validated 2 migrations (execution time 00:00.003s)
2026-02-01T08:33:39.042Z  INFO 22104 --- [api.giybat.uz] [main] o.f.core.internal.command.DbMigrate      : Current version of schema "public": 2
2026-02-01T08:33:39.042Z  INFO 22104 --- [api.giybat.uz] [main] o.f.core.internal.command.DbMigrate      : Schema "public" is up to date. No migration necessary.
2026-02-01T08:33:42.415Z  INFO 22104 --- [api.giybat.uz] [http-nio-8080-exec-1] o.a.c.c.C.[Tomcat].[localhost].[/]       : Initializing Spring DispatcherServlet 'dispatcherServlet'
2026-02-01T08:33:42.416Z  INFO 22104 --- [api.giybat.uz] [http-nio-8080-exec-1] o.s.web.servlet.DispatcherServlet        : Initializing Servlet 'dispatcherServlet'
2026-02-01T08:33:42.418Z  INFO 22104 --- [api.giybat.uz] [http-nio-8080-exec-1] o.s.web.servlet.DispatcherServlet        : Completed initialization in 2 ms
2026-02-01T08:33:42.515Z  INFO 22104 --- [api.giybat.uz] [http-nio-8080-exec-1] a.giybat.uz.controller.AuthController    : Login: username: ortiqovmuzaffar171@gmail.com
2026-02-01T08:36:04.756Z  INFO 22104 --- [api.giybat.uz] [SpringApplicationShutdownHook] o.s.b.w.e.tomcat.GracefulShutdown        : Commencing graceful shutdown. Waiting for active requests to complete
2026-02-01T08:36:04.867Z  INFO 22104 --- [api.giybat.uz] [tomcat-shutdown] o.s.b.w.e.tomcat.GracefulShutdown        : Graceful shutdown complete
2026-02-01T08:36:04.873Z  INFO 22104 --- [api.giybat.uz] [SpringApplicationShutdownHook] j.LocalContainerEntityManagerFactoryBean : Closing JPA EntityManagerFactory for persistence unit 'default'
2026-02-01T08:36:04.881Z  INFO 22104 --- [api.giybat.uz] [SpringApplicationShutdownHook] com.zaxxer.hikari.HikariDataSource       : HikariPool-1 - Shutdown initiated...
2026-02-01T08:36:04.888Z  INFO 22104 --- [api.giybat.uz] [SpringApplicationShutdownHook] com.zaxxer.hikari.HikariDataSource       : HikariPool-1 - Shutdown completed.
2026-02-01T08:36:08.759Z  INFO 5660 --- [api.giybat.uz] [main] api.giybat.uz.Application                : Starting Application using Java 17.0.11 with PID 5660 (D:\Programs\GIYBAT.UZ\api.giybat.uz\target\classes started by adilo in D:\Programs\GIYBAT.UZ)
2026-02-01T08:36:08.762Z DEBUG 5660 --- [api.giybat.uz] [main] api.giybat.uz.Application                : Running with Spring Boot v3.4.2, Spring v6.2.2
2026-02-01T08:36:08.763Z  INFO 5660 --- [api.giybat.uz] [main] api.giybat.uz.Application                : The following 1 profile is active: "local"
2026-02-01T08:36:09.637Z  INFO 5660 --- [api.giybat.uz] [main] .s.d.r.c.RepositoryConfigurationDelegate : Bootstrapping Spring Data JPA repositories in DEFAULT mode.
2026-02-01T08:36:09.728Z  INFO 5660 --- [api.giybat.uz] [main] .s.d.r.c.RepositoryConfigurationDelegate : Finished Spring Data repository scanning in 79 ms. Found 7 JPA repository interfaces.
2026-02-01T08:36:10.427Z  INFO 5660 --- [api.giybat.uz] [main] o.s.b.w.embedded.tomcat.TomcatWebServer  : Tomcat initialized with port 8080 (http)
2026-02-01T08:36:10.452Z  INFO 5660 --- [api.giybat.uz] [main] o.apache.catalina.core.StandardService   : Starting service [Tomcat]
2026-02-01T08:36:10.453Z  INFO 5660 --- [api.giybat.uz] [main] o.apache.catalina.core.StandardEngine    : Starting Servlet engine: [Apache Tomcat/10.1.34]
2026-02-01T08:36:10.545Z  INFO 5660 --- [api.giybat.uz] [main] o.a.c.c.C.[Tomcat].[localhost].[/]       : Initializing Spring embedded WebApplicationContext
2026-02-01T08:36:10.545Z  INFO 5660 --- [api.giybat.uz] [main] w.s.c.ServletWebServerApplicationContext : Root WebApplicationContext: initialization completed in 1738 ms
2026-02-01T08:36:10.796Z  INFO 5660 --- [api.giybat.uz] [main] com.zaxxer.hikari.HikariDataSource       : HikariPool-1 - Starting...
2026-02-01T08:36:10.978Z  INFO 5660 --- [api.giybat.uz] [main] com.zaxxer.hikari.pool.HikariPool        : HikariPool-1 - Added connection org.postgresql.jdbc.PgConnection@4f8659d0
2026-02-01T08:36:10.979Z  INFO 5660 --- [api.giybat.uz] [main] com.zaxxer.hikari.HikariDataSource       : HikariPool-1 - Start completed.
2026-02-01T08:36:11.010Z  INFO 5660 --- [api.giybat.uz] [main] org.flywaydb.core.FlywayExecutor         : Database: jdbc:postgresql://localhost:5432/giybat_db (PostgreSQL 14.20)
2026-02-01T08:36:11.073Z  INFO 5660 --- [api.giybat.uz] [main] o.f.core.internal.command.DbValidate     : Successfully validated 2 migrations (execution time 00:00.032s)
2026-02-01T08:36:11.127Z  INFO 5660 --- [api.giybat.uz] [main] o.f.core.internal.command.DbMigrate      : Current version of schema "public": 2
2026-02-01T08:36:11.130Z  INFO 5660 --- [api.giybat.uz] [main] o.f.core.internal.command.DbMigrate      : Schema "public" is up to date. No migration necessary.
2026-02-01T08:36:11.215Z  INFO 5660 --- [api.giybat.uz] [main] o.hibernate.jpa.internal.util.LogHelper  : HHH000204: Processing PersistenceUnitInfo [name: default]
2026-02-01T08:36:11.285Z  INFO 5660 --- [api.giybat.uz] [main] org.hibernate.Version                    : HHH000412: Hibernate ORM core version 6.6.5.Final
2026-02-01T08:36:11.318Z  INFO 5660 --- [api.giybat.uz] [main] o.h.c.internal.RegionFactoryInitiator    : HHH000026: Second-level cache disabled
2026-02-01T08:36:11.598Z  INFO 5660 --- [api.giybat.uz] [main] o.s.o.j.p.SpringPersistenceUnitInfo      : No LoadTimeWeaver setup: ignoring JPA class transformer
2026-02-01T08:36:11.658Z  WARN 5660 --- [api.giybat.uz] [main] org.hibernate.orm.deprecation            : HHH90000025: PostgreSQLDialect does not need to be specified explicitly using 'hibernate.dialect' (remove the property setting and it will be selected by default)
2026-02-01T08:36:11.680Z  INFO 5660 --- [api.giybat.uz] [main] org.hibernate.orm.connections.pooling    : HHH10001005: Database info:
	Database JDBC URL [Connecting through datasource 'HikariDataSource (HikariPool-1)']
	Database driver: undefined/unknown
	Database version: 14.20
	Autocommit mode: undefined/unknown
	Isolation level: undefined/unknown
	Minimum pool size: undefined/unknown
	Maximum pool size: undefined/unknown
2026-02-01T08:36:12.806Z  INFO 5660 --- [api.giybat.uz] [main] o.h.e.t.j.p.i.JtaPlatformInitiator       : HHH000489: No JTA platform available (set 'hibernate.transaction.jta.platform' to enable JTA platform integration)
2026-02-01T08:36:13.050Z  INFO 5660 --- [api.giybat.uz] [main] j.LocalContainerEntityManagerFactoryBean : Initialized JPA EntityManagerFactory for persistence unit 'default'
2026-02-01T08:36:13.309Z  INFO 5660 --- [api.giybat.uz] [main] o.s.d.j.r.query.QueryEnhancerFactory     : Hibernate is in classpath; If applicable, HQL parser will be used.
2026-02-01T08:36:14.382Z DEBUG 5660 --- [api.giybat.uz] [main] a.g.uz.config.JwtAuthenticationFilter    : Filter 'jwtAuthenticationFilter' configured for use
2026-02-01T08:36:15.173Z  WARN 5660 --- [api.giybat.uz] [main] JpaBaseConfiguration$JpaWebConfiguration : spring.jpa.open-in-view is enabled by default. Therefore, database queries may be performed during view rendering. Explicitly configure spring.jpa.open-in-view to disable this warning
2026-02-01T08:36:15.208Z  INFO 5660 --- [api.giybat.uz] [main] eAuthenticationProviderManagerConfigurer : Global AuthenticationManager configured with AuthenticationProvider bean with name authenticationProvider
2026-02-01T08:36:15.209Z  WARN 5660 --- [api.giybat.uz] [main] r$InitializeUserDetailsManagerConfigurer : Global AuthenticationManager configured with an AuthenticationProvider bean. UserDetailsService beans will not be used by Spring Security for automatically configuring username/password login. Consider removing the AuthenticationProvider bean. Alternatively, consider using the UserDetailsService in a manually instantiated DaoAuthenticationProvider. If the current configuration is intentional, to turn off this warning, increase the logging level of 'org.springframework.security.config.annotation.authentication.configuration.InitializeUserDetailsBeanManagerConfigurer' to ERROR
2026-02-01T08:36:16.210Z  INFO 5660 --- [api.giybat.uz] [main] o.s.b.w.embedded.tomcat.TomcatWebServer  : Tomcat started on port 8080 (http) with context path '/'
2026-02-01T08:36:16.221Z  INFO 5660 --- [api.giybat.uz] [main] api.giybat.uz.Application                : Started Application in 8.001 seconds (process running for 8.907)
2026-02-01T08:36:16.236Z  INFO 5660 --- [api.giybat.uz] [main] org.flywaydb.core.FlywayExecutor         : Database: jdbc:postgresql://localhost:5432/giybat_db (PostgreSQL 14.20)
2026-02-01T08:36:16.245Z  INFO 5660 --- [api.giybat.uz] [main] o.f.core.internal.command.DbValidate     : Successfully validated 2 migrations (execution time 00:00.003s)
2026-02-01T08:36:16.253Z  INFO 5660 --- [api.giybat.uz] [main] o.f.core.internal.command.DbMigrate      : Current version of schema "public": 2
2026-02-01T08:36:16.254Z  INFO 5660 --- [api.giybat.uz] [main] o.f.core.internal.command.DbMigrate      : Schema "public" is up to date. No migration necessary.
2026-02-01T08:36:28.794Z  INFO 5660 --- [api.giybat.uz] [http-nio-8080-exec-2] o.a.c.c.C.[Tomcat].[localhost].[/]       : Initializing Spring DispatcherServlet 'dispatcherServlet'
2026-02-01T08:36:28.795Z  INFO 5660 --- [api.giybat.uz] [http-nio-8080-exec-2] o.s.web.servlet.DispatcherServlet        : Initializing Servlet 'dispatcherServlet'
2026-02-01T08:36:28.796Z  INFO 5660 --- [api.giybat.uz] [http-nio-8080-exec-2] o.s.web.servlet.DispatcherServlet        : Completed initialization in 1 ms
2026-02-01T08:36:29.125Z  INFO 5660 --- [api.giybat.uz] [http-nio-8080-exec-2] a.giybat.uz.controller.PostController    : Get profile's own posts: 
2026-02-01T08:39:42.596Z  WARN 5660 --- [api.giybat.uz] [HikariPool-1 housekeeper] com.zaxxer.hikari.pool.HikariPool        : HikariPool-1 - Thread starvation or clock leap detected (housekeeper delta=3m31s515ms752µs600ns).
2026-02-01T08:39:42.632Z  WARN 5660 --- [api.giybat.uz] [http-nio-8080-exec-2] ration$PageModule$WarningLoggingModifier : Serializing PageImpl instances as-is is not supported, meaning that there is no guarantee about the stability of the resulting JSON structure!
	For a stable JSON structure, please use Spring Data's PagedModel (globally via @EnableSpringDataWebSupport(pageSerializationMode = VIA_DTO))
	or Spring HATEOAS and Spring Data's PagedResourcesAssembler as documented in https://docs.spring.io/spring-data/commons/reference/repositories/core-extensions.html#core.web.pageables.

2026-02-01T08:39:42.645Z  INFO 5660 --- [api.giybat.uz] [SpringApplicationShutdownHook] o.s.b.w.e.tomcat.GracefulShutdown        : Commencing graceful shutdown. Waiting for active requests to complete
2026-02-01T08:39:42.703Z  INFO 5660 --- [api.giybat.uz] [tomcat-shutdown] o.s.b.w.e.tomcat.GracefulShutdown        : Graceful shutdown complete
2026-02-01T08:39:42.711Z  INFO 5660 --- [api.giybat.uz] [SpringApplicationShutdownHook] j.LocalContainerEntityManagerFactoryBean : Closing JPA EntityManagerFactory for persistence unit 'default'
2026-02-01T08:39:42.713Z  INFO 5660 --- [api.giybat.uz] [SpringApplicationShutdownHook] com.zaxxer.hikari.HikariDataSource       : HikariPool-1 - Shutdown initiated...
2026-02-01T08:39:42.721Z  INFO 5660 --- [api.giybat.uz] [SpringApplicationShutdownHook] com.zaxxer.hikari.HikariDataSource       : HikariPool-1 - Shutdown completed.
2026-02-01T08:39:45.803Z  INFO 18888 --- [api.giybat.uz] [main] api.giybat.uz.Application                : Starting Application using Java 17.0.11 with PID 18888 (D:\Programs\GIYBAT.UZ\api.giybat.uz\target\classes started by adilo in D:\Programs\GIYBAT.UZ)
2026-02-01T08:39:45.806Z DEBUG 18888 --- [api.giybat.uz] [main] api.giybat.uz.Application                : Running with Spring Boot v3.4.2, Spring v6.2.2
2026-02-01T08:39:45.807Z  INFO 18888 --- [api.giybat.uz] [main] api.giybat.uz.Application                : The following 1 profile is active: "local"
2026-02-01T08:39:46.713Z  INFO 18888 --- [api.giybat.uz] [main] .s.d.r.c.RepositoryConfigurationDelegate : Bootstrapping Spring Data JPA repositories in DEFAULT mode.
2026-02-01T08:39:46.786Z  INFO 18888 --- [api.giybat.uz] [main] .s.d.r.c.RepositoryConfigurationDelegate : Finished Spring Data repository scanning in 63 ms. Found 7 JPA repository interfaces.
2026-02-01T08:39:47.528Z  INFO 18888 --- [api.giybat.uz] [main] o.s.b.w.embedded.tomcat.TomcatWebServer  : Tomcat initialized with port 8080 (http)
2026-02-01T08:39:47.540Z  INFO 18888 --- [api.giybat.uz] [main] o.apache.catalina.core.StandardService   : Starting service [Tomcat]
2026-02-01T08:39:47.540Z  INFO 18888 --- [api.giybat.uz] [main] o.apache.catalina.core.StandardEngine    : Starting Servlet engine: [Apache Tomcat/10.1.34]
2026-02-01T08:39:47.642Z  INFO 18888 --- [api.giybat.uz] [main] o.a.c.c.C.[Tomcat].[localhost].[/]       : Initializing Spring embedded WebApplicationContext
2026-02-01T08:39:47.643Z  INFO 18888 --- [api.giybat.uz] [main] w.s.c.ServletWebServerApplicationContext : Root WebApplicationContext: initialization completed in 1788 ms
2026-02-01T08:39:48.110Z  INFO 18888 --- [api.giybat.uz] [main] com.zaxxer.hikari.HikariDataSource       : HikariPool-1 - Starting...
2026-02-01T08:39:48.334Z  INFO 18888 --- [api.giybat.uz] [main] com.zaxxer.hikari.pool.HikariPool        : HikariPool-1 - Added connection org.postgresql.jdbc.PgConnection@1d4cc7
2026-02-01T08:39:48.336Z  INFO 18888 --- [api.giybat.uz] [main] com.zaxxer.hikari.HikariDataSource       : HikariPool-1 - Start completed.
2026-02-01T08:39:48.363Z  INFO 18888 --- [api.giybat.uz] [main] org.flywaydb.core.FlywayExecutor         : Database: jdbc:postgresql://localhost:5432/giybat_db (PostgreSQL 14.20)
2026-02-01T08:39:48.412Z  INFO 18888 --- [api.giybat.uz] [main] o.f.core.internal.command.DbValidate     : Successfully validated 2 migrations (execution time 00:00.027s)
2026-02-01T08:39:48.469Z  INFO 18888 --- [api.giybat.uz] [main] o.f.core.internal.command.DbMigrate      : Current version of schema "public": 2
2026-02-01T08:39:48.472Z  INFO 18888 --- [api.giybat.uz] [main] o.f.core.internal.command.DbMigrate      : Schema "public" is up to date. No migration necessary.
2026-02-01T08:39:48.590Z  INFO 18888 --- [api.giybat.uz] [main] o.hibernate.jpa.internal.util.LogHelper  : HHH000204: Processing PersistenceUnitInfo [name: default]
2026-02-01T08:39:48.652Z  INFO 18888 --- [api.giybat.uz] [main] org.hibernate.Version                    : HHH000412: Hibernate ORM core version 6.6.5.Final
2026-02-01T08:39:48.693Z  INFO 18888 --- [api.giybat.uz] [main] o.h.c.internal.RegionFactoryInitiator    : HHH000026: Second-level cache disabled
2026-02-01T08:39:49.009Z  INFO 18888 --- [api.giybat.uz] [main] o.s.o.j.p.SpringPersistenceUnitInfo      : No LoadTimeWeaver setup: ignoring JPA class transformer
2026-02-01T08:39:49.069Z  WARN 18888 --- [api.giybat.uz] [main] org.hibernate.orm.deprecation            : HHH90000025: PostgreSQLDialect does not need to be specified explicitly using 'hibernate.dialect' (remove the property setting and it will be selected by default)
2026-02-01T08:39:49.096Z  INFO 18888 --- [api.giybat.uz] [main] org.hibernate.orm.connections.pooling    : HHH10001005: Database info:
	Database JDBC URL [Connecting through datasource 'HikariDataSource (HikariPool-1)']
	Database driver: undefined/unknown
	Database version: 14.20
	Autocommit mode: undefined/unknown
	Isolation level: undefined/unknown
	Minimum pool size: undefined/unknown
	Maximum pool size: undefined/unknown
2026-02-01T08:39:50.390Z  INFO 18888 --- [api.giybat.uz] [main] o.h.e.t.j.p.i.JtaPlatformInitiator       : HHH000489: No JTA platform available (set 'hibernate.transaction.jta.platform' to enable JTA platform integration)
2026-02-01T08:39:50.682Z  INFO 18888 --- [api.giybat.uz] [main] j.LocalContainerEntityManagerFactoryBean : Initialized JPA EntityManagerFactory for persistence unit 'default'
2026-02-01T08:39:50.980Z  INFO 18888 --- [api.giybat.uz] [main] o.s.d.j.r.query.QueryEnhancerFactory     : Hibernate is in classpath; If applicable, HQL parser will be used.
2026-02-01T08:39:52.509Z DEBUG 18888 --- [api.giybat.uz] [main] a.g.uz.config.JwtAuthenticationFilter    : Filter 'jwtAuthenticationFilter' configured for use
2026-02-01T08:39:53.279Z  WARN 18888 --- [api.giybat.uz] [main] JpaBaseConfiguration$JpaWebConfiguration : spring.jpa.open-in-view is enabled by default. Therefore, database queries may be performed during view rendering. Explicitly configure spring.jpa.open-in-view to disable this warning
2026-02-01T08:39:53.320Z  INFO 18888 --- [api.giybat.uz] [main] eAuthenticationProviderManagerConfigurer : Global AuthenticationManager configured with AuthenticationProvider bean with name authenticationProvider
2026-02-01T08:39:53.320Z  WARN 18888 --- [api.giybat.uz] [main] r$InitializeUserDetailsManagerConfigurer : Global AuthenticationManager configured with an AuthenticationProvider bean. UserDetailsService beans will not be used by Spring Security for automatically configuring username/password login. Consider removing the AuthenticationProvider bean. Alternatively, consider using the UserDetailsService in a manually instantiated DaoAuthenticationProvider. If the current configuration is intentional, to turn off this warning, increase the logging level of 'org.springframework.security.config.annotation.authentication.configuration.InitializeUserDetailsBeanManagerConfigurer' to ERROR
2026-02-01T08:39:54.144Z  INFO 18888 --- [api.giybat.uz] [main] o.s.b.w.embedded.tomcat.TomcatWebServer  : Tomcat started on port 8080 (http) with context path '/'
2026-02-01T08:39:54.154Z  INFO 18888 --- [api.giybat.uz] [main] api.giybat.uz.Application                : Started Application in 8.899 seconds (process running for 9.796)
2026-02-01T08:39:54.175Z  INFO 18888 --- [api.giybat.uz] [main] org.flywaydb.core.FlywayExecutor         : Database: jdbc:postgresql://localhost:5432/giybat_db (PostgreSQL 14.20)
2026-02-01T08:39:54.179Z  INFO 18888 --- [api.giybat.uz] [main] o.f.core.internal.command.DbValidate     : Successfully validated 2 migrations (execution time 00:00.004s)
2026-02-01T08:39:54.190Z  INFO 18888 --- [api.giybat.uz] [main] o.f.core.internal.command.DbMigrate      : Current version of schema "public": 2
2026-02-01T08:39:54.191Z  INFO 18888 --- [api.giybat.uz] [main] o.f.core.internal.command.DbMigrate      : Schema "public" is up to date. No migration necessary.
2026-02-01T08:40:01.849Z  INFO 18888 --- [api.giybat.uz] [http-nio-8080-exec-1] o.a.c.c.C.[Tomcat].[localhost].[/]       : Initializing Spring DispatcherServlet 'dispatcherServlet'
2026-02-01T08:40:01.849Z  INFO 18888 --- [api.giybat.uz] [http-nio-8080-exec-1] o.s.web.servlet.DispatcherServlet        : Initializing Servlet 'dispatcherServlet'
2026-02-01T08:40:01.851Z  INFO 18888 --- [api.giybat.uz] [http-nio-8080-exec-1] o.s.web.servlet.DispatcherServlet        : Completed initialization in 0 ms
2026-02-01T08:40:02.195Z  INFO 18888 --- [api.giybat.uz] [http-nio-8080-exec-1] a.giybat.uz.controller.PostController    : Get profile's own posts: 
2026-02-01T08:42:52.662Z  WARN 18888 --- [api.giybat.uz] [HikariPool-1 housekeeper] com.zaxxer.hikari.pool.HikariPool        : HikariPool-1 - Thread starvation or clock leap detected (housekeeper delta=3m4s222ms724µs800ns).
2026-02-01T08:46:30.370Z  WARN 18888 --- [api.giybat.uz] [HikariPool-1 housekeeper] com.zaxxer.hikari.pool.HikariPool        : HikariPool-1 - Thread starvation or clock leap detected (housekeeper delta=3m37s708ms881µs600ns).
2026-02-01T08:46:30.431Z  INFO 18888 --- [api.giybat.uz] [SpringApplicationShutdownHook] o.s.b.w.e.tomcat.GracefulShutdown        : Commencing graceful shutdown. Waiting for active requests to complete
2026-02-01T08:46:30.453Z  WARN 18888 --- [api.giybat.uz] [http-nio-8080-exec-1] ration$PageModule$WarningLoggingModifier : Serializing PageImpl instances as-is is not supported, meaning that there is no guarantee about the stability of the resulting JSON structure!
	For a stable JSON structure, please use Spring Data's PagedModel (globally via @EnableSpringDataWebSupport(pageSerializationMode = VIA_DTO))
	or Spring HATEOAS and Spring Data's PagedResourcesAssembler as documented in https://docs.spring.io/spring-data/commons/reference/repositories/core-extensions.html#core.web.pageables.

2026-02-01T08:46:30.509Z  INFO 18888 --- [api.giybat.uz] [tomcat-shutdown] o.s.b.w.e.tomcat.GracefulShutdown        : Graceful shutdown complete
2026-02-01T08:46:30.513Z  INFO 18888 --- [api.giybat.uz] [SpringApplicationShutdownHook] j.LocalContainerEntityManagerFactoryBean : Closing JPA EntityManagerFactory for persistence unit 'default'
2026-02-01T08:46:30.519Z  INFO 18888 --- [api.giybat.uz] [SpringApplicationShutdownHook] com.zaxxer.hikari.HikariDataSource       : HikariPool-1 - Shutdown initiated...
2026-02-01T08:46:30.521Z  INFO 18888 --- [api.giybat.uz] [SpringApplicationShutdownHook] com.zaxxer.hikari.HikariDataSource       : HikariPool-1 - Shutdown completed.
2026-02-01T08:46:36.449Z  INFO 3736 --- [api.giybat.uz] [main] api.giybat.uz.Application                : Starting Application using Java 17.0.11 with PID 3736 (D:\Programs\GIYBAT.UZ\api.giybat.uz\target\classes started by adilo in D:\Programs\GIYBAT.UZ)
2026-02-01T08:46:36.451Z DEBUG 3736 --- [api.giybat.uz] [main] api.giybat.uz.Application                : Running with Spring Boot v3.4.2, Spring v6.2.2
2026-02-01T08:46:36.451Z  INFO 3736 --- [api.giybat.uz] [main] api.giybat.uz.Application                : The following 1 profile is active: "local"
2026-02-01T08:46:37.240Z  INFO 3736 --- [api.giybat.uz] [main] .s.d.r.c.RepositoryConfigurationDelegate : Bootstrapping Spring Data JPA repositories in DEFAULT mode.
2026-02-01T08:46:37.302Z  INFO 3736 --- [api.giybat.uz] [main] .s.d.r.c.RepositoryConfigurationDelegate : Finished Spring Data repository scanning in 53 ms. Found 7 JPA repository interfaces.
2026-02-01T08:46:37.843Z  INFO 3736 --- [api.giybat.uz] [main] o.s.b.w.embedded.tomcat.TomcatWebServer  : Tomcat initialized with port 8080 (http)
2026-02-01T08:46:37.854Z  INFO 3736 --- [api.giybat.uz] [main] o.apache.catalina.core.StandardService   : Starting service [Tomcat]
2026-02-01T08:46:37.855Z  INFO 3736 --- [api.giybat.uz] [main] o.apache.catalina.core.StandardEngine    : Starting Servlet engine: [Apache Tomcat/10.1.34]
2026-02-01T08:46:37.906Z  INFO 3736 --- [api.giybat.uz] [main] o.a.c.c.C.[Tomcat].[localhost].[/]       : Initializing Spring embedded WebApplicationContext
2026-02-01T08:46:37.913Z  INFO 3736 --- [api.giybat.uz] [main] w.s.c.ServletWebServerApplicationContext : Root WebApplicationContext: initialization completed in 1407 ms
2026-02-01T08:46:38.131Z  INFO 3736 --- [api.giybat.uz] [main] com.zaxxer.hikari.HikariDataSource       : HikariPool-1 - Starting...
2026-02-01T08:46:38.255Z  INFO 3736 --- [api.giybat.uz] [main] com.zaxxer.hikari.pool.HikariPool        : HikariPool-1 - Added connection org.postgresql.jdbc.PgConnection@7bc2ae16
2026-02-01T08:46:38.257Z  INFO 3736 --- [api.giybat.uz] [main] com.zaxxer.hikari.HikariDataSource       : HikariPool-1 - Start completed.
2026-02-01T08:46:38.287Z  INFO 3736 --- [api.giybat.uz] [main] org.flywaydb.core.FlywayExecutor         : Database: jdbc:postgresql://localhost:5432/giybat_db (PostgreSQL 14.20)
2026-02-01T08:46:38.325Z  INFO 3736 --- [api.giybat.uz] [main] o.f.core.internal.command.DbValidate     : Successfully validated 2 migrations (execution time 00:00.020s)
2026-02-01T08:46:38.387Z  INFO 3736 --- [api.giybat.uz] [main] o.f.core.internal.command.DbMigrate      : Current version of schema "public": 2
2026-02-01T08:46:38.387Z  INFO 3736 --- [api.giybat.uz] [main] o.f.core.internal.command.DbMigrate      : Schema "public" is up to date. No migration necessary.
2026-02-01T08:46:38.466Z  INFO 3736 --- [api.giybat.uz] [main] o.hibernate.jpa.internal.util.LogHelper  : HHH000204: Processing PersistenceUnitInfo [name: default]
2026-02-01T08:46:38.514Z  INFO 3736 --- [api.giybat.uz] [main] org.hibernate.Version                    : HHH000412: Hibernate ORM core version 6.6.5.Final
2026-02-01T08:46:38.531Z  INFO 3736 --- [api.giybat.uz] [main] o.h.c.internal.RegionFactoryInitiator    : HHH000026: Second-level cache disabled
2026-02-01T08:46:38.764Z  INFO 3736 --- [api.giybat.uz] [main] o.s.o.j.p.SpringPersistenceUnitInfo      : No LoadTimeWeaver setup: ignoring JPA class transformer
2026-02-01T08:46:38.812Z  WARN 3736 --- [api.giybat.uz] [main] org.hibernate.orm.deprecation            : HHH90000025: PostgreSQLDialect does not need to be specified explicitly using 'hibernate.dialect' (remove the property setting and it will be selected by default)
2026-02-01T08:46:38.828Z  INFO 3736 --- [api.giybat.uz] [main] org.hibernate.orm.connections.pooling    : HHH10001005: Database info:
	Database JDBC URL [Connecting through datasource 'HikariDataSource (HikariPool-1)']
	Database driver: undefined/unknown
	Database version: 14.20
	Autocommit mode: undefined/unknown
	Isolation level: undefined/unknown
	Minimum pool size: undefined/unknown
	Maximum pool size: undefined/unknown
2026-02-01T08:46:39.719Z  INFO 3736 --- [api.giybat.uz] [main] o.h.e.t.j.p.i.JtaPlatformInitiator       : HHH000489: No JTA platform available (set 'hibernate.transaction.jta.platform' to enable JTA platform integration)
2026-02-01T08:46:39.950Z  INFO 3736 --- [api.giybat.uz] [main] j.LocalContainerEntityManagerFactoryBean : Initialized JPA EntityManagerFactory for persistence unit 'default'
2026-02-01T08:46:40.132Z  INFO 3736 --- [api.giybat.uz] [main] o.s.d.j.r.query.QueryEnhancerFactory     : Hibernate is in classpath; If applicable, HQL parser will be used.
2026-02-01T08:46:40.988Z DEBUG 3736 --- [api.giybat.uz] [main] a.g.uz.config.JwtAuthenticationFilter    : Filter 'jwtAuthenticationFilter' configured for use
2026-02-01T08:46:41.738Z  WARN 3736 --- [api.giybat.uz] [main] JpaBaseConfiguration$JpaWebConfiguration : spring.jpa.open-in-view is enabled by default. Therefore, database queries may be performed during view rendering. Explicitly configure spring.jpa.open-in-view to disable this warning
2026-02-01T08:46:41.750Z  INFO 3736 --- [api.giybat.uz] [main] eAuthenticationProviderManagerConfigurer : Global AuthenticationManager configured with AuthenticationProvider bean with name authenticationProvider
2026-02-01T08:46:41.750Z  WARN 3736 --- [api.giybat.uz] [main] r$InitializeUserDetailsManagerConfigurer : Global AuthenticationManager configured with an AuthenticationProvider bean. UserDetailsService beans will not be used by Spring Security for automatically configuring username/password login. Consider removing the AuthenticationProvider bean. Alternatively, consider using the UserDetailsService in a manually instantiated DaoAuthenticationProvider. If the current configuration is intentional, to turn off this warning, increase the logging level of 'org.springframework.security.config.annotation.authentication.configuration.InitializeUserDetailsBeanManagerConfigurer' to ERROR
2026-02-01T08:46:42.387Z  INFO 3736 --- [api.giybat.uz] [main] o.s.b.w.embedded.tomcat.TomcatWebServer  : Tomcat started on port 8080 (http) with context path '/'
2026-02-01T08:46:42.405Z  INFO 3736 --- [api.giybat.uz] [main] api.giybat.uz.Application                : Started Application in 6.413 seconds (process running for 7.012)
2026-02-01T08:46:42.416Z  INFO 3736 --- [api.giybat.uz] [main] org.flywaydb.core.FlywayExecutor         : Database: jdbc:postgresql://localhost:5432/giybat_db (PostgreSQL 14.20)
2026-02-01T08:46:42.426Z  INFO 3736 --- [api.giybat.uz] [main] o.f.core.internal.command.DbValidate     : Successfully validated 2 migrations (execution time 00:00.003s)
2026-02-01T08:46:42.432Z  INFO 3736 --- [api.giybat.uz] [main] o.f.core.internal.command.DbMigrate      : Current version of schema "public": 2
2026-02-01T08:46:42.435Z  INFO 3736 --- [api.giybat.uz] [main] o.f.core.internal.command.DbMigrate      : Schema "public" is up to date. No migration necessary.
2026-02-01T08:46:50.836Z  INFO 3736 --- [api.giybat.uz] [http-nio-8080-exec-1] o.a.c.c.C.[Tomcat].[localhost].[/]       : Initializing Spring DispatcherServlet 'dispatcherServlet'
2026-02-01T08:46:50.836Z  INFO 3736 --- [api.giybat.uz] [http-nio-8080-exec-1] o.s.web.servlet.DispatcherServlet        : Initializing Servlet 'dispatcherServlet'
2026-02-01T08:46:50.840Z  INFO 3736 --- [api.giybat.uz] [http-nio-8080-exec-1] o.s.web.servlet.DispatcherServlet        : Completed initialization in 4 ms
2026-02-01T08:46:51.457Z  INFO 3736 --- [api.giybat.uz] [http-nio-8080-exec-3] a.giybat.uz.controller.PostController    : Get profile's own posts: 
2026-02-01T08:46:51.541Z  WARN 3736 --- [api.giybat.uz] [http-nio-8080-exec-3] ration$PageModule$WarningLoggingModifier : Serializing PageImpl instances as-is is not supported, meaning that there is no guarantee about the stability of the resulting JSON structure!
	For a stable JSON structure, please use Spring Data's PagedModel (globally via @EnableSpringDataWebSupport(pageSerializationMode = VIA_DTO))
	or Spring HATEOAS and Spring Data's PagedResourcesAssembler as documented in https://docs.spring.io/spring-data/commons/reference/repositories/core-extensions.html#core.web.pageables.

2026-02-01T08:46:59.689Z  INFO 3736 --- [api.giybat.uz] [http-nio-8080-exec-4] a.giybat.uz.controller.PostController    : Get post by id: 49246f0f-47b3-4047-b8fd-97bd1a471dee
2026-02-01T08:47:02.815Z  INFO 3736 --- [api.giybat.uz] [http-nio-8080-exec-5] a.giybat.uz.controller.PostController    : Get profile's own posts: 
2026-02-01T08:47:09.546Z  INFO 3736 --- [api.giybat.uz] [http-nio-8080-exec-8] a.giybat.uz.controller.PostController    : Get post by id: 49246f0f-47b3-4047-b8fd-97bd1a471dee
2026-02-01T08:47:14.349Z  INFO 3736 --- [api.giybat.uz] [http-nio-8080-exec-10] a.giybat.uz.controller.PostController    : Delete post by id: 49246f0f-47b3-4047-b8fd-97bd1a471dee
2026-02-01T08:47:42.258Z  INFO 3736 --- [api.giybat.uz] [http-nio-8080-exec-3] a.giybat.uz.controller.PostController    : Update post by id: 49246f0f-47b3-4047-b8fd-97bd1a471dee
2026-02-01T08:47:43.860Z  INFO 3736 --- [api.giybat.uz] [http-nio-8080-exec-7] a.giybat.uz.controller.PostController    : Update post by id: 49246f0f-47b3-4047-b8fd-97bd1a471dee
2026-02-01T08:47:45.125Z  INFO 3736 --- [api.giybat.uz] [http-nio-8080-exec-4] a.giybat.uz.controller.PostController    : Update post by id: 49246f0f-47b3-4047-b8fd-97bd1a471dee
2026-02-01T08:47:45.498Z  INFO 3736 --- [api.giybat.uz] [http-nio-8080-exec-6] a.giybat.uz.controller.PostController    : Update post by id: 49246f0f-47b3-4047-b8fd-97bd1a471dee
2026-02-01T08:47:45.715Z  INFO 3736 --- [api.giybat.uz] [http-nio-8080-exec-5] a.giybat.uz.controller.PostController    : Update post by id: 49246f0f-47b3-4047-b8fd-97bd1a471dee
2026-02-01T08:47:46.366Z  INFO 3736 --- [api.giybat.uz] [http-nio-8080-exec-2] a.giybat.uz.controller.PostController    : Update post by id: 49246f0f-47b3-4047-b8fd-97bd1a471dee
2026-02-01T08:47:46.520Z  INFO 3736 --- [api.giybat.uz] [http-nio-8080-exec-8] a.giybat.uz.controller.PostController    : Update post by id: 49246f0f-47b3-4047-b8fd-97bd1a471dee
2026-02-01T08:47:46.719Z  INFO 3736 --- [api.giybat.uz] [http-nio-8080-exec-9] a.giybat.uz.controller.PostController    : Update post by id: 49246f0f-47b3-4047-b8fd-97bd1a471dee
2026-02-01T08:47:46.914Z  INFO 3736 --- [api.giybat.uz] [http-nio-8080-exec-10] a.giybat.uz.controller.PostController    : Update post by id: 49246f0f-47b3-4047-b8fd-97bd1a471dee
2026-02-01T08:47:59.206Z  INFO 3736 --- [api.giybat.uz] [http-nio-8080-exec-3] a.giybat.uz.controller.PostController    : Get profile's own posts: 
2026-02-01T08:48:07.315Z  INFO 3736 --- [api.giybat.uz] [http-nio-8080-exec-4] a.giybat.uz.controller.PostController    : Get post by id: b7b60d10-d0b2-4e11-a68d-c7388b50c344
2026-02-01T08:48:12.032Z  INFO 3736 --- [api.giybat.uz] [http-nio-8080-exec-5] a.giybat.uz.controller.PostController    : Delete post by id: b7b60d10-d0b2-4e11-a68d-c7388b50c344
2026-02-01T08:48:21.465Z  INFO 3736 --- [api.giybat.uz] [http-nio-8080-exec-8] a.giybat.uz.controller.PostController    : Get post by id: b7b60d10-d0b2-4e11-a68d-c7388b50c344
2026-02-01T08:48:24.823Z  INFO 3736 --- [api.giybat.uz] [http-nio-8080-exec-10] a.giybat.uz.controller.PostController    : Get profile's own posts: 
2026-02-01T08:48:54.648Z  INFO 3736 --- [api.giybat.uz] [http-nio-8080-exec-3] a.giybat.uz.controller.PostController    : Get post by id: c0d22f04-8408-4bf3-a210-76250d72f44d
2026-02-01T08:48:57.654Z  INFO 3736 --- [api.giybat.uz] [http-nio-8080-exec-4] a.giybat.uz.controller.PostController    : Get profile's own posts: 
2026-02-01T08:58:43.522Z  INFO 3736 --- [api.giybat.uz] [http-nio-8080-exec-2] a.giybat.uz.controller.PostController    : Get post by id: c0d22f04-8408-4bf3-a210-76250d72f44d
2026-02-01T08:58:48.428Z  INFO 3736 --- [api.giybat.uz] [http-nio-8080-exec-9] a.giybat.uz.controller.PostController    : Delete post by id: c0d22f04-8408-4bf3-a210-76250d72f44d
2026-02-01T08:58:50.351Z  INFO 3736 --- [api.giybat.uz] [http-nio-8080-exec-1] a.giybat.uz.controller.PostController    : Get profile's own posts: 
2026-02-01T09:00:17.719Z  WARN 3736 --- [api.giybat.uz] [http-nio-8080-exec-4] com.amazonaws.util.Base64                : JAXB is unavailable. Will fallback to SDK implementation which may be less performant.If you are using Java 9+, you will need to include javax.xml.bind:jaxb-api as a dependency.
2026-02-01T09:00:18.030Z  INFO 3736 --- [api.giybat.uz] [http-nio-8080-exec-2] a.giybat.uz.controller.PostController    : Create post: api.giybat.uz.dto.post.PostCreateDTO@15cc773b
2026-02-01T09:00:20.692Z  INFO 3736 --- [api.giybat.uz] [http-nio-8080-exec-8] a.giybat.uz.controller.PostController    : Create post: api.giybat.uz.dto.post.PostCreateDTO@611ff372
2026-02-01T09:00:22.191Z  INFO 3736 --- [api.giybat.uz] [http-nio-8080-exec-10] a.giybat.uz.controller.PostController    : Get profile's own posts: 
2026-02-01T09:01:04.476Z  INFO 3736 --- [api.giybat.uz] [http-nio-8080-exec-3] a.giybat.uz.controller.PostController    : Get profile's own posts: 
2026-02-01T09:01:18.384Z  INFO 3736 --- [api.giybat.uz] [http-nio-8080-exec-4] a.giybat.uz.controller.PostController    : Filter posts: 
2026-02-01T09:01:33.374Z  INFO 3736 --- [api.giybat.uz] [http-nio-8080-exec-6] a.giybat.uz.controller.PostController    : Get post by id: 2405022f-2dcf-4bc7-8c96-54a9ce28da39
2026-02-01T09:01:41.544Z  INFO 3736 --- [api.giybat.uz] [http-nio-8080-exec-1] a.giybat.uz.controller.PostController    : Filter posts: 
2026-02-01T09:01:46.453Z  INFO 3736 --- [api.giybat.uz] [http-nio-8080-exec-7] a.giybat.uz.controller.PostController    : Get profile's own posts: 
2026-02-01T09:01:48.592Z  INFO 3736 --- [api.giybat.uz] [http-nio-8080-exec-5] a.giybat.uz.controller.PostController    : Get post by id: d556228a-f4d4-4677-ad58-2387bd2a300c
2026-02-01T09:01:54.279Z  INFO 3736 --- [api.giybat.uz] [http-nio-8080-exec-6] a.giybat.uz.controller.PostController    : Delete post by id: d556228a-f4d4-4677-ad58-2387bd2a300c
2026-02-01T09:01:56.612Z  INFO 3736 --- [api.giybat.uz] [http-nio-8080-exec-9] a.giybat.uz.controller.PostController    : Get profile's own posts: 
2026-02-01T09:03:30.621Z  INFO 3736 --- [api.giybat.uz] [http-nio-8080-exec-3] a.giybat.uz.controller.PostController    : Get profile's own posts: 
2026-02-01T09:03:35.171Z  INFO 3736 --- [api.giybat.uz] [http-nio-8080-exec-7] a.giybat.uz.controller.PostController    : Get profile's own posts: 
2026-02-01T09:03:38.288Z  INFO 3736 --- [api.giybat.uz] [http-nio-8080-exec-5] a.giybat.uz.controller.PostController    : Get post by id: 2405022f-2dcf-4bc7-8c96-54a9ce28da39
2026-02-01T09:03:40.680Z  INFO 3736 --- [api.giybat.uz] [http-nio-8080-exec-6] a.giybat.uz.controller.PostController    : Get profile's own posts: 
2026-02-01T09:03:52.104Z  INFO 3736 --- [api.giybat.uz] [http-nio-8080-exec-9] a.giybat.uz.controller.PostController    : Get profile's own posts: 
2026-02-01T09:03:55.962Z  INFO 3736 --- [api.giybat.uz] [http-nio-8080-exec-1] a.giybat.uz.controller.PostController    : Filter posts: 
2026-02-01T09:04:12.095Z  INFO 3736 --- [api.giybat.uz] [http-nio-8080-exec-7] a.giybat.uz.controller.AuthController    : Login: username: muzaffarmike2@gmail.com
2026-02-01T09:05:36.440Z  INFO 3736 --- [api.giybat.uz] [http-nio-8080-exec-5] a.giybat.uz.controller.PostController    : Filter posts: 
2026-02-01T09:05:39.956Z  INFO 3736 --- [api.giybat.uz] [http-nio-8080-exec-2] a.giybat.uz.controller.PostController    : Filter posts: 
2026-02-01T09:05:40.928Z  INFO 3736 --- [api.giybat.uz] [http-nio-8080-exec-6] a.giybat.uz.controller.PostController    : Filter posts: 
2026-02-01T09:05:41.072Z  INFO 3736 --- [api.giybat.uz] [http-nio-8080-exec-8] a.giybat.uz.controller.PostController    : Filter posts: 
2026-02-01T09:05:41.323Z  INFO 3736 --- [api.giybat.uz] [http-nio-8080-exec-9] a.giybat.uz.controller.PostController    : Filter posts: 
2026-02-01T09:05:46.024Z  INFO 3736 --- [api.giybat.uz] [http-nio-8080-exec-1] a.giybat.uz.controller.PostController    : Get post by id: 2405022f-2dcf-4bc7-8c96-54a9ce28da39
2026-02-01T09:05:55.904Z  INFO 3736 --- [api.giybat.uz] [http-nio-8080-exec-5] a.giybat.uz.controller.PostController    : Filter posts: 
2026-02-01T09:06:02.084Z  INFO 3736 --- [api.giybat.uz] [http-nio-8080-exec-6] a.giybat.uz.controller.PostController    : Filter posts: 
2026-02-01T09:06:03.137Z  INFO 3736 --- [api.giybat.uz] [http-nio-8080-exec-8] a.giybat.uz.controller.PostController    : Filter posts: 
2026-02-01T09:06:05.530Z  INFO 3736 --- [api.giybat.uz] [http-nio-8080-exec-10] a.giybat.uz.controller.PostController    : Get post by id: 2405022f-2dcf-4bc7-8c96-54a9ce28da39
2026-02-01T09:12:45.131Z  INFO 3736 --- [api.giybat.uz] [http-nio-8080-exec-4] a.giybat.uz.controller.PostController    : Filter posts: 
2026-02-01T09:13:05.324Z  INFO 3736 --- [api.giybat.uz] [http-nio-8080-exec-2] a.giybat.uz.controller.PostController    : Get post by id: 2405022f-2dcf-4bc7-8c96-54a9ce28da39
2026-02-01T09:13:11.103Z  INFO 3736 --- [api.giybat.uz] [http-nio-8080-exec-10] a.giybat.uz.controller.PostController    : Get post by id: 2405022f-2dcf-4bc7-8c96-54a9ce28da39
2026-02-01T09:13:12.296Z  INFO 3736 --- [api.giybat.uz] [http-nio-8080-exec-7] a.giybat.uz.controller.PostController    : Get post by id: 2405022f-2dcf-4bc7-8c96-54a9ce28da39
2026-02-01T09:13:13.746Z  INFO 3736 --- [api.giybat.uz] [http-nio-8080-exec-2] a.giybat.uz.controller.PostController    : Filter posts: 
2026-02-01T09:13:17.318Z  INFO 3736 --- [api.giybat.uz] [http-nio-8080-exec-6] a.giybat.uz.controller.PostController    : Filter posts: 
2026-02-01T09:13:18.352Z  INFO 3736 --- [api.giybat.uz] [http-nio-8080-exec-8] a.giybat.uz.controller.PostController    : Filter posts: 
2026-02-01T09:13:19.146Z  INFO 3736 --- [api.giybat.uz] [http-nio-8080-exec-10] a.giybat.uz.controller.PostController    : Filter posts: 
2026-02-01T09:13:20.150Z  INFO 3736 --- [api.giybat.uz] [http-nio-8080-exec-1] a.giybat.uz.controller.PostController    : Filter posts: 
2026-02-01T09:15:11.760Z  INFO 3736 --- [api.giybat.uz] [http-nio-8080-exec-5] a.giybat.uz.controller.AuthController    : Login: username: muzaffarmike2@gmail.com
2026-02-01T09:15:26.360Z  WARN 3736 --- [api.giybat.uz] [http-nio-8080-exec-2] o.s.web.servlet.PageNotFound             : Request method 'GET' is not supported
2026-02-01T09:24:16.331Z  INFO 3736 --- [api.giybat.uz] [http-nio-8080-exec-10] a.giybat.uz.controller.AuthController    : Login: username: muzaffarmike2@gmail.com
2026-02-01T10:14:55.816Z  WARN 3736 --- [api.giybat.uz] [HikariPool-1 housekeeper] com.zaxxer.hikari.pool.HikariPool        : HikariPool-1 - Thread starvation or clock leap detected (housekeeper delta=48m46s752ms593µs200ns).
2026-02-01T10:40:53.900Z  WARN 3736 --- [api.giybat.uz] [HikariPool-1 housekeeper] com.zaxxer.hikari.pool.HikariPool        : HikariPool-1 - Thread starvation or clock leap detected (housekeeper delta=25m58s110ms332µs600ns).
2026-02-01T10:44:24.166Z  INFO 3736 --- [api.giybat.uz] [SpringApplicationShutdownHook] o.s.b.w.e.tomcat.GracefulShutdown        : Commencing graceful shutdown. Waiting for active requests to complete
2026-02-01T10:44:24.400Z  INFO 3736 --- [api.giybat.uz] [tomcat-shutdown] o.s.b.w.e.tomcat.GracefulShutdown        : Graceful shutdown complete
2026-02-01T10:44:24.453Z  INFO 3736 --- [api.giybat.uz] [SpringApplicationShutdownHook] j.LocalContainerEntityManagerFactoryBean : Closing JPA EntityManagerFactory for persistence unit 'default'
2026-02-01T10:44:24.497Z  INFO 3736 --- [api.giybat.uz] [SpringApplicationShutdownHook] com.zaxxer.hikari.HikariDataSource       : HikariPool-1 - Shutdown initiated...
2026-02-01T10:44:24.519Z  INFO 3736 --- [api.giybat.uz] [SpringApplicationShutdownHook] com.zaxxer.hikari.HikariDataSource       : HikariPool-1 - Shutdown completed.
2026-02-01T10:44:31.597Z  INFO 13908 --- [api.giybat.uz] [main] api.giybat.uz.Application                : Starting Application using Java 17.0.11 with PID 13908 (D:\Programs\GIYBAT.UZ\api.giybat.uz\target\classes started by adilo in D:\Programs\GIYBAT.UZ)
2026-02-01T10:44:31.599Z DEBUG 13908 --- [api.giybat.uz] [main] api.giybat.uz.Application                : Running with Spring Boot v3.4.2, Spring v6.2.2
2026-02-01T10:44:31.600Z  INFO 13908 --- [api.giybat.uz] [main] api.giybat.uz.Application                : The following 1 profile is active: "local"
2026-02-01T10:44:32.508Z  INFO 13908 --- [api.giybat.uz] [main] .s.d.r.c.RepositoryConfigurationDelegate : Bootstrapping Spring Data JPA repositories in DEFAULT mode.
2026-02-01T10:44:32.567Z  INFO 13908 --- [api.giybat.uz] [main] .s.d.r.c.RepositoryConfigurationDelegate : Finished Spring Data repository scanning in 51 ms. Found 7 JPA repository interfaces.
2026-02-01T10:44:33.132Z  INFO 13908 --- [api.giybat.uz] [main] o.s.b.w.embedded.tomcat.TomcatWebServer  : Tomcat initialized with port 8080 (http)
2026-02-01T10:44:33.143Z  INFO 13908 --- [api.giybat.uz] [main] o.apache.catalina.core.StandardService   : Starting service [Tomcat]
2026-02-01T10:44:33.144Z  INFO 13908 --- [api.giybat.uz] [main] o.apache.catalina.core.StandardEngine    : Starting Servlet engine: [Apache Tomcat/10.1.34]
2026-02-01T10:44:33.201Z  INFO 13908 --- [api.giybat.uz] [main] o.a.c.c.C.[Tomcat].[localhost].[/]       : Initializing Spring embedded WebApplicationContext
2026-02-01T10:44:33.201Z  INFO 13908 --- [api.giybat.uz] [main] w.s.c.ServletWebServerApplicationContext : Root WebApplicationContext: initialization completed in 1558 ms
2026-02-01T10:44:33.424Z  INFO 13908 --- [api.giybat.uz] [main] com.zaxxer.hikari.HikariDataSource       : HikariPool-1 - Starting...
2026-02-01T10:44:33.578Z  INFO 13908 --- [api.giybat.uz] [main] com.zaxxer.hikari.pool.HikariPool        : HikariPool-1 - Added connection org.postgresql.jdbc.PgConnection@64910b2d
2026-02-01T10:44:33.580Z  INFO 13908 --- [api.giybat.uz] [main] com.zaxxer.hikari.HikariDataSource       : HikariPool-1 - Start completed.
2026-02-01T10:44:33.619Z  INFO 13908 --- [api.giybat.uz] [main] org.flywaydb.core.FlywayExecutor         : Database: jdbc:postgresql://localhost:5432/giybat_db (PostgreSQL 14.20)
2026-02-01T10:44:33.690Z  INFO 13908 --- [api.giybat.uz] [main] o.f.core.internal.command.DbValidate     : Successfully validated 2 migrations (execution time 00:00.033s)
2026-02-01T10:44:33.740Z  INFO 13908 --- [api.giybat.uz] [main] o.f.core.internal.command.DbMigrate      : Current version of schema "public": 2
2026-02-01T10:44:33.745Z  INFO 13908 --- [api.giybat.uz] [main] o.f.core.internal.command.DbMigrate      : Schema "public" is up to date. No migration necessary.
2026-02-01T10:44:33.831Z  INFO 13908 --- [api.giybat.uz] [main] o.hibernate.jpa.internal.util.LogHelper  : HHH000204: Processing PersistenceUnitInfo [name: default]
2026-02-01T10:44:33.912Z  INFO 13908 --- [api.giybat.uz] [main] org.hibernate.Version                    : HHH000412: Hibernate ORM core version 6.6.5.Final
2026-02-01T10:44:33.961Z  INFO 13908 --- [api.giybat.uz] [main] o.h.c.internal.RegionFactoryInitiator    : HHH000026: Second-level cache disabled
2026-02-01T10:44:34.363Z  INFO 13908 --- [api.giybat.uz] [main] o.s.o.j.p.SpringPersistenceUnitInfo      : No LoadTimeWeaver setup: ignoring JPA class transformer
2026-02-01T10:44:34.426Z  WARN 13908 --- [api.giybat.uz] [main] org.hibernate.orm.deprecation            : HHH90000025: PostgreSQLDialect does not need to be specified explicitly using 'hibernate.dialect' (remove the property setting and it will be selected by default)
2026-02-01T10:44:34.442Z  INFO 13908 --- [api.giybat.uz] [main] org.hibernate.orm.connections.pooling    : HHH10001005: Database info:
	Database JDBC URL [Connecting through datasource 'HikariDataSource (HikariPool-1)']
	Database driver: undefined/unknown
	Database version: 14.20
	Autocommit mode: undefined/unknown
	Isolation level: undefined/unknown
	Minimum pool size: undefined/unknown
	Maximum pool size: undefined/unknown
2026-02-01T10:44:35.427Z  INFO 13908 --- [api.giybat.uz] [main] o.h.e.t.j.p.i.JtaPlatformInitiator       : HHH000489: No JTA platform available (set 'hibernate.transaction.jta.platform' to enable JTA platform integration)
2026-02-01T10:44:35.707Z  INFO 13908 --- [api.giybat.uz] [main] j.LocalContainerEntityManagerFactoryBean : Initialized JPA EntityManagerFactory for persistence unit 'default'
2026-02-01T10:44:35.918Z  INFO 13908 --- [api.giybat.uz] [main] o.s.d.j.r.query.QueryEnhancerFactory     : Hibernate is in classpath; If applicable, HQL parser will be used.
2026-02-01T10:44:36.846Z DEBUG 13908 --- [api.giybat.uz] [main] a.g.uz.config.JwtAuthenticationFilter    : Filter 'jwtAuthenticationFilter' configured for use
2026-02-01T10:44:37.621Z  WARN 13908 --- [api.giybat.uz] [main] JpaBaseConfiguration$JpaWebConfiguration : spring.jpa.open-in-view is enabled by default. Therefore, database queries may be performed during view rendering. Explicitly configure spring.jpa.open-in-view to disable this warning
2026-02-01T10:44:37.649Z  INFO 13908 --- [api.giybat.uz] [main] eAuthenticationProviderManagerConfigurer : Global AuthenticationManager configured with AuthenticationProvider bean with name authenticationProvider
2026-02-01T10:44:37.650Z  WARN 13908 --- [api.giybat.uz] [main] r$InitializeUserDetailsManagerConfigurer : Global AuthenticationManager configured with an AuthenticationProvider bean. UserDetailsService beans will not be used by Spring Security for automatically configuring username/password login. Consider removing the AuthenticationProvider bean. Alternatively, consider using the UserDetailsService in a manually instantiated DaoAuthenticationProvider. If the current configuration is intentional, to turn off this warning, increase the logging level of 'org.springframework.security.config.annotation.authentication.configuration.InitializeUserDetailsBeanManagerConfigurer' to ERROR
2026-02-01T10:44:38.283Z  INFO 13908 --- [api.giybat.uz] [main] o.s.b.w.embedded.tomcat.TomcatWebServer  : Tomcat started on port 8080 (http) with context path '/'
2026-02-01T10:44:38.295Z  INFO 13908 --- [api.giybat.uz] [main] api.giybat.uz.Application                : Started Application in 7.205 seconds (process running for 7.938)
2026-02-01T10:44:38.309Z  INFO 13908 --- [api.giybat.uz] [main] org.flywaydb.core.FlywayExecutor         : Database: jdbc:postgresql://localhost:5432/giybat_db (PostgreSQL 14.20)
2026-02-01T10:44:38.317Z  INFO 13908 --- [api.giybat.uz] [main] o.f.core.internal.command.DbValidate     : Successfully validated 2 migrations (execution time 00:00.003s)
2026-02-01T10:44:38.323Z  INFO 13908 --- [api.giybat.uz] [main] o.f.core.internal.command.DbMigrate      : Current version of schema "public": 2
2026-02-01T10:44:38.324Z  INFO 13908 --- [api.giybat.uz] [main] o.f.core.internal.command.DbMigrate      : Schema "public" is up to date. No migration necessary.
2026-02-01T10:45:00.898Z  INFO 13908 --- [api.giybat.uz] [http-nio-8080-exec-1] o.a.c.c.C.[Tomcat].[localhost].[/]       : Initializing Spring DispatcherServlet 'dispatcherServlet'
2026-02-01T10:45:00.900Z  INFO 13908 --- [api.giybat.uz] [http-nio-8080-exec-1] o.s.web.servlet.DispatcherServlet        : Initializing Servlet 'dispatcherServlet'
2026-02-01T10:45:00.904Z  INFO 13908 --- [api.giybat.uz] [http-nio-8080-exec-1] o.s.web.servlet.DispatcherServlet        : Completed initialization in 4 ms
2026-02-01T10:45:01.158Z  INFO 13908 --- [api.giybat.uz] [http-nio-8080-exec-3] a.giybat.uz.controller.AuthController    : Login: username: muzaffarmike2@gmail.com
2026-02-01T10:45:02.139Z  INFO 13908 --- [api.giybat.uz] [http-nio-8080-exec-5] a.giybat.uz.controller.PostController    : Get profile's own posts: 
2026-02-01T10:45:02.186Z  WARN 13908 --- [api.giybat.uz] [http-nio-8080-exec-5] ration$PageModule$WarningLoggingModifier : Serializing PageImpl instances as-is is not supported, meaning that there is no guarantee about the stability of the resulting JSON structure!
	For a stable JSON structure, please use Spring Data's PagedModel (globally via @EnableSpringDataWebSupport(pageSerializationMode = VIA_DTO))
	or Spring HATEOAS and Spring Data's PagedResourcesAssembler as documented in https://docs.spring.io/spring-data/commons/reference/repositories/core-extensions.html#core.web.pageables.

2026-02-01T10:45:10.231Z  INFO 13908 --- [api.giybat.uz] [http-nio-8080-exec-10] a.giybat.uz.controller.PostController    : Get profile's own posts: 
2026-02-01T10:45:19.860Z  INFO 13908 --- [api.giybat.uz] [http-nio-8080-exec-3] a.giybat.uz.controller.PostController    : Get post by id: 2405022f-2dcf-4bc7-8c96-54a9ce28da39
2026-02-01T10:45:37.763Z  INFO 13908 --- [api.giybat.uz] [http-nio-8080-exec-7] a.giybat.uz.controller.PostController    : Get profile's own posts: 
2026-02-01T10:45:41.114Z  INFO 13908 --- [api.giybat.uz] [http-nio-8080-exec-9] a.giybat.uz.controller.PostController    : Get profile's own posts: 
2026-02-01T10:45:59.022Z  WARN 13908 --- [api.giybat.uz] [http-nio-8080-exec-1] com.amazonaws.util.Base64                : JAXB is unavailable. Will fallback to SDK implementation which may be less performant.If you are using Java 9+, you will need to include javax.xml.bind:jaxb-api as a dependency.
2026-02-01T10:45:59.131Z ERROR 13908 --- [api.giybat.uz] [http-nio-8080-exec-2] api.giybat.uz.service.ProfileService     : No profile found with id: ba765b2b-53eb-410f-a92c-ca451681bae1
2026-02-01T10:45:59.167Z  INFO 13908 --- [api.giybat.uz] [http-nio-8080-exec-2] a.g.uz.controller.ProfileController      : Profile photo updated
2026-02-01T10:46:12.690Z  INFO 13908 --- [api.giybat.uz] [http-nio-8080-exec-8] a.giybat.uz.controller.PostController    : Filter posts: 
2026-02-01T10:46:19.545Z  INFO 13908 --- [api.giybat.uz] [http-nio-8080-exec-9] a.giybat.uz.controller.PostController    : Filter posts: 
2026-02-01T10:48:03.241Z  INFO 13908 --- [api.giybat.uz] [SpringApplicationShutdownHook] o.s.b.w.e.tomcat.GracefulShutdown        : Commencing graceful shutdown. Waiting for active requests to complete
2026-02-01T10:48:03.384Z  INFO 13908 --- [api.giybat.uz] [tomcat-shutdown] o.s.b.w.e.tomcat.GracefulShutdown        : Graceful shutdown complete
2026-02-01T10:48:03.403Z  INFO 13908 --- [api.giybat.uz] [SpringApplicationShutdownHook] j.LocalContainerEntityManagerFactoryBean : Closing JPA EntityManagerFactory for persistence unit 'default'
2026-02-01T10:48:03.403Z  INFO 13908 --- [api.giybat.uz] [SpringApplicationShutdownHook] com.zaxxer.hikari.HikariDataSource       : HikariPool-1 - Shutdown initiated...
2026-02-01T10:48:03.418Z  INFO 13908 --- [api.giybat.uz] [SpringApplicationShutdownHook] com.zaxxer.hikari.HikariDataSource       : HikariPool-1 - Shutdown completed.
2026-02-01T10:48:10.006Z  INFO 5124 --- [api.giybat.uz] [main] api.giybat.uz.Application                : Starting Application using Java 17.0.11 with PID 5124 (D:\Programs\GIYBAT.UZ\api.giybat.uz\target\classes started by adilo in D:\Programs\GIYBAT.UZ)
2026-02-01T10:48:10.010Z DEBUG 5124 --- [api.giybat.uz] [main] api.giybat.uz.Application                : Running with Spring Boot v3.4.2, Spring v6.2.2
2026-02-01T10:48:10.011Z  INFO 5124 --- [api.giybat.uz] [main] api.giybat.uz.Application                : The following 1 profile is active: "local"
2026-02-01T10:48:10.950Z  INFO 5124 --- [api.giybat.uz] [main] .s.d.r.c.RepositoryConfigurationDelegate : Bootstrapping Spring Data JPA repositories in DEFAULT mode.
2026-02-01T10:48:11.011Z  INFO 5124 --- [api.giybat.uz] [main] .s.d.r.c.RepositoryConfigurationDelegate : Finished Spring Data repository scanning in 52 ms. Found 7 JPA repository interfaces.
2026-02-01T10:48:12.840Z  INFO 1244 --- [api.giybat.uz] [main] api.giybat.uz.Application                : Starting Application using Java 17.0.11 with PID 1244 (D:\Programs\GIYBAT.UZ\api.giybat.uz\target\classes started by adilo in D:\Programs\GIYBAT.UZ)
2026-02-01T10:48:12.844Z DEBUG 1244 --- [api.giybat.uz] [main] api.giybat.uz.Application                : Running with Spring Boot v3.4.2, Spring v6.2.2
2026-02-01T10:48:12.845Z  INFO 1244 --- [api.giybat.uz] [main] api.giybat.uz.Application                : The following 1 profile is active: "local"
2026-02-01T10:48:13.731Z  INFO 1244 --- [api.giybat.uz] [main] .s.d.r.c.RepositoryConfigurationDelegate : Bootstrapping Spring Data JPA repositories in DEFAULT mode.
2026-02-01T10:48:13.812Z  INFO 1244 --- [api.giybat.uz] [main] .s.d.r.c.RepositoryConfigurationDelegate : Finished Spring Data repository scanning in 71 ms. Found 7 JPA repository interfaces.
2026-02-01T10:48:14.345Z  INFO 1244 --- [api.giybat.uz] [main] o.s.b.w.embedded.tomcat.TomcatWebServer  : Tomcat initialized with port 8080 (http)
2026-02-01T10:48:14.425Z  INFO 1244 --- [api.giybat.uz] [main] w.s.c.ServletWebServerApplicationContext : Root WebApplicationContext: initialization completed in 1527 ms
2026-02-01T10:48:14.616Z  INFO 1244 --- [api.giybat.uz] [main] com.zaxxer.hikari.HikariDataSource       : HikariPool-1 - Starting...
2026-02-01T10:48:14.765Z  INFO 1244 --- [api.giybat.uz] [main] com.zaxxer.hikari.pool.HikariPool        : HikariPool-1 - Added connection org.postgresql.jdbc.PgConnection@1182d1df
2026-02-01T10:48:14.766Z  INFO 1244 --- [api.giybat.uz] [main] com.zaxxer.hikari.HikariDataSource       : HikariPool-1 - Start completed.
2026-02-01T10:48:14.795Z  INFO 1244 --- [api.giybat.uz] [main] org.flywaydb.core.FlywayExecutor         : Database: jdbc:postgresql://localhost:5432/giybat_db (PostgreSQL 14.20)
2026-02-01T10:48:14.852Z  INFO 1244 --- [api.giybat.uz] [main] o.f.core.internal.command.DbValidate     : Successfully validated 2 migrations (execution time 00:00.036s)
2026-02-01T10:48:14.907Z  INFO 1244 --- [api.giybat.uz] [main] o.f.core.internal.command.DbMigrate      : Current version of schema "public": 2
2026-02-01T10:48:14.913Z  INFO 1244 --- [api.giybat.uz] [main] o.f.core.internal.command.DbMigrate      : Schema "public" is up to date. No migration necessary.
2026-02-01T10:48:15.002Z  INFO 1244 --- [api.giybat.uz] [main] o.hibernate.jpa.internal.util.LogHelper  : HHH000204: Processing PersistenceUnitInfo [name: default]
2026-02-01T10:48:15.084Z  INFO 1244 --- [api.giybat.uz] [main] org.hibernate.Version                    : HHH000412: Hibernate ORM core version 6.6.5.Final
2026-02-01T10:48:15.127Z  INFO 1244 --- [api.giybat.uz] [main] o.h.c.internal.RegionFactoryInitiator    : HHH000026: Second-level cache disabled
2026-02-01T10:48:15.408Z  INFO 1244 --- [api.giybat.uz] [main] o.s.o.j.p.SpringPersistenceUnitInfo      : No LoadTimeWeaver setup: ignoring JPA class transformer
2026-02-01T10:48:15.477Z  WARN 1244 --- [api.giybat.uz] [main] org.hibernate.orm.deprecation            : HHH90000025: PostgreSQLDialect does not need to be specified explicitly using 'hibernate.dialect' (remove the property setting and it will be selected by default)
2026-02-01T10:48:15.495Z  INFO 1244 --- [api.giybat.uz] [main] org.hibernate.orm.connections.pooling    : HHH10001005: Database info:
	Database JDBC URL [Connecting through datasource 'HikariDataSource (HikariPool-1)']
	Database driver: undefined/unknown
	Database version: 14.20
	Autocommit mode: undefined/unknown
	Isolation level: undefined/unknown
	Minimum pool size: undefined/unknown
	Maximum pool size: undefined/unknown
2026-02-01T10:48:16.602Z  INFO 1244 --- [api.giybat.uz] [main] o.h.e.t.j.p.i.JtaPlatformInitiator       : HHH000489: No JTA platform available (set 'hibernate.transaction.jta.platform' to enable JTA platform integration)
2026-02-01T10:48:16.874Z  INFO 1244 --- [api.giybat.uz] [main] j.LocalContainerEntityManagerFactoryBean : Initialized JPA EntityManagerFactory for persistence unit 'default'
2026-02-01T10:48:17.094Z  INFO 1244 --- [api.giybat.uz] [main] o.s.d.j.r.query.QueryEnhancerFactory     : Hibernate is in classpath; If applicable, HQL parser will be used.
2026-02-01T10:48:18.112Z DEBUG 1244 --- [api.giybat.uz] [main] a.g.uz.config.JwtAuthenticationFilter    : Filter 'jwtAuthenticationFilter' configured for use
2026-02-01T10:48:18.123Z  WARN 1244 --- [api.giybat.uz] [main] ConfigServletWebServerApplicationContext : Exception encountered during context initialization - cancelling refresh attempt: org.springframework.beans.factory.BeanCreationException: Error creating bean with name 's3Config': Injection of autowired dependencies failed
2026-02-01T10:48:18.124Z  INFO 1244 --- [api.giybat.uz] [main] j.LocalContainerEntityManagerFactoryBean : Closing JPA EntityManagerFactory for persistence unit 'default'
2026-02-01T10:48:18.127Z  INFO 1244 --- [api.giybat.uz] [main] com.zaxxer.hikari.HikariDataSource       : HikariPool-1 - Shutdown initiated...
2026-02-01T10:48:18.131Z  INFO 1244 --- [api.giybat.uz] [main] com.zaxxer.hikari.HikariDataSource       : HikariPool-1 - Shutdown completed.
2026-02-01T10:48:23.831Z  INFO 22004 --- [api.giybat.uz] [main] api.giybat.uz.Application                : Starting Application using Java 17.0.11 with PID 22004 (D:\Programs\GIYBAT.UZ\api.giybat.uz\target\classes started by adilo in D:\Programs\GIYBAT.UZ)
2026-02-01T10:48:23.833Z DEBUG 22004 --- [api.giybat.uz] [main] api.giybat.uz.Application                : Running with Spring Boot v3.4.2, Spring v6.2.2
2026-02-01T10:48:23.834Z  INFO 22004 --- [api.giybat.uz] [main] api.giybat.uz.Application                : The following 1 profile is active: "local"
2026-02-01T10:48:24.678Z  INFO 22004 --- [api.giybat.uz] [main] .s.d.r.c.RepositoryConfigurationDelegate : Bootstrapping Spring Data JPA repositories in DEFAULT mode.
2026-02-01T10:48:24.732Z  INFO 22004 --- [api.giybat.uz] [main] .s.d.r.c.RepositoryConfigurationDelegate : Finished Spring Data repository scanning in 46 ms. Found 7 JPA repository interfaces.
2026-02-01T10:48:25.214Z  INFO 22004 --- [api.giybat.uz] [main] o.s.b.w.embedded.tomcat.TomcatWebServer  : Tomcat initialized with port 8080 (http)
2026-02-01T10:48:25.222Z  INFO 22004 --- [api.giybat.uz] [main] o.apache.catalina.core.StandardService   : Starting service [Tomcat]
2026-02-01T10:48:25.223Z  INFO 22004 --- [api.giybat.uz] [main] o.apache.catalina.core.StandardEngine    : Starting Servlet engine: [Apache Tomcat/10.1.34]
2026-02-01T10:48:25.279Z  INFO 22004 --- [api.giybat.uz] [main] o.a.c.c.C.[Tomcat].[localhost].[/]       : Initializing Spring embedded WebApplicationContext
2026-02-01T10:48:25.279Z  INFO 22004 --- [api.giybat.uz] [main] w.s.c.ServletWebServerApplicationContext : Root WebApplicationContext: initialization completed in 1406 ms
2026-02-01T10:48:25.461Z  INFO 22004 --- [api.giybat.uz] [main] com.zaxxer.hikari.HikariDataSource       : HikariPool-1 - Starting...
2026-02-01T10:48:25.638Z  INFO 22004 --- [api.giybat.uz] [main] com.zaxxer.hikari.pool.HikariPool        : HikariPool-1 - Added connection org.postgresql.jdbc.PgConnection@52c46334
2026-02-01T10:48:25.640Z  INFO 22004 --- [api.giybat.uz] [main] com.zaxxer.hikari.HikariDataSource       : HikariPool-1 - Start completed.
2026-02-01T10:48:25.663Z  INFO 22004 --- [api.giybat.uz] [main] org.flywaydb.core.FlywayExecutor         : Database: jdbc:postgresql://localhost:5432/giybat_db (PostgreSQL 14.20)
2026-02-01T10:48:25.709Z  INFO 22004 --- [api.giybat.uz] [main] o.f.core.internal.command.DbValidate     : Successfully validated 2 migrations (execution time 00:00.024s)
2026-02-01T10:48:25.774Z  INFO 22004 --- [api.giybat.uz] [main] o.f.core.internal.command.DbMigrate      : Current version of schema "public": 2
2026-02-01T10:48:25.777Z  INFO 22004 --- [api.giybat.uz] [main] o.f.core.internal.command.DbMigrate      : Schema "public" is up to date. No migration necessary.
2026-02-01T10:48:25.851Z  INFO 22004 --- [api.giybat.uz] [main] o.hibernate.jpa.internal.util.LogHelper  : HHH000204: Processing PersistenceUnitInfo [name: default]
2026-02-01T10:48:25.917Z  INFO 22004 --- [api.giybat.uz] [main] org.hibernate.Version                    : HHH000412: Hibernate ORM core version 6.6.5.Final
2026-02-01T10:48:25.946Z  INFO 22004 --- [api.giybat.uz] [main] o.h.c.internal.RegionFactoryInitiator    : HHH000026: Second-level cache disabled
2026-02-01T10:48:26.157Z  INFO 22004 --- [api.giybat.uz] [main] o.s.o.j.p.SpringPersistenceUnitInfo      : No LoadTimeWeaver setup: ignoring JPA class transformer
2026-02-01T10:48:26.205Z  WARN 22004 --- [api.giybat.uz] [main] org.hibernate.orm.deprecation            : HHH90000025: PostgreSQLDialect does not need to be specified explicitly using 'hibernate.dialect' (remove the property setting and it will be selected by default)
2026-02-01T10:48:26.217Z  INFO 22004 --- [api.giybat.uz] [main] org.hibernate.orm.connections.pooling    : HHH10001005: Database info:
	Database JDBC URL [Connecting through datasource 'HikariDataSource (HikariPool-1)']
	Database driver: undefined/unknown
	Database version: 14.20
	Autocommit mode: undefined/unknown
	Isolation level: undefined/unknown
	Minimum pool size: undefined/unknown
	Maximum pool size: undefined/unknown
2026-02-01T10:48:27.058Z  INFO 22004 --- [api.giybat.uz] [main] o.h.e.t.j.p.i.JtaPlatformInitiator       : HHH000489: No JTA platform available (set 'hibernate.transaction.jta.platform' to enable JTA platform integration)
2026-02-01T10:48:27.280Z  INFO 22004 --- [api.giybat.uz] [main] j.LocalContainerEntityManagerFactoryBean : Initialized JPA EntityManagerFactory for persistence unit 'default'
2026-02-01T10:48:27.454Z  INFO 22004 --- [api.giybat.uz] [main] o.s.d.j.r.query.QueryEnhancerFactory     : Hibernate is in classpath; If applicable, HQL parser will be used.
2026-02-01T10:48:28.390Z DEBUG 22004 --- [api.giybat.uz] [main] a.g.uz.config.JwtAuthenticationFilter    : Filter 'jwtAuthenticationFilter' configured for use
2026-02-01T10:48:28.399Z  WARN 22004 --- [api.giybat.uz] [main] ConfigServletWebServerApplicationContext : Exception encountered during context initialization - cancelling refresh attempt: org.springframework.beans.factory.BeanCreationException: Error creating bean with name 's3Config': Injection of autowired dependencies failed
2026-02-01T10:48:28.400Z  INFO 22004 --- [api.giybat.uz] [main] j.LocalContainerEntityManagerFactoryBean : Closing JPA EntityManagerFactory for persistence unit 'default'
2026-02-01T10:48:28.403Z  INFO 22004 --- [api.giybat.uz] [main] com.zaxxer.hikari.HikariDataSource       : HikariPool-1 - Shutdown initiated...
2026-02-01T10:48:28.411Z  INFO 22004 --- [api.giybat.uz] [main] com.zaxxer.hikari.HikariDataSource       : HikariPool-1 - Shutdown completed.
2026-02-01T10:48:28.413Z  INFO 22004 --- [api.giybat.uz] [main] o.apache.catalina.core.StandardService   : Stopping service [Tomcat]
2026-02-01T10:48:28.425Z  INFO 22004 --- [api.giybat.uz] [main] .s.b.a.l.ConditionEvaluationReportLogger : 

Error starting ApplicationContext. To display the condition evaluation report re-run your application with 'debug' enabled.
2026-02-01T10:48:28.439Z ERROR 22004 --- [api.giybat.uz] [main] o.s.boot.SpringApplication               : Application run failed

org.springframework.beans.factory.BeanCreationException: Error creating bean with name 's3Config': Injection of autowired dependencies failed
	at org.springframework.beans.factory.annotation.AutowiredAnnotationBeanPostProcessor.postProcessProperties(AutowiredAnnotationBeanPostProcessor.java:515) ~[spring-beans-6.2.2.jar:6.2.2]
	at org.springframework.beans.factory.support.AbstractAutowireCapableBeanFactory.populateBean(AbstractAutowireCapableBeanFactory.java:1445) ~[spring-beans-6.2.2.jar:6.2.2]
	at org.springframework.beans.factory.support.AbstractAutowireCapableBeanFactory.doCreateBean(AbstractAutowireCapableBeanFactory.java:600) ~[spring-beans-6.2.2.jar:6.2.2]
	at org.springframework.beans.factory.support.AbstractAutowireCapableBeanFactory.createBean(AbstractAutowireCapableBeanFactory.java:523) ~[spring-beans-6.2.2.jar:6.2.2]
	at org.springframework.beans.factory.support.AbstractBeanFactory.lambda$doGetBean$0(AbstractBeanFactory.java:336) ~[spring-beans-6.2.2.jar:6.2.2]
	at org.springframework.beans.factory.support.DefaultSingletonBeanRegistry.getSingleton(DefaultSingletonBeanRegistry.java:307) ~[spring-beans-6.2.2.jar:6.2.2]
	at org.springframework.beans.factory.support.AbstractBeanFactory.doGetBean(AbstractBeanFactory.java:334) ~[spring-beans-6.2.2.jar:6.2.2]
	at org.springframework.beans.factory.support.AbstractBeanFactory.getBean(AbstractBeanFactory.java:199) ~[spring-beans-6.2.2.jar:6.2.2]
	at org.springframework.beans.factory.support.DefaultListableBeanFactory.instantiateSingleton(DefaultListableBeanFactory.java:1122) ~[spring-beans-6.2.2.jar:6.2.2]
	at org.springframework.beans.factory.support.DefaultListableBeanFactory.preInstantiateSingleton(DefaultListableBeanFactory.java:1093) ~[spring-beans-6.2.2.jar:6.2.2]
	at org.springframework.beans.factory.support.DefaultListableBeanFactory.preInstantiateSingletons(DefaultListableBeanFactory.java:1030) ~[spring-beans-6.2.2.jar:6.2.2]
	at org.springframework.context.support.AbstractApplicationContext.finishBeanFactoryInitialization(AbstractApplicationContext.java:987) ~[spring-context-6.2.2.jar:6.2.2]
	at org.springframework.context.support.AbstractApplicationContext.refresh(AbstractApplicationContext.java:627) ~[spring-context-6.2.2.jar:6.2.2]
	at org.springframework.boot.web.servlet.context.ServletWebServerApplicationContext.refresh(ServletWebServerApplicationContext.java:146) ~[spring-boot-3.4.2.jar:3.4.2]
	at org.springframework.boot.SpringApplication.refresh(SpringApplication.java:752) ~[spring-boot-3.4.2.jar:3.4.2]
	at org.springframework.boot.SpringApplication.refreshContext(SpringApplication.java:439) ~[spring-boot-3.4.2.jar:3.4.2]
	at org.springframework.boot.SpringApplication.run(SpringApplication.java:318) ~[spring-boot-3.4.2.jar:3.4.2]
	at org.springframework.boot.SpringApplication.run(SpringApplication.java:1361) ~[spring-boot-3.4.2.jar:3.4.2]
	at org.springframework.boot.SpringApplication.run(SpringApplication.java:1350) ~[spring-boot-3.4.2.jar:3.4.2]
	at api.giybat.uz.Application.main(Application.java:31) ~[classes/:na]
Caused by: org.springframework.util.PlaceholderResolutionException: Could not resolve placeholder 'AWS_ACCESS_KEY' in value "${AWS_ACCESS_KEY}" <-- "${aws.s3.accessKey}"
	at org.springframework.util.PlaceholderResolutionException.withValue(PlaceholderResolutionException.java:81) ~[spring-core-6.2.2.jar:6.2.2]
	at org.springframework.util.PlaceholderParser$ParsedValue.resolve(PlaceholderParser.java:416) ~[spring-core-6.2.2.jar:6.2.2]
	at org.springframework.util.PlaceholderParser.replacePlaceholders(PlaceholderParser.java:128) ~[spring-core-6.2.2.jar:6.2.2]
	at org.springframework.util.PropertyPlaceholderHelper.parseStringValue(PropertyPlaceholderHelper.java:118) ~[spring-core-6.2.2.jar:6.2.2]
	at org.springframework.util.PropertyPlaceholderHelper.replacePlaceholders(PropertyPlaceholderHelper.java:114) ~[spring-core-6.2.2.jar:6.2.2]
	at org.springframework.core.env.AbstractPropertyResolver.doResolvePlaceholders(AbstractPropertyResolver.java:255) ~[spring-core-6.2.2.jar:6.2.2]
	at org.springframework.core.env.AbstractPropertyResolver.resolveRequiredPlaceholders(AbstractPropertyResolver.java:226) ~[spring-core-6.2.2.jar:6.2.2]
	at org.springframework.context.support.PropertySourcesPlaceholderConfigurer.lambda$processProperties$0(PropertySourcesPlaceholderConfigurer.java:201) ~[spring-context-6.2.2.jar:6.2.2]
	at org.springframework.beans.factory.support.AbstractBeanFactory.resolveEmbeddedValue(AbstractBeanFactory.java:963) ~[spring-beans-6.2.2.jar:6.2.2]
	at org.springframework.beans.factory.support.DefaultListableBeanFactory.doResolveDependency(DefaultListableBeanFactory.java:1541) ~[spring-beans-6.2.2.jar:6.2.2]
	at org.springframework.beans.factory.support.DefaultListableBeanFactory.resolveDependency(DefaultListableBeanFactory.java:1519) ~[spring-beans-6.2.2.jar:6.2.2]
	at org.springframework.beans.factory.annotation.AutowiredAnnotationBeanPostProcessor$AutowiredFieldElement.resolveFieldValue(AutowiredAnnotationBeanPostProcessor.java:785) ~[spring-beans-6.2.2.jar:6.2.2]
	at org.springframework.beans.factory.annotation.AutowiredAnnotationBeanPostProcessor$AutowiredFieldElement.inject(AutowiredAnnotationBeanPostProcessor.java:768) ~[spring-beans-6.2.2.jar:6.2.2]
	at org.springframework.beans.factory.annotation.InjectionMetadata.inject(InjectionMetadata.java:146) ~[spring-beans-6.2.2.jar:6.2.2]
	at org.springframework.beans.factory.annotation.AutowiredAnnotationBeanPostProcessor.postProcessProperties(AutowiredAnnotationBeanPostProcessor.java:509) ~[spring-beans-6.2.2.jar:6.2.2]
	... 19 common frames omitted

